
 Primary working directories    : /home/tmp/molpro/molpro.80hHm7pbfF
 Secondary working directories  : /home/tmp/molpro/molpro.80hHm7pbfF
 Wavefunction directory         : /root/wfu/
 Main file repository           : /home/tmp/molpro/molpro.PSlkaKekaN/

 id        : scuxyl

 Nodes                nprocs
 localhost.localdomain    8
 Wavefunction directory         : /root/wfu/
 Main file repository           : /home/tmp/molpro/molpro.80hHm7pbfF/

 id        : scuxyl

 Nodes                nprocs
 localhost.localdomain    8

 Using customized tuning parameters: mindgm=1; mindgv=20; mindgc=4; mindgr=1; noblas=0; minvec=7
 default implementation of scratch files=sf  


 Variables initialized (934), CPU time= 0.01 sec
 ***,[H][H]
 
 geometry={
 H        0.000000        0.000000        0.370290
 H        0.000000        0.000000       -0.370290
 }
 
 basis=vdz
 {hf;wf,2,spin,0,state,1}
 ccsd(t)
 
 basis=vtz
 hf
 ccsd(t)
 
 basis=vqz
 hf
*************************************************************************
 LABEL *   CCCC                                                                          
  64 bit mpp version                                                                     DATE: 25-Jul-22          TIME: 14:44:08  
 **********************************************************************************************************************************

 SHA1:             8135a10abc80eafa5b3ae28ffc55be4890dc4c84
 **********************************************************************************************************************************
 Commands  initialized (763), CPU time= 0.02 sec, 617 directives.
 Default parameters read. Elapsed time= 0.09 sec
                             Copyright, TTI GmbH Stuttgart, 2015
                                    Version 2019.2 linked Jun  8 2019 11:26:33


 **********************************************************************************************************************************
 LABEL *   CCCC1=CC=CC=C1                                                                
  64 bit mpp version                                                                     DATE: 25-Jul-22          TIME: 14:44:08  
 **********************************************************************************************************************************

 SHA1:             8135a10abc80eafa5b3ae28ffc55be4890dc4c84
 **********************************************************************************************************************************
1.821416" z3="0.0"/>
     <cml:atom id="a2" elementType="C" x3="0.70477" y3="-1.821416" z3="0.0"/>
     <cml:atom id="a3" elementType="C" x3="-0.70477" y3="0.294237" z3="0.0"/>
     <cml:atom id="a4" elementType="C" x3="0.70477" y3="-0.294237" z3="0.0"/>
     <cml:atom id="a5" elementType="H" x3="-1.719743" y3="2.223692" z3="0.0"/>
     <cml:atom id="a6" elementType="H" x3="1.719743" y3="-2.223692" z3="0.0"/>
     <cml:atom id="a7" elementType="H" x3="-0.190074" y3="2.210006" z3="-0.88254"/>
     <cml:atom id="a8" elementType="H" x3="-0.190074" y3="2.210006" z3="0.88254"/>
     <cml:atom id="a9" elementType="H" x3="0.190074" y3="-2.210006" z3="0.88254"/>
     <cml:atom id="a10" elementType="H" x3="0.190074" y3="-2.210006" z3="-0.88254"/>
     <cml:atom id="a11" elementType="H" x3="-1.24729" y3="-0.75087E-01" z3="-0.876992"/>
     <cml:atom id="a12" elementType="H" x3="-1.24729" y3="-0.75087E-01" z3="0.876992"/>
     <cml:atom id="a13" elementType="H" x3="1.24729" y3="0.75087E-01" z3="0.876992"/>
     <cml:atom id="a14" elementType="H" x3="1.24729" y3="0.75087E-01" z3="-0.876992"/>
    </cml:atomArray>
    <cml:bondArray>
     <cml:bond atomRefs2="a1 a3"/>
     <cml:bond atomRefs2="a2 a4"/>
     <cml:bond atomRefs2="a3 a4"/>
     <cml:bond atomRefs2="a1 a5"/>
     <cml:bond atomRefs2="a2 a6"/>
     <cml:bond atomRefs2="a1 a7"/>
     <cml:bond atomRefs2="a1 a8"/>
     <cml:bond atomRefs2="a2 a9"/>
     <cml:bond atomRefs2="a2 a10"/>
     <cml:bond atomRefs2="a3 a11"/>
     <cml:bond atomRefs2="a3 a12"/>
     <cml:bond atomRefs2="a4 a13"/>
     <cml:bond atomRefs2="a4 a14"/>
    </cml:bondArray>
   </cml:molecule><!--

 ATOMIC COORDINATES

 NR  ATOM    CHARGE       X              Y              Z

   1  C       6.00   -1.331822281    3.441977399    0.000000000
   2  C       6.00    1.331822281   -3.441977399    0.000000000
   3  C       6.00   -1.331822281    0.556027346    0.000000000
   4  C       6.00    1.331822281   -0.556027346    0.000000000
   5  H       1.00   -3.249843275    4.202168865    0.000000000
   6  H       1.00    3.249843275   -4.202168865    0.000000000
   7  H       1.00   -0.359187803    4.176306074   -1.667758894
   8  H       1.00   -0.359187803    4.176306074    1.667758894
   9  H       1.00    0.359187803   -4.176306074    1.667758894
  10  H       1.00    0.359187803   -4.176306074   -1.667758894
  11  H       1.00   -2.357036498   -0.141893866   -1.657274693
  12  H       1.00   -2.357036498   -0.141893866    1.657274693
  13  H       1.00    2.357036498    0.141893866    1.657274693
  14  H       1.00    2.357036498    0.141893866   -1.657274693

 Bond lengths in Bohr (Angstrom)

 1-3  2.885950053  1-5  2.063176095  1-7  2.065593415  1-8  2.065593415  2-4  2.885950053
     ( 1.527179000)     ( 1.091785772)     ( 1.093064962)     ( 1.093064962)     ( 1.527179000)

  2- 6  2.063176095   2- 9  2.065593415   2-10  2.065593415   3- 4  2.886462885   3-11  2.069955946
       ( 1.091785772)       ( 1.093064962)       ( 1.093064962)       ( 1.527450379)       ( 1.095373514)

  3-12  2.069955946   4-13  2.069955946   4-14  2.069955946
       ( 1.095373514)       ( 1.095373514)       ( 1.095373514)

 Bond angles

  1- 3- 4  112.66022650   1- 3-11  109.70437711   1- 3-12  109.70437711   2- 4- 3  112.66022650

  2- 4-13  109.70437711   2- 4-14  109.70437711   3- 1- 5  111.62048170   3- 1- 7  110.82439450

  3- 1- 8  110.82439450   3- 4-13  109.09595623   3- 4-14  109.09595623   4- 2- 6  111.62048170

  4- 2- 9  110.82439450   4- 2-10  110.82439450   4- 3-11  109.09595623   4- 3-12  109.09595623

  5- 1- 7  107.86392701   5- 1- 8  107.86392701   6- 2- 9  107.86392701   6- 2-10  107.86392701

  7- 1- 8  107.68523774   9- 2-10  107.68523774  11- 3-12  106.38115207  13- 4-14  106.38115207

 NUCLEAR CHARGE:                   34
 NUMBER OF PRIMITIVE AOS:         178
 NUMBER OF SYMMETRY AOS:          174
 NUMBER OF CONTRACTIONS:          106   (   34Ag  +   19Au  +   34Bu  +   19Bg  )
 NUMBER OF CORE ORBITALS:           4   (    2Ag  +    0Au  +    2Bu  +    0Bg  )
 NUMBER OF VALENCE ORBITALS:       26   (    9Ag  +    4Au  +    9Bu  +    4Bg  )


 NUCLEAR REPULSION ENERGY  130.76055903

 Eigenvalues of metric

         1 0.510E-02 0.157E-01 0.206E-01 0.362E-01 0.382E-01 0.447E-01 0.500E-01 0.676E-01
         2 0.332E-01 0.345E-01 0.390E-01 0.626E-01 0.103E+00 0.157E+00 0.275E+00 0.372E+00
         3 0.261E-02 0.688E-02 0.237E-01 0.282E-01 0.362E-01 0.416E-01 0.497E-01 0.568E-01
         4 0.170E-01 0.335E-01 0.397E-01 0.455E-01 0.116E+00 0.133E+00 0.259E+00 0.310E+00


 Contracted 2-electron integrals neglected if value below      1.0D-11

 Checking input...
 Passed
1


                                         ***  PROGRAM SYSTEM MOLPRO  ***
                                       Copyright, TTI GmbH Stuttgart, 2015
                                    Version 2019.2 linked Jun  8 2019 11:26:33


 **********************************************************************************************************************************
 LABEL *   [H][H]                                                                        
  64 bit mpp version                                                                     DATE: 25-Jul-22          TIME: 14:44:08  
 **********************************************************************************************************************************

 SHA1:             8135a10abc80eafa5b3ae28ffc55be4890dc4c84
 **********************************************************************************************************************************
3.533547" z3="0.0"/>
     <cml:atom id="a2" elementType="C" x3="-1.098372" y3="-2.008886" z3="0.0"/>
     <cml:atom id="a3" elementType="C" x3="0.34463" y3="-1.487856" z3="0.0"/>
     <cml:atom id="a4" elementType="C" x3="0.402874" y3="0.18385E-01" z3="0.0"/>
     <cml:atom id="a5" elementType="C" x3="0.402338" y3="0.732586" z3="1.199033"/>
     <cml:atom id="a6" elementType="C" x3="0.402338" y3="0.732586" z3="-1.199033"/>
     <cml:atom id="a7" elementType="C" x3="0.402338" y3="2.123492" z3="1.202151"/>
     <cml:atom id="a8" elementType="C" x3="0.402338" y3="2.123492" z3="-1.202151"/>
     <cml:atom id="a9" elementType="C" x3="0.402181" y3="2.823751" z3="0.0"/>
     <cml:atom id="a10" elementType="H" x3="-2.193145" y3="-3.890316" z3="0.0"/>
     <cml:atom id="a11" elementType="H" x3="-0.66443" y3="-3.944304" z3="0.882685"/>
     <cml:atom id="a12" elementType="H" x3="-0.66443" y3="-3.944304" z3="-0.882685"/>
     <cml:atom id="a13" elementType="H" x3="-1.618646" y3="-1.609166" z3="0.876193"/>
     <cml:atom id="a14" elementType="H" x3="-1.618646" y3="-1.609166" z3="-0.876193"/>
     <cml:atom id="a15" elementType="H" x3="0.867255" y3="-1.87824" z3="-0.879271"/>
     <cml:atom id="a16" elementType="H" x3="0.867255" y3="-1.87824" z3="0.879271"/>
     <cml:atom id="a17" elementType="H" x3="0.405722" y3="0.190344" z3="2.13964"/>
     <cml:atom id="a18" elementType="H" x3="0.405722" y3="0.190344" z3="-2.13964"/>
     <cml:atom id="a19" elementType="H" x3="0.406405" y3="2.660908" z3="2.143387"/>
     <cml:atom id="a20" elementType="H" x3="0.406405" y3="2.660908" z3="-2.143387"/>
     <cml:atom id="a21" elementType="H" x3="0.405428" y3="3.907217" z3="0.0"/>
    </cml:atomArray>
    <cml:bondArray>
     <cml:bond atomRefs2="a1 a2"/>
     <cml:bond atomRefs2="a2 a3"/>
     <cml:bond atomRefs2="a3 a4"/>
     <cml:bond atomRefs2="a4 a5"/>
     <cml:bond atomRefs2="a4 a6"/>
     <cml:bond atomRefs2="a5 a7"/>
     <cml:bond atomRefs2="a6 a8"/>
     <cml:bond atomRefs2="a7 a9"/>
     <cml:bond atomRefs2="a8 a9"/>
     <cml:bond atomRefs2="a1 a10"/>
     <cml:bond atomRefs2="a1 a11"/>
     <cml:bond atomRefs2="a1 a12"/>
     <cml:bond atomRefs2="a2 a13"/>
     <cml:bond atomRefs2="a2 a14"/>
     <cml:bond atomRefs2="a3 a15"/>
     <cml:bond atomRefs2="a3 a16"/>
     <cml:bond atomRefs2="a5 a17"/>
     <cml:bond atomRefs2="a6 a18"/>
     <cml:bond atomRefs2="a7 a19"/>
     <cml:bond atomRefs2="a8 a20"/>
     <cml:bond atomRefs2="a9 a21"/>
    </cml:bondArray>
   </cml:molecule><!--

 ATOMIC COORDINATES

 NR  ATOM    CHARGE       X              Y              Z

   1  C       6.00   -2.194879099   -6.677436078    0.000000000
   2  C       6.00   -2.075622263   -3.796244355    0.000000000
   3  C       6.00    0.651256314   -2.811640353    0.000000000
   4  C       6.00    0.761321523    0.034742615    0.000000000
   5  C       6.00    0.760308630    1.384386903    2.265843984
   6  C       6.00    0.760308630    1.384386903   -2.265843984
   7  C       6.00    0.760308630    4.012818308    2.271736150
   8  C       6.00    0.760308630    4.012818308   -2.271736150
   9  C       6.00    0.760011943    5.336116034    0.000000000
  10  H       1.00   -4.144443401   -7.351631778    0.000000000
  11  H       1.00   -1.255590729   -7.453654312    1.668032904
  12  H       1.00   -1.255590729   -7.453654312   -1.668032904
  13  H       1.00   -3.058797633   -3.040883029    1.655764802
  14  H       1.00   -3.058797633   -3.040883029   -1.655764802
  15  H       1.00    1.638874430   -3.549359196   -1.661581379
  16  H       1.00    1.638874430   -3.549359196    1.661581379
  17  H       1.00    0.766703463    0.359698029    4.043333605
  18  H       1.00    0.766703463    0.359698029   -4.043333605
  19  H       1.00    0.767994146    5.028387363    4.050414409
  20  H       1.00    0.767994146    5.028387363   -4.050414409
  21  H       1.00    0.766147883    7.383570039    0.000000000

 Bond lengths in Bohr (Angstrom)

  1- 2  2.883658776   1-10  2.062847743   1-11  2.065698710   1-12  2.065698710   2- 3  2.899191580
       ( 1.525966508)       ( 1.091612015)       ( 1.093120682)       ( 1.093120682)       ( 1.534186114)

  2-13  2.068516769   2-14  2.068516769   3- 4  2.848510198   3-15  2.068929993   3-16  2.068929993
       ( 1.094611934)       ( 1.094611934)       ( 1.507366682)       ( 1.094830603)       ( 1.094830603)

  4- 5  2.637345198   4- 6  2.637345198   5- 7  2.628438009   5-17  2.051706006   6- 8  2.628438009
       ( 1.395622976)       ( 1.395622976)       ( 1.390909495)       ( 1.085716062)       ( 1.390909495)

  6-18  2.051706006   7- 9  2.629049657   7-19  2.048203095   8- 9  2.629049657   8-20  2.048203095
       ( 1.085716062)       ( 1.391233165)       ( 1.083862401)       ( 1.391233165)       ( 1.083862401)

  9-21  2.047463200
       ( 1.083470865)

 Bond angles

  1- 2- 3  112.22352068   1- 2-13  110.19408824   1- 2-14  110.19408824   2- 1-10  111.44654508

  2- 1-11  110.89393270   2- 1-12  110.89393270   2- 3- 4  112.06775115   2- 3-15  109.14071610

  2- 3-16  109.14071610   3- 2-13  108.84675671   3- 2-14  108.84675671   3- 4- 5  120.75356156

  3- 4- 6  120.75356156   4- 3-15  109.74649127   4- 3-16  109.74649127   4- 5- 7  120.90847396

  4- 5-17  119.25709768   4- 6- 8  120.90847396   4- 6-18  119.25709768   5- 4- 6  118.43991280

  5- 7- 9  120.09257476   5- 7-19  119.85320942   6- 8- 9  120.09257476   6- 8-20  119.85320942

  7- 5-17  119.83402933   7- 9- 8  119.55796884   7- 9-21  120.22084244   8- 6-18  119.83402933

  8- 9-21  120.22084244   9- 7-19  120.05377853   9- 8-20  120.05377853  10- 1-11  107.87407825

 10- 1-12  107.87407825  11- 1-12  107.70300940  13- 2-14  106.34809115  15- 3-16  106.85652052

 NUCLEAR CHARGE:                   66
 NUMBER OF PRIMITIVE AOS:         327
 NUMBER OF SYMMETRY AOS:          318
 NUMBER OF CONTRACTIONS:          186   (  111A'  +   75A"  )
 NUMBER OF CORE ORBITALS:           9   (    7A'  +    2A"  )
 NUMBER OF VALENCE ORBITALS:       48   (   30A'  +   18A"  )


 NUCLEAR REPULSION ENERGY  412.14108345


 Eigenvalues of metric

         1 0.279E-03 0.146E-02 0.238E-02 0.294E-02 0.438E-02 0.719E-02 0.146E-01 0.161E-01
         2 0.116E-02 0.191E-02 0.310E-02 0.133E-01 0.145E-01 0.242E-01 0.293E-01 0.310E-01


 Contracted 2-electron integrals neglected if value below      1.0D-11

Geometry recognized as XYZ


 Variable memory set to  300000000 words,  buffer space 

 SETTING BASIS          =    VDZ


 Recomputing integrals since basis changed


 Using spherical harmonics

 Library entry H      S cc-pVDZ              selected for orbital group  1
 Library entry H      P cc-pVDZ              selected for orbital group  1


 PROGRAM * SEWARD (Integral evaluation for generally contracted gaussian basis sets)     Author: Roland Lindh, 1990

 Geometry written to block  1 of record 700


 Point group  D2h 



 ATOMIC COORDINATES

 NR  ATOM    CHARGE       X              Y              Z

   1  H       1.00    0.000000000    0.000000000    0.699746687
   2  H       1.00    0.000000000    0.000000000   -0.699746687

 Bond lengths in Bohr (Angstrom)

 1-2  1.399493373
     ( 0.740580000)

 NUCLEAR CHARGE:                    2
 NUMBER OF PRIMITIVE AOS:          14
 NUMBER OF SYMMETRY AOS:           14
 NUMBER OF CONTRACTIONS:           10   (    3Ag  +    1B3u +    1B2u +    0B1g +    3B1u +    1B2g +    1B3g +    0Au  )
 NUMBER OF CORE ORBITALS:           0   (    0Ag  +    0B3u +    0B2u +    0B1g +    0B1u +    0B2g +    0B3g +    0Au  )
 NUMBER OF VALENCE ORBITALS:        2   (    1Ag  +    0B3u +    0B2u +    0B1g +    1B1u +    0B2g +    0B3g +    0Au  )


 NUCLEAR REPULSION ENERGY    0.71454429

="a1 a7"/>
     <cml:bond atomRefs2="a2 a8"/>
     <cml:bond atomRefs2="a2 a9"/>
     <cml:bond atomRefs2="a3 a10"/>
     <cml:bond atomRefs2="a3 a11"/>
    </cml:bondArray>
   </cml:molecule><!--

 ATOMIC COORDINATES

 NR  ATOM    CHARGE       X              Y              Z

   1  C       6.00    0.000000000    2.393489315   -0.493314895
   2  C       6.00    0.000000000   -2.393489315   -0.493314895
   3  C       6.00    0.000000000    0.000000000    1.118638497
   4  H       1.00    0.000000000    4.097066078    0.670616558
   5  H       1.00    0.000000000   -4.097066078    0.670616558
   6  H       1.00   -1.667216543    2.456386959   -1.711842425
   7  H       1.00    1.667216543    2.456386959   -1.711842425
   8  H       1.00   -1.667216543   -2.456386959   -1.711842425
   9  H       1.00    1.667216543   -2.456386959   -1.711842425
  10  H       1.00   -1.655386857    0.000000000    2.357044057
  11  H       1.00    1.655386857    0.000000000    2.357044057

 Bond lengths in Bohr (Angstrom)

 1-3  2.885686199  1-4  2.063228105  1-6  2.066004951  1-7  2.066004951  2-3  2.885686199
     ( 1.527039374)     ( 1.091813294)     ( 1.093282738)     ( 1.093282738)     ( 1.527039374)

  2- 5  2.063228105   2- 8  2.066004951   2- 9  2.066004951   3-10  2.067354342   3-11  2.067354342
       ( 1.091813294)       ( 1.093282738)       ( 1.093282738)       ( 1.093996805)       ( 1.093996805)

 Bond angles

  1- 3- 2  112.08149801   1- 3-10  109.54940650   1- 3-11  109.54940650   2- 3-10  109.54940650

  2- 3-11  109.54940650   3- 1- 4  111.69876342   3- 1- 6  110.77597481   3- 1- 7  110.77597481

  3-2-5  111.69876342   3-2-8  110.77597481   3-2-9  110.77597481   4-1-6  107.91385870

  4-1-7  107.91385870   5-2-8  107.91385870   5-2-9  107.91385870   6-1-7  107.60305623

  8- 2- 9  107.60305623  10- 3-11  106.39920241

 NUCLEAR CHARGE:                   26
 NUMBER OF PRIMITIVE AOS:         137
 NUMBER OF SYMMETRY AOS:          134
 NUMBER OF CONTRACTIONS:           82   (   30A1  +   17B1  +   23B2  +   12A2  )
 NUMBER OF CORE ORBITALS:           3   (    2A1  +    0B1  +    1B2  +    0A2  )
 NUMBER OF VALENCE ORBITALS:       20   (    8A1  +    4B1  +    6B2  +    2A2  )


 NUCLEAR REPULSION ENERGY   82.63640389

 Eigenvalues of metric

         1 0.110E+00 0.117E+01 0.357E+01
         2 0.149E+01
         3 0.149E+01
         5 0.146E-01 0.904E-01 0.105E+01
         6 0.509E+00
         7 0.509E+00


 Contracted 2-electron integrals neglected if value below      1.0D-11
-01 0.812E-01 0.124E+00 0.130E+00
         4 0.336E-01 0.450E-01 0.118E+00 0.263E+00 0.355E+00 0.659E+00 0.911E+00 0.108E+01


 Contracted 2-electron integrals neglected if value below      1.0D-11
 AO integral compression algorithm  1   Integral accuracy      1.0D-11
 AO integral compression algorithm  1   Integral accuracy      1.0D-11
de minimum: 2.884 MB, node maximum: 3.670 MB


 NUMBER OF SORTED TWO-ELECTRON INTEGRALS:     516339.     BUFFER LENGTH:  32768
 NUMBER OF SEGMENTS:   1  SEGMENT LENGTH:     516339      RECORD LENGTH: 524288

 Memory used in sort:       1.07 MW
 AO integral compression algorithm  1   Integral accuracy      1.0D-11

     2.097 MB (compressed) written to integral file (100.0%)

     Node minimum: 0.262 MB, node maximum: 0.262 MB


 NUMBER OF SORTED TWO-ELECTRON INTEGRALS:         21.     BUFFER LENGTH:  32768
 NUMBER OF SEGMENTS:   1  SEGMENT LENGTH:         21      RECORD LENGTH: 524288

 Memory used in sort:       0.56 MW

 SORT1 READ         776. AND WROTE          21. INTEGRALS IN      1 RECORDS. CPU TIME:     0.01 SEC, REAL TIME:     0.03 SEC
 SORT2 READ         373. AND WROTE         373. INTEGRALS IN      8 RECORDS. CPU TIME:     0.01 SEC, REAL TIME:     0.01 SEC

 Node minimum:           0.  Node maximum:         174. integrals

 OPERATOR DM      FOR CENTER  0  COORDINATES:    0.000000    0.000000    0.000000


 **********************************************************************************************************************************
 DATASETS  * FILE   NREC   LENGTH (MB)   RECORD NAMES
              1      18       29.95       500      610      700      900      950      970     1000      129      960     1100   
                                          VAR    BASINP    GEOM    SYMINP    ZMAT    AOBASIS   BASIS     P2S    ABASIS      S 
                                         1400     1410     1200     1210     1080     1600     1650     1700   
                                           T        V       H0       H01     AOSYM     SMH    MOLCAS    OPER   

 PROGRAMS   *        TOTAL       INT
 CPU TIMES  *         0.74      0.55
 REAL TIME  *         1.14 SEC
 DISK USED  *        30.23 MB (local),      271.46 MB (total)
 GA USED    *         0.00 MB       (max)       0.00 MB       (current)
 **********************************************************************************************************************************


 PROGRAM * RHF-SCF (CLOSED SHELL)       Authors: W. Meyer, H.-J. Werner


 NUMBER OF ELECTRONS:       1+    1-
 CONVERGENCE THRESHOLDS:    1.00E-05 (Density)    1.00E-07 (Energy)
 MAX. NUMBER OF ITERATIONS:       60
 INTERPOLATION TYPE:            DIIS
 INTERPOLATION STEPS:              2 (START)      1 (STEP)
 LEVEL SHIFTS:                  0.00 (CLOSED)  0.00 (OPEN) 



 Orbital guess generated from atomic densities. Full valence occupancy:    1   0   0   0   1   0   0   0


 Molecular orbital dump at record        2100.2

 Initial occupancy:   1   0   0   0   0   0   0

 ITERATION    DDIFF          GRAD             ENERGY        2-EL.EN.            DIPOLE MOMENTS         DIIS   ORB.
    1      0.000D+00      0.000D+00        -1.12726748      1.280779    0.00000    0.00000    0.00000    0    start
    2      0.000D+00      0.184D-01        -1.12866305      1.311230    0.00000    0.00000    0.00000    1    diag
    3      0.418D-01      0.310D-02        -1.12870654      1.317429    0.00000    0.00000    0.00000    2    diag
    4      0.963D-02      0.159D-03        -1.12870661      1.317563    0.00000    0.00000    0.00000    3    diag
    5      0.388D-03      0.179D-05        -1.12870661      1.317559    0.00000    0.00000    0.00000    4    diag
    6      0.556D-05      0.933D-09        -1.12870661      1.317559    0.00000    0.00000    0.00000    0    orth

 Final occupancy:   1   0   0   0   0   0   0

 !RHF STATE  1.1 Energy                -1.128706608124
 Nuclear energy                         0.71454429
 One-electron energy                   -2.50203043
 Two-electron energy                    0.65877953
 Virial quotient                       -1.02922371
 !RHF STATE  1.1 Dipole moment          0.00000000     0.00000000     0.00000000
 Dipole moment /Debye                   0.00000000     0.00000000     0.00000000

 Orbital energies:

         1.1          2.1          3.1
     -0.592236     0.479460     1.956463

         1.2
      1.292839

         1.3
      1.292839

         1.5          2.5
      0.197329     0.936906

         1.6
      2.043126

         1.7
      2.043126


 HOMO      1.1    -0.592236 =     -16.1156eV
 LUMO      1.5     0.197329 =       5.3696eV
 LUMO-HOMO         0.789564 =      21.4851eV


 **********************************************************************************************************************************
 DATASETS  * FILE   NREC   LENGTH (MB)   RECORD NAMES
              1      18       29.95       500      610      700      900      950      970     1000      129      960     1100   
                                          VAR    BASINP    GEOM    SYMINP    ZMAT    AOBASIS   BASIS     P2S    ABASIS      S 
                                         1400     1410     1200     1210     1080     1600     1650     1700   
                                           T        V       H0       H01     AOSYM     SMH    MOLCAS    OPER   

              2       4        2.76       700     1000      520     2100   
                                         GEOM     BASIS   MCVARS     RHF  

 PROGRAMS   *        TOTAL    HF-SCF       INT
 CPU TIMES  *         0.87      0.13      0.55
 REAL TIME  *         1.30 SEC
 DISK USED  *        32.75 MB (local),      291.63 MB (total)
 SF USED    *         0.00 MB
 GA USED    *         0.00 MB       (max)       0.00 MB       (current)
 **********************************************************************************************************************************


 PROGRAM * CCSD (Closed-shell coupled cluster)     Authors: C. Hampel, H.-J. Werner, 1991, M. Deegan, P.J. Knowles, 1992


 Convergence thresholds:  THRVAR = 1.00D-08  THRDEN = 1.00D-06

 CCSD(T)     terms to be evaluated (factor= 1.000)


 Number of closed-shell orbitals:   1 (   1   0   0   0   0   0   0 )
 Number of external orbitals:       9 (   2   1   1   0   3   1   1 )

 Molecular orbitals read from record     2100.2  Type=RHF/CANONICAL (state 1.1)

 Number of N-1 electron functions:               1
 Number of N-2 electron functions:               1
 Number of singly external CSFs:                 2
 Number of doubly external CSFs:                13
 Total number of CSFs:                          16

 Length of J-op  integral file:               0.00 MB
 Length of K-op  integral file:               0.00 MB
 Length of 3-ext integral record:             0.00 MB

 Integral transformation finished. Total CPU:   0.00 sec, npass=  1  Memory used:   0.07 MW

 Reference energy:                     -1.12870661

 MP2 singlet pair energy:              -0.02637681
 MP2 triplet pair energy:               0.00000000
 MP2 correlation energy:               -0.02637681
 MP2 total energy:                     -1.15508342

 SCS-MP2 correlation energy:           -0.03165217   (PS=  1.200000  PT=  0.333333)
 SCS-MP2 total energy:                 -1.16035878

 ITER.      SQ.NORM     CORR.ENERGY   TOTAL ENERGY   ENERGY CHANGE        DEN1      VAR(S)    VAR(P)  DIIS     TIME  TIME/IT
   1      1.01378238    -0.03384651    -1.16255312    -0.00746970    -0.00550169  0.28D-04  0.54D-03  1  1     0.01     0.00
   2      1.01675868    -0.03467181    -1.16337841    -0.00082530    -0.00261715  0.22D-05  0.12D-04  2  2     0.01     0.00
   3      1.01712348    -0.03468016    -1.16338677    -0.00000836    -0.00016834  0.11D-07  0.37D-06  3  3     0.01     0.00
   4      1.01717072    -0.03468620    -1.16339281    -0.00000604    -0.00002218  0.88D-09  0.19D-08  4  4     0.02     0.00
   5      1.01716888    -0.03468419    -1.16339080     0.00000201     0.00000195  0.18D-10  0.29D-10  5  5     0.02     0.00
   6      1.01716946    -0.03468471    -1.16339132    -0.00000052    -0.00000049  0.10D-11  0.12D-12  6  6     0.02     0.00
   7      1.01716929    -0.03468458    -1.16339118     0.00000013     0.00000013  0.43D-13  0.47D-13  6  1     0.02     0.00

 Norm of t1 vector:      0.01030906      S-energy:    -0.00000000      T1 diagnostic:  0.00515453
                                                                       D1 diagnostic:  0.00728961

 Doubles amplitudes (print threshold =  0.500E-01):

         I         J         SYM. A    SYM. B    A         B      T(IJ, AB)

         1         1         1         1         1         1     -0.05072387
         1         1         5         5         1         1     -0.05350088
         1         1         5         5         2         2     -0.05316072


 RESULTS
 =======

  Reference energy                     -1.128706608124
  CCSD singlet pair energy             -0.034684573915
  CCSD triplet pair energy              0.000000000000
  CCSD correlation energy              -0.034684575954

  Triples (T) contribution              0.000000000000
  Total correlation energy             -0.034684575954

  CCSD total energy                    -1.163391184078
 !CCSD(T) total energy                 -1.163391184078

 Timing summary (sec):

 STEP                 CPU(USER)    SYS     CPU(TOT)    WALL
 CCSD iterations         0.02      0.02      0.04      0.04

 Program statistics:

 Available memory in ccsd:               299999995
 Min. memory needed in ccsd:                   382
 Max. memory used in ccsd:                     382
 Max. memory used in cckext:                 33022 ( 7 integral passes)



 **********************************************************************************************************************************
 DATASETS  * FILE   NREC   LENGTH (MB)   RECORD NAMES
              1      19       29.95       500      610      700      900      950      970     1000      129      960     1100   
                                          VAR    BASINP    GEOM    SYMINP    ZMAT    AOBASIS   BASIS     P2S    ABASIS      S 
                                         1400     1410     1200     1210     1080     1600     1650     1700     1380   
                                           T        V       H0       H01     AOSYM     SMH    MOLCAS    OPER     JKOP   

              2       4        2.76       700     1000      520     2100   
                                         GEOM     BASIS   MCVARS     RHF  

 PROGRAMS   *        TOTAL   CCSD(T)    HF-SCF       INT
 CPU TIMES  *         0.94      0.07      0.13      0.55
 REAL TIME  *         1.39 SEC
 DISK USED  *        32.75 MB (local),      291.64 MB (total)
 SF USED    *         0.00 MB
 GA USED    *         0.00 MB       (max)       0.00 MB       (current)
 **********************************************************************************************************************************
 SETTING BASIS          =    VTZ


 Recomputing integrals since basis changed


 Using spherical harmonics

 Library entry H      S cc-pVTZ              selected for orbital group  1
 Library entry H      P cc-pVTZ              selected for orbital group  1
 Library entry H      D cc-pVTZ              selected for orbital group  1


 PROGRAM * SEWARD (Integral evaluation for generally contracted gaussian basis sets)     Author: Roland Lindh, 1990

 Geometry written to block  1 of record 700


 Point group  D2h 



 ATOMIC COORDINATES

 NR  ATOM    CHARGE       X              Y              Z

   1  H       1.00    0.000000000    0.000000000    0.699746687
   2  H       1.00    0.000000000    0.000000000   -0.699746687

 Bond lengths in Bohr (Angstrom)

 1-2  1.399493373
     ( 0.740580000)

 NUCLEAR CHARGE:                    2
 NUMBER OF PRIMITIVE AOS:          34
 NUMBER OF SYMMETRY AOS:           32
 NUMBER OF CONTRACTIONS:           28   (    7Ag  +    3B3u +    3B2u +    1B1g +    7B1u +    3B2g +    3B3g +    1Au  )
 NUMBER OF CORE ORBITALS:           0   (    0Ag  +    0B3u +    0B2u +    0B1g +    0B1u +    0B2g +    0B3g +    0Au  )
 NUMBER OF VALENCE ORBITALS:        2   (    1Ag  +    0B3u +    0B2u +    0B1g +    1B1u +    0B2g +    0B3g +    0Au  )


 NUCLEAR REPULSION ENERGY    0.71454429

 EXTRA SYMMETRY OF AOS IN SYMMETRY 1:   1 1 1 1 1 1 2
 EXTRA SYMMETRY OF AOS IN SYMMETRY 5:   1 1 1 1 1 1 2

 Eigenvalues of metric

         1 0.741E-02 0.134E+00 0.466E+00 0.960E+00 0.136E+01 0.179E+01 0.519E+01
         2 0.449E+00 0.118E+01 0.269E+01
         3 0.449E+00 0.118E+01 0.269E+01
         4 0.136E+01
         5 0.176E-02 0.701E-02 0.429E-01 0.227E+00 0.645E+00 0.113E+01 0.205E+01
         6 0.102E+00 0.229E+00 0.135E+01
         7 0.102E+00 0.229E+00 0.135E+01
         8 0.645E+00


 Contracted 2-electron integrals neglected if value below      1.0D-11

 Initial occupancy:   7   2   6   2

 ITERATION    DDIFF          GRAD             ENERGY        2-EL.EN.            DIPOLE MOMENTS         DIIS   ORB.
    1      0.000D+00      0.000D+00      -157.25277036    365.602879    0.00000    0.00000    0.00000    0    start
    2      0.000D+00      0.101D-01      -118.26709288    240.261838    0.00000    0.00000    0.01498    1    diag
    2      0.000D+00      0.893D-02      -157.30328636    361.611991    0.00000    0.00000    0.00000    1    diag
    4      0.763D-02      0.120D-02      -118.27244446    241.243401    0.00000    0.00000    0.02677    3    diag
    3      0.188D-01      0.332D-02      -157.30908438    363.313621    0.00000    0.00000    0.00000    2    diag
    6      0.393D-03      0.443D-04      -118.27245498    241.250217    0.00000    0.00000    0.02612    5    diag
    7      0.112D-03      0.612D-05      -118.27245500    241.250114    0.00000    0.00000    0.02581    6    diag
    5      0.233D-02      0.141D-03      -157.30997203    362.874828    0.00000    0.00000    0.00000    4    diag
    9      0.333D-05      0.264D-06      -118.27245500    241.250056    0.00000    0.00000    0.02580    0    orth
 AO integral compression algorithm  1   Integral accuracy      1.0D-11

     2.097 MB (compressed) written to integral file (100.0%)

     Node minimum: 0.262 MB, node maximum: 0.262 MB

   value="-118.27245500275"/><!--
 Nuclear energy                        82.63640389
 One-electron energy                 -321.53388668
 Two-electron energy                  120.62502778
 Virial quotient                       -1.00134611
 !RHF STATE  1.1 Dipole moment          0.00000000     0.00000000     0.02580175
 Dipole moment /Debye                   0.00000000     0.00000000     0.06557721

 Orbital energies:

         1.1          2.1          3.1          4.1          5.1          6.1          7.1          8.1
    -11.221684   -11.216112    -1.053238    -0.799514    -0.596538    -0.474171     0.183150     0.233635

         1.2          2.2          3.2          4.2
     -0.622766    -0.466782     0.235217     0.283537

         1.3          2.3          3.3          4.3          5.3          6.3
    -11.216159    -0.924575    -0.547945    -0.473641     0.230245     0.293451

         1.4          2.4          3.4
     -0.528792     0.306314     0.613158


 HOMO      2.2    -0.466782 =     -12.7018eV
 LUMO      7.1     0.183150 =       4.9838eV
 LUMO-HOMO         0.649931 =      17.6855eV


 **********************************************************************************************************************************
 DATASETS  * FILE   NREC   LENGTH (MB)   RECORD NAMES
              1      18       30.21       500      610      700      900      950      970     1000      129      960     1100   
                                          VAR    BASINP    GEOM    SYMINP    ZMAT    AOBASIS   BASIS     P2S    ABASIS      S 
                                         1400     1410     1200     1210     1080     1600     1650     1700   
                                           T        V       H0       H01     AOSYM     SMH    MOLCAS    OPER   

              2       4        2.96       700     1000      520     2100   
                                         GEOM     BASIS   MCVARS     RHF  

 PROGRAMS   *        TOTAL    HF-SCF       INT
 CPU TIMES  *         1.10      0.20      0.68
 REAL TIME  *         1.72 SEC
 DISK USED  *        33.35 MB (local),      308.14 MB (total)
 SF USED    *         0.01 MB
 GA USED    *         0.00 MB       (max)       0.00 MB       (current)
 **********************************************************************************************************************************

 NUMBER OF SORTED TWO-ELECTRON INTEGRALS:       1311.     BUFFER LENGTH:  32768
 NUMBER OF SEGMENTS:   1  SEGMENT LENGTH:       1311      RECORD LENGTH: 524288

 Memory used in sort:       0.56 MW
step command="CCSD(T)" commandset="CCSD">
   <!--


 PROGRAM * CCSD (Closed-shell coupled cluster)     Authors: C. Hampel, H.-J. Werner, 1991, M. Deegan, P.J. Knowles, 1992


 Convergence thresholds:  THRVAR = 1.00D-08  THRDEN = 1.00D-06

 CCSD(T)     terms to be evaluated (factor= 1.000)


 Number of core orbitals:           3 (   2   0   1   0 )
 Number of closed-shell orbitals:  10 (   4   2   3   1 )
 Number of external orbitals:      69 (  24  15  19  11 )

 Molecular orbitals read from record     2100.2  Type=RHF/CANONICAL (state 1.1)

 Number of N-1 electron functions:              10
 Number of N-2 electron functions:              55
 Number of singly external CSFs:               194
 Number of doubly external CSFs:             60476
 Total number of CSFs:                       60671

 Length of J-op  integral file:               0.00 MB
 Length of K-op  integral file:               0.13 MB
 Length of 3-ext integral record:             0.00 MB

 SORT1 READ       27440. AND WROTE        1147. INTEGRALS IN      1 RECORDS. CPU TIME:     0.00 SEC, REAL TIME:     0.01 SEC
 SORT2 READ       11779. AND WROTE       13015. INTEGRALS IN      8 RECORDS. CPU TIME:     0.00 SEC, REAL TIME:     0.01 SEC

 Node minimum:         795.  Node maximum:        2381. integrals

 OPERATOR DM      FOR CENTER  0  COORDINATES:    0.000000    0.000000    0.000000


 **********************************************************************************************************************************
 DATASETS  * FILE   NREC   LENGTH (MB)   RECORD NAMES
              1      18       29.96       500      610      700      900      950      970     1001      129      960     1100   
                                          VAR    BASINP    GEOM    SYMINP    ZMAT    AOBASIS   BASIS     P2S    ABASIS      S 
                                         1400     1410     1200     1210     1080     1600     1650     1700   
                                           T        V       H0       H01     AOSYM     SMH    MOLCAS    OPER   

              2       5        2.77       700     1000      520     2100     1001   
                                         GEOM     BASIS   MCVARS     RHF     BASIS   

 PROGRAMS   *        TOTAL       INT   CCSD(T)    HF-SCF       INT
 CPU TIMES  *         1.23      0.29      0.07      0.13      0.55
 REAL TIME  *         1.78 SEC
 DISK USED  *        32.78 MB (local),      295.99 MB (total)
 SF USED    *         0.00 MB
 GA USED    *         0.00 MB       (max)       0.00 MB       (current)
 **********************************************************************************************************************************


 PROGRAM * RHF-SCF (CLOSED SHELL)       Authors: W. Meyer, H.-J. Werner


 NUMBER OF ELECTRONS:       1+    1-
 CONVERGENCE THRESHOLDS:    1.00E-05 (Density)    1.00E-07 (Energy)
 MAX. NUMBER OF ITERATIONS:       60
 INTERPOLATION TYPE:            DIIS
 INTERPOLATION STEPS:              2 (START)      1 (STEP)
 LEVEL SHIFTS:                  0.00 (CLOSED)  0.00 (OPEN) 



 Molecular orbitals read from record     2100.2  Type=RHF/CANONICAL (state 1.1)

 Present basis size:        7    3    3    1    7    3    3    1
 Previous basis size:       3    1    1    0    3    1    1
 Previous occupation:       1    0    0    0    0    0    0
 Previous closed-shells:    1    0    0    0    0    0    0
 Present occupation:        1    0    0    0    0    0    0    0
 Present closed-shells:     1    0    0    0    0    0    0    0
 Wavefunction symmetry:    1   Singlet 

 Orbital overlap <old|new>:  < 1.1| 1.1> = 0.999913


 Molecular orbital dump at record        2101.2
PROGRAMS   *        TOTAL    HF-SCF       INT
 CPU TIMES  *         1.59      0.32      1.06
 REAL TIME  *         2.04 SEC
 DISK USED  *        33.62 MB (local),      356.16 MB (total)
 SF USED    *         0.01 MB
 GA USED    *         0.00 MB       (max)       0.00 MB       (current)
 **********************************************************************************************************************************

 ITERATION    DDIFF          GRAD             ENERGY        2-EL.EN.            DIPOLE MOMENTS         DIIS   ORB.
    1      0.000D+00      0.000D+00        -1.13161966      1.317024    0.00000    0.00000    0.00000    0    start
    2      0.000D+00      0.166D-01        -1.13292670      1.318955    0.00000    0.00000    0.00000    1    diag
    3      0.289D-01      0.232D-02        -1.13296258      1.317435    0.00000    0.00000    0.00000    2    diag
 evaluated (factor= 1.000)


 Number of core orbitals:           4 (   2   0   2   0 )
 Number of closed-shell orbitals:  13 (   5   2   4   2 )
 Number of external orbitals:      89 (  27  17  28  17 )

 Molecular orbitals read from record     2100.2  Type=RHF/CANONICAL (state 1.1)

 Number of N-1 electron functions:              13
 Number of N-2 electron functions:              91
 Number of singly external CSFs:               315
 Number of doubly external CSFs:            169288
 Total number of CSFs:                      169604

 Length of J-op  integral file:               0.00 MB
 Length of K-op  integral file:               0.21 MB
 Length of 3-ext integral record:             0.00 MB
    4      0.492D-02      0.140D-03        -1.13296289      1.316980    0.00000    0.00000    0.00000    3    diag
    5      0.221D-03      0.624D-05        -1.13296290      1.316972    0.00000    0.00000    0.00000    4    diag
 1     0.09     0.04
    6      0.112D-04      0.370D-06        -1.13296290      1.316972    0.00000    0.00000    0.00000    5    diag
    7      0.274D-06      0.891D-08        -1.13296290      1.316972    0.00000    0.00000    0.00000    0    orth

 Final occupancy:   1   0   0   0   0   0   0   0

 !RHF STATE  1.1 Energy                -1.132962895301
 Nuclear energy                         0.71454429
 One-electron energy                   -2.50599337
 Two-electron energy                    0.65848619
 Virial quotient                       -1.00851294
 !RHF STATE  1.1 Dipole moment          0.00000000     0.00000000     0.00000000
 Dipole moment /Debye                   0.00000000     0.00000000     0.00000000

 Orbital energies:

         1.1          2.1          3.1
     -0.594510     0.305055     1.096477

         1.2          2.2
      0.692649     3.412416

         1.3          2.3
      0.692649     3.412416

         1.4
      3.175368

         1.5          2.5
      0.167176     0.643655

         1.6          2.6
      1.120029     3.893299

         1.7          2.7
      1.120029     3.893299

         1.8
      4.084725


 HOMO      1.1    -0.594510 =     -16.1775eV
 LUMO      1.5     0.167176 =       4.5491eV
 LUMO-HOMO         0.761686 =      20.7265eV


 **********************************************************************************************************************************
 DATASETS  * FILE   NREC   LENGTH (MB)   RECORD NAMES
              1      18       29.96       500      610      700      900      950      970     1001      129      960     1100   
                                          VAR    BASINP    GEOM    SYMINP    ZMAT    AOBASIS   BASIS     P2S    ABASIS      S 
                                         1400     1410     1200     1210     1080     1600     1650     1700   
                                           T        V       H0       H01     AOSYM     SMH    MOLCAS    OPER   

              2       6        5.26       700     1000      520     2100     1001     2101   
                                         GEOM     BASIS   MCVARS     RHF     BASIS     RHF  

 PROGRAMS   *        TOTAL    HF-SCF       INT   CCSD(T)    HF-SCF       INT
 CPU TIMES  *         1.35      0.11      0.29      0.07      0.13      0.55
 REAL TIME  *         1.92 SEC
 DISK USED  *        35.27 MB (local),      315.98 MB (total)
 SF USED    *         0.00 MB
 GA USED    *         0.00 MB       (max)       0.00 MB       (current)
 **********************************************************************************************************************************


 PROGRAM * CCSD (Closed-shell coupled cluster)     Authors: C. Hampel, H.-J. Werner, 1991, M. Deegan, P.J. Knowles, 1992


 Convergence thresholds:  THRVAR = 1.00D-08  THRDEN = 1.00D-06

 CCSD(T)     terms to be evaluated (factor= 1.000)


 Number of closed-shell orbitals:   1 (   1   0   0   0   0   0   0   0 )
 Number of external orbitals:      27 (   6   3   3   1   7   3   3   1 )

 Molecular orbitals read from record     2101.2  Type=RHF/CANONICAL (state 1.1)

 Number of N-1 electron functions:               1
 Number of N-2 electron functions:               1
 Number of singly external CSFs:                 6
 Number of doubly external CSFs:                75
 Total number of CSFs:                          82

 Length of J-op  integral file:               0.00 MB
 Length of K-op  integral file:               0.01 MB
 Length of 3-ext integral record:             0.00 MB

 Integral transformation finished. Total CPU:   0.00 sec, npass=  1  Memory used:   0.07 MW

 Reference energy:                     -1.13296290

 MP2 singlet pair energy:              -0.03167809
 MP2 triplet pair energy:               0.00000000
 MP2 correlation energy:               -0.03167809
 MP2 total energy:                     -1.16464099

 SCS-MP2 correlation energy:           -0.03801371   (PS=  1.200000  PT=  0.333333)
 SCS-MP2 total energy:                 -1.17097660

 ITER.      SQ.NORM     CORR.ENERGY   TOTAL ENERGY   ENERGY CHANGE        DEN1      VAR(S)    VAR(P)  DIIS     TIME  TIME/IT
   1      1.01470479    -0.03850632    -1.17146922    -0.00682823    -0.00489746  0.41D-04  0.51D-03  1  1     0.01     0.00
   2      1.01781729    -0.03936302    -1.17232592    -0.00085670    -0.00259081  0.75D-06  0.12D-04  2  2     0.02     0.00
   3      1.01817926    -0.03936673    -1.17232963    -0.00000371    -0.00018626  0.12D-06  0.43D-06  3  3     0.02     0.00
   4      1.01822758    -0.03937192    -1.17233481    -0.00000519    -0.00001645  0.32D-08  0.97D-08  4  4     0.02     0.00
   5      1.01823214    -0.03937093    -1.17233383     0.00000098    -0.00000204  0.24D-09  0.97D-10  5  5     0.02     0.00
   6      1.01823203    -0.03937102    -1.17233392    -0.00000009     0.00000009  0.12D-10  0.32D-11  6  6     0.02     0.00

 Norm of t1 vector:      0.01120855      S-energy:    -0.00000003      T1 diagnostic:  0.00560428
                                                                       D1 diagnostic:  0.00792564

 Doubles amplitudes (print threshold =  0.500E-01):

         I         J         SYM. A    SYM. B    A         B      T(IJ, AB)

         1         1         5         5         2         2     -0.05635118


 RESULTS
 =======

  Reference energy                     -1.132962895301
  CCSD singlet pair energy             -0.039370989979
  CCSD triplet pair energy              0.000000000000
  CCSD correlation energy              -0.039371024166

  Triples (T) contribution              0.000000000000
  Total correlation energy             -0.039371024166

  CCSD total energy                    -1.172333919467
 !CCSD(T) total energy                 -1.172333919467

 Timing summary (sec):

 STEP                 CPU(USER)    SYS     CPU(TOT)    WALL
 CCSD iterations         0.03      0.00      0.03      0.03

 Program statistics:

 Available memory in ccsd:               299999994
 Min. memory needed in ccsd:                  2126
 Max. memory used in ccsd:                    2126
 Max. memory used in cckext:                 34198 ( 6 integral passes)

   5      1.19444582    -0.49491059  -118.76736559    -0.00000134    -0.00002963  0.82D-08  0.46D-07  5  5     0.21     0.04
********
 DATASETS  * FILE   NREC   LENGTH (MB)   RECORD NAMES
              1      19       29.98       500      610      700      900      950      970     1001      129      960     1100   
                                          VAR    BASINP    GEOM    SYMINP    ZMAT    AOBASIS   BASIS     P2S    ABASIS      S 
                                         1400     1410     1200     1210     1080     1600     1650     1700     1380   
                                           T        V       H0       H01     AOSYM     SMH    MOLCAS    OPER     JKOP   

              2       6        5.26       700     1000      520     2100     1001     2101   
                                         GEOM     BASIS   MCVARS     RHF     BASIS     RHF  

 PROGRAMS   *        TOTAL   CCSD(T)    HF-SCF       INT   CCSD(T)    HF-SCF       INT
 CPU TIMES  *         1.43      0.08      0.11      0.29      0.07      0.13      0.55
 REAL TIME  *         2.01 SEC
 DISK USED  *        35.29 MB (local),      316.05 MB (total)
 SF USED    *         0.04 MB
 GA USED    *         0.00 MB       (max)       0.00 MB       (current)
 **********************************************************************************************************************************
 SETTING BASIS          =    VQZ


 Recomputing integrals since basis changed


 Using spherical harmonics

 Library entry H      S cc-pVQZ              selected for orbital group  1
 Library entry H      P cc-pVQZ              selected for orbital group  1
 Library entry H      D cc-pVQZ              selected for orbital group  1
 Library entry H      F cc-pVQZ              selected for orbital group  1


 PROGRAM * SEWARD (Integral evaluation for generally contracted gaussian basis sets)     Author: Roland Lindh, 1990

 Geometry written to block  1 of record 700


 Point group  D2h 



 ATOMIC COORDINATES

 NR  ATOM    CHARGE       X              Y              Z

   1  H       1.00    0.000000000    0.000000000    0.699746687
   2  H       1.00    0.000000000    0.000000000   -0.699746687

 Bond lengths in Bohr (Angstrom)

 1-2  1.399493373
     ( 0.740580000)

 NUCLEAR CHARGE:                    2
 NUMBER OF PRIMITIVE AOS:          74
 NUMBER OF SYMMETRY AOS:           64
 NUMBER OF CONTRACTIONS:           60   (   13Ag  +    7B3u +    7B2u +    3B1g +   13B1u +    7B2g +    7B3g +    3Au  )
 NUMBER OF CORE ORBITALS:           0   (    0Ag  +    0B3u +    0B2u +    0B1g +    0B1u +    0B2g +    0B3g +    0Au  )
 NUMBER OF VALENCE ORBITALS:        2   (    1Ag  +    0B3u +    0B2u +    0B1g +    1B1u +    0B2g +    0B3g +    0Au  )


 NUCLEAR REPULSION ENERGY    0.71454429

 EXTRA SYMMETRY OF AOS IN SYMMETRY 1:   1 1 1 1 1 1 1 1 2 1   2 1 2
 EXTRA SYMMETRY OF AOS IN SYMMETRY 2:   1 1 1 1 1 1 2
 EXTRA SYMMETRY OF AOS IN SYMMETRY 3:   1 1 1 1 1 1 2
 EXTRA SYMMETRY OF AOS IN SYMMETRY 5:   1 1 1 1 1 1 1 1 2 1   2 1 2
 EXTRA SYMMETRY OF AOS IN SYMMETRY 6:   1 1 1 1 1 1 2
 EXTRA SYMMETRY OF AOS IN SYMMETRY 7:   1 1 1 1 1 1 2

 Eigenvalues of metric

         1 0.109E-02 0.139E-01 0.602E-01 0.160E+00 0.495E+00 0.500E+00 0.879E+00 0.119E+01
         2 0.129E+00 0.230E+00 0.661E+00 0.118E+01 0.125E+01 0.176E+01 0.379E+01
         3 0.129E+00 0.230E+00 0.661E+00 0.118E+01 0.125E+01 0.176E+01 0.379E+01
         4 0.495E+00 0.119E+01 0.241E+01
         5 0.202E-03 0.108E-02 0.531E-02 0.271E-01 0.974E-01 0.164E+00 0.190E+00 0.357E+00
         6 0.737E-02 0.575E-01 0.180E+00 0.473E+00 0.745E+00 0.131E+01 0.222E+01
         7 0.737E-02 0.575E-01 0.180E+00 0.473E+00 0.745E+00 0.131E+01 0.222E+01
         8 0.164E+00 0.357E+00 0.138E+01


 Contracted 2-electron integrals neglected if value below      1.0D-11
   7      1.19445087    -0.49490962  -118.76736462    -0.00000024     0.00000050  0.84D-10  0.23D-09  6  1     0.27     0.04
   8      1.19445074    -0.49490967  -118.76736467    -0.00000005     0.00000013  0.43D-11  0.15D-10  6  2     0.30     0.04

 Norm of t1 vector:      0.03881280      S-energy:    -0.00000002      T1 diagnostic:  0.00613684
                                                                       D1 diagnostic:  0.01112636

 ITER.      SQ.NORM     CORR.ENERGY   TOTAL ENERGY   ENERGY CHANGE        DEN1      VAR(S)    VAR(P)  DIIS     TIME  TIME/IT
   1      1.23168786    -0.64645687  -157.95643030    -0.05822884    -0.04117238  0.12D-02  0.37D-02  1  1     0.33     0.20
 AO integral compression algorithm  1   Integral accuracy      1.0D-11
    -0.013150791808
  Total correlation energy             -0.508060463910

  CCSD total energy                  -118.767364674852
  CCSD[T] energy                     -118.780760452980
  CCSD-T energy                      -118.780382580559
 !CCSD(T) total energy               -118.780515466660

 Timing summary (sec):

 STEP                 CPU(USER)    SYS     CPU(TOT)    WALL
 Transformation          0.05      0.04      0.09      0.09
 CCSD iterations         0.26      0.09      0.35      0.35
 Triples                 0.10      0.02      0.12      0.12

 Program statistics:

 Available memory in ccsd:               299999594
 Min. memory needed in ccsd:                186290
 Max. memory used in ccsd:                  236183
 Max. memory used in cckext:                260458 ( 8 integral passes)


     3.146 MB (compressed) written to integral file ( 86.7%)

     Node minimum: 0.262 MB, node maximum: 0.524 MB


 NUMBER OF SORTED TWO-ELECTRON INTEGRALS:      27717.     BUFFER LENGTH:  32768
 NUMBER OF SEGMENTS:   1  SEGMENT LENGTH:      27717      RECORD LENGTH: 524288

 Memory used in sort:       0.58 MW
   
                                          VAR    BASINP    GEOM    SYMINP    ZMAT    AOBASIS   BASIS     P2S    ABASIS      S 
                                         1400     1410     1200     1210     1080     1600     1650     1700     1380   
                                           T        V       H0       H01     AOSYM     SMH    MOLCAS    OPER     JKOP   

              2       4        2.96       700     1000      520     2100   
                                         GEOM     BASIS   MCVARS     RHF  

 PROGRAMS   *        TOTAL   CCSD(T)    HF-SCF       INT
 CPU TIMES  *         1.57      0.46      0.20      0.68
 REAL TIME  *         2.35 SEC
 DISK USED  *        44.30 MB (local),      350.22 MB (total)
 SF USED    *        10.37 MB
 GA USED    *         0.00 MB       (max)       0.00 MB       (current)
 **********************************************************************************************************************************

 SORT1 READ      450560. AND WROTE       22819. INTEGRALS IN      1 RECORDS. CPU TIME:     0.02 SEC, REAL TIME:     0.03 SEC
 SORT2 READ      192195. AND WROTE      230799. INTEGRALS IN     16 RECORDS. CPU TIME:     0.01 SEC, REAL TIME:     0.01 SEC

 Node minimum:       25265.  Node maximum:       31515. integrals
is changed


 Using spherical harmonics

 Library entry C      S cc-pVTZ              selected for orbital group  1
 Library entry C      P cc-pVTZ              selected for orbital group  1
 Library entry C      D cc-pVTZ              selected for orbital group  1
 Library entry C      F cc-pVTZ              selected for orbital group  1
 Library entry H      S cc-pVTZ              selected for orbital group  2
 Library entry H      P cc-pVTZ              selected for orbital group  2
 Library entry H      D cc-pVTZ              selected for orbital group  2


 PROGRAM * SEWARD (Integral evaluation for generally contracted gaussian basis sets)     Author: Roland Lindh, 1990

 Geometry written to block  1 of record 700


 Point group  C2v 



 ATOMIC COORDINATES

 NR  ATOM    CHARGE       X              Y              Z

   1  C       6.00    0.000000000    2.393489315   -0.493314895
   2  C       6.00    0.000000000   -2.393489315   -0.493314895
   3  C       6.00    0.000000000    0.000000000    1.118638497
   4  H       1.00    0.000000000    4.097066078    0.670616558
   5  H       1.00    0.000000000   -4.097066078    0.670616558
   6  H       1.00   -1.667216543    2.456386959   -1.711842425
   7  H       1.00    1.667216543    2.456386959   -1.711842425
   8  H       1.00   -1.667216543   -2.456386959   -1.711842425
   9  H       1.00    1.667216543   -2.456386959   -1.711842425
  10  H       1.00   -1.655386857    0.000000000    2.357044057
  11  H       1.00    1.655386857    0.000000000    2.357044057

 Bond lengths in Bohr (Angstrom)

 1-3  2.885686199  1-4  2.063228105  1-6  2.066004951  1-7  2.066004951  2-3  2.885686199
     ( 1.527039374)     ( 1.091813294)     ( 1.093282738)     ( 1.093282738)     ( 1.527039374)

  2- 5  2.063228105   2- 8  2.066004951   2- 9  2.066004951   3-10  2.067354342   3-11  2.067354342
       ( 1.091813294)       ( 1.093282738)       ( 1.093282738)       ( 1.093996805)       ( 1.093996805)

 Bond angles

  1- 3- 2  112.08149801   1- 3-10  109.54940650   1- 3-11  109.54940650   2- 3-10  109.54940650

  2- 3-11  109.54940650   3- 1- 4  111.69876342   3- 1- 6  110.77597481   3- 1- 7  110.77597481

  3-2-5  111.69876342   3-2-8  110.77597481   3-2-9  110.77597481   4-1-6  107.91385870

  4-1-7  107.91385870   5-2-8  107.91385870   5-2-9  107.91385870   6-1-7  107.60305623

  8- 2- 9  107.60305623  10- 3-11  106.39920241

 NUCLEAR CHARGE:                   26
 NUMBER OF PRIMITIVE AOS:         277
 NUMBER OF SYMMETRY AOS:          254
 NUMBER OF CONTRACTIONS:          202   (   67A1  +   45B1  +   55B2  +   35A2  )
 NUMBER OF CORE ORBITALS:           3   (    2A1  +    0B1  +    1B2  +    0A2  )
 NUMBER OF VALENCE ORBITALS:       20   (    8A1  +    4B1  +    6B2  +    2A2  )


 NUCLEAR REPULSION ENERGY   82.63640389


 OPERATOR DM      FOR CENTER  0  COORDINATES:    0.000000    0.000000    0.000000


 **********************************************************************************************************************************
 DATASETS  * FILE   NREC   LENGTH (MB)   RECORD NAMES
              1      18       29.99       500      610      700      900      950      970     1002      129      960     1100   
                                          VAR    BASINP    GEOM    SYMINP    ZMAT    AOBASIS   BASIS     P2S    ABASIS      S 
                                         1400     1410     1200     1210     1080     1600     1650     1700   
                                           T        V       H0       H01     AOSYM     SMH    MOLCAS    OPER   

              2       7        5.29       700     1000      520     2100     1001     2101     1002   
                                         GEOM     BASIS   MCVARS     RHF     BASIS     RHF     BASIS   

 PROGRAMS   *        TOTAL       INT   CCSD(T)    HF-SCF       INT   CCSD(T)    HF-SCF       INT
 CPU TIMES  *         1.72      0.28      0.08      0.11      0.29      0.07      0.13      0.55
 REAL TIME  *         2.39 SEC
 DISK USED  *        35.32 MB (local),      317.87 MB (total)
 SF USED    *         0.04 MB
 GA USED    *         0.00 MB       (max)       0.00 MB       (current)
 **********************************************************************************************************************************


 PROGRAM * RHF-SCF (CLOSED SHELL)       Authors: W. Meyer, H.-J. Werner


 NUMBER OF ELECTRONS:       1+    1-
 CONVERGENCE THRESHOLDS:    1.00E-05 (Density)    1.00E-07 (Energy)
 MAX. NUMBER OF ITERATIONS:       60
 INTERPOLATION TYPE:            DIIS
 INTERPOLATION STEPS:              2 (START)      1 (STEP)
 LEVEL SHIFTS:                  0.00 (CLOSED)  0.00 (OPEN) 



 Molecular orbitals read from record     2101.2  Type=RHF/CANONICAL (state 1.1)

 Present basis size:       13    7    7    3   13    7    7    3
 Previous basis size:       7    3    3    1    7    3    3    1
 Previous occupation:       1    0    0    0    0    0    0    0
 Previous closed-shells:    1    0    0    0    0    0    0    0
 Present occupation:        1    0    0    0    0    0    0    0
 Present closed-shells:     1    0    0    0    0    0    0    0
 Wavefunction symmetry:    1   Singlet 

 Orbital overlap <old|new>:  < 1.1| 1.1> = 0.999991


 Molecular orbital dump at record        2102.2

 ITERATION    DDIFF          GRAD             ENERGY        2-EL.EN.            DIPOLE MOMENTS         DIIS   ORB.
    1      0.000D+00      0.000D+00        -1.13332621      1.316940    0.00000    0.00000    0.00000    0    start
    2      0.000D+00      0.612D-02        -1.13345910      1.316973    0.00000    0.00000    0.00000    1    diag
    3      0.114D-01      0.487D-03        -1.13346159      1.317099    0.00000    0.00000    0.00000    2    diag
    4      0.833D-03      0.500D-04        -1.13346165      1.317165    0.00000    0.00000    0.00000    3    diag
    5      0.741D-04      0.323D-05        -1.13346165      1.317175    0.00000    0.00000    0.00000    4    diag
    6      0.237D-05      0.102D-06        -1.13346165      1.317175    0.00000    0.00000    0.00000    0    orth

 Final occupancy:   1   0   0   0   0   0   0   0

 !RHF STATE  1.1 Energy                -1.133461647819
 Nuclear energy                         0.71454429
 One-electron energy                   -2.50659368
 Two-electron energy                    0.65858774
 Virial quotient                       -1.00673683
 !RHF STATE  1.1 Dipole moment          0.00000000     0.00000000     0.00000000
 Dipole moment /Debye                   0.00000000     0.00000000     0.00000000

 Orbital energies:

         1.1          2.1          3.1
     -0.594709     0.231550     0.802511

         1.2          2.2
      0.510055     2.153820

         1.3          2.3
      0.510055     2.153820

         1.4          2.4
      1.941997     6.238102

         1.5          2.5
      0.147680     0.521911

         1.6          2.6
      0.814832     2.361789

         1.7          2.7
      0.814832     2.361789

         1.8          2.8
      2.554371     7.611507


 HOMO      1.1    -0.594709 =     -16.1829eV
 LUMO      1.5     0.147680 =       4.0186eV
 LUMO-HOMO         0.742389 =      20.2014eV


 **********************************************************************************************************************************
 DATASETS  * FILE   NREC   LENGTH (MB)   RECORD NAMES
              1      18       29.99       500      610      700      900      950      970     1002      129      960     1100   
                                          VAR    BASINP    GEOM    SYMINP    ZMAT    AOBASIS   BASIS     P2S    ABASIS      S 
                                         1400     1410     1200     1210     1080     1600     1650     1700   
                                           T        V       H0       H01     AOSYM     SMH    MOLCAS    OPER   

              2       8        7.78       700     1000      520     2100     1001     2101     1002     2102   
                                         GEOM     BASIS   MCVARS     RHF     BASIS     RHF     BASIS     RHF  

 PROGRAMS   *        TOTAL    HF-SCF       INT   CCSD(T)    HF-SCF       INT   CCSD(T)    HF-SCF       INT
 CPU TIMES  *         1.85      0.13      0.28      0.08      0.11      0.29      0.07      0.13      0.55
 REAL TIME  *         2.55 SEC
 DISK USED  *        37.85 MB (local),      338.12 MB (total)
 SF USED    *         0.04 MB
 GA USED    *         0.00 MB       (max)       0.00 MB       (current)
 **********************************************************************************************************************************
 Molecular orbitals read from record     2102.2  Type=RHF/CANONICAL (state 1.1)
 Occupation numbers read from record     2102.2  Type=RHF/RHF (state 1.1)
 Orbital energies read from record       2102.2  Type=RHF/CANONICAL (state 1.1)
 Redundancy group numbers read from rec  2102.2  Type=RHF/RHF (state 1.1)

 HF/cc-pVQZ energy=     -1.133461647819

          HF-SCF         CCSD(T)          HF-SCF         CCSD(T)          HF-SCF
     -1.13346165     -1.17233392     -1.13296290     -1.16339118     -1.12870661
 **********************************************************************************************************************************
 Molpro calculation terminated
