
 Primary working directories    : /home/lcc09/tmp/molpro/molpro.KYtJI3OJ3e
 Secondary working directories  : /home/lcc09/tmp/molpro/molpro.KYtJI3OJ3e
 Wavefunction directory         : /root/wfu/
 Main file repository           : /home/lcc09/tmp/molpro/molpro.KYtJI3OJ3e/

 id        : scuxyl

 Nodes                nprocs
 localhost.localdomain    8

 Using customized tuning parameters: mindgm=1; mindgv=20; mindgc=4; mindgr=1; noblas=0; minvec=7
 default implementation of scratch files=sf  


 Variables initialized (934), CPU time= 0.00 sec
 ***,CCCCCCCCCCCC
 
 memory,240,m
 geometry={
 C       -0.090213        7.064068        0.000000
 C       -0.840508        5.729279        0.000000
 C        0.090213        4.510085        0.000000
 C       -0.652379        3.168956        0.000000
 C        0.278304        1.950469        0.000000
 C       -0.465243        0.609075        0.000000
 C        0.465243       -0.609075        0.000000
 C       -0.278304       -1.950469        0.000000
 C        0.652379       -3.168956        0.000000
 C       -0.090213       -4.510085        0.000000
 C        0.840508       -5.729279        0.000000
 C        0.090213       -7.064068        0.000000
 H       -0.781308        7.913400        0.000000
 H        0.551356        7.158428        0.883580
 H        0.551356        7.158428       -0.883580
 H       -1.500302        5.679774       -0.877006
 H       -1.500302        5.679774        0.877006
 H        0.751090        4.559971        0.877466
 H        0.751090        4.559971       -0.877466
 H       -1.313386        3.120161       -0.877360
 H       -1.313386        3.120161        0.877360
 H        0.939095        1.998551        0.877451
 H        0.939095        1.998551       -0.877451
 H       -1.126208        0.561174       -0.877385
 H       -1.126208        0.561174        0.877385
 H        1.126208       -0.561174        0.877385
 H        1.126208       -0.561174       -0.877385
 H       -0.939095       -1.998551       -0.877451
 H       -0.939095       -1.998551        0.877451
 H        1.313386       -3.120161        0.877360
 H        1.313386       -3.120161       -0.877360
 H       -0.751090       -4.559971       -0.877466
 H       -0.751090       -4.559971        0.877466
 H        1.500302       -5.679774        0.877006
 H        1.500302       -5.679774       -0.877006
 H        0.781308       -7.913400        0.000000
 H       -0.551356       -7.158428       -0.883580
 H       -0.551356       -7.158428        0.883580
 }
 
 basis=6-31g(d,p)
 {hf;wf,98,spin,0,state,1}
 mp2
 Commands  initialized (763), CPU time= 0.01 sec, 617 directives.
 Default parameters read. Elapsed time= 0.04 sec

 Checking input...
 Passed
1


                                         ***  PROGRAM SYSTEM MOLPRO  ***
                                       Copyright, TTI GmbH Stuttgart, 2015
                                    Version 2019.2 linked Jun  8 2019 11:26:33


 **********************************************************************************************************************************
 LABEL *   CCCCCCCCCCCC                                                                  
  64 bit mpp version                                                                     DATE: 15-Nov-22          TIME: 01:13:05  
 **********************************************************************************************************************************

 SHA1:             8135a10abc80eafa5b3ae28ffc55be4890dc4c84
 **********************************************************************************************************************************

Geometry recognized as XYZ


 Variable memory set to  240000000 words,  buffer space 

 SETTING BASIS          =    6-31G(D,P)


 Recomputing integrals since basis changed


 Using spherical harmonics

 Library entry C      S 6-31G                selected for orbital group  1
 Library entry C      P 6-31G                selected for orbital group  1
 Library entry C      D 6-31G*               selected for orbital group  1
 Library entry H      S 6-31G                selected for orbital group  2
 Library entry H      P 6-31G**              selected for orbital group  2


 PROGRAM * SEWARD (Integral evaluation for generally contracted gaussian basis sets)     Author: Roland Lindh, 1990

 Geometry written to block  1 of record 700


 Point group  C2h 



 ATOMIC COORDINATES

 NR  ATOM    CHARGE       X              Y              Z

   1  C       6.00   -0.170477863   13.349153845    0.000000000
   2  C       6.00    0.170477863  -13.349153845    0.000000000
   3  C       6.00   -1.588329926   10.826768201    0.000000000
   4  C       6.00    1.588329926  -10.826768201    0.000000000
   5  C       6.00    0.170477863    8.522825449    0.000000000
   6  C       6.00   -0.170477863   -8.522825449    0.000000000
   7  C       6.00   -1.232817639    5.988458941    0.000000000
   8  C       6.00    1.232817639   -5.988458941    0.000000000
   9  C       6.00    0.525918339    3.685852224    0.000000000
  10  C       6.00   -0.525918339   -3.685852224    0.000000000
  11  C       6.00   -0.879181851    1.150984939    0.000000000
  12  C       6.00    0.879181851   -1.150984939    0.000000000
  13  H       1.00   -1.476458139   14.954158714    0.000000000
  14  H       1.00    1.476458139  -14.954158714    0.000000000
  15  H       1.00    1.041911837   13.527468402    1.669724209
  16  H       1.00    1.041911837   13.527468402   -1.669724209
  17  H       1.00   -1.041911837  -13.527468402   -1.669724209
  18  H       1.00   -1.041911837  -13.527468402    1.669724209
  19  H       1.00   -2.835159884   10.733217309   -1.657301150
  20  H       1.00   -2.835159884   10.733217309    1.657301150
  21  H       1.00    2.835159884  -10.733217309    1.657301150
  22  H       1.00    2.835159884  -10.733217309   -1.657301150
  23  H       1.00    1.419354395    8.617096326    1.658170424
  24  H       1.00    1.419354395    8.617096326   -1.658170424
  25  H       1.00   -1.419354395   -8.617096326   -1.658170424
  26  H       1.00   -1.419354395   -8.617096326    1.658170424
  27  H       1.00   -2.481939836    5.896249755   -1.657970113
  28  H       1.00   -2.481939836    5.896249755    1.657970113
  29  H       1.00    2.481939836   -5.896249755    1.657970113
  30  H       1.00    2.481939836   -5.896249755   -1.657970113
  31  H       1.00    1.774632355    3.776714036    1.658142078
  32  H       1.00    1.774632355    3.776714036   -1.658142078
  33  H       1.00   -1.774632355   -3.776714036   -1.658142078
  34  H       1.00   -1.774632355   -3.776714036    1.658142078
  35  H       1.00   -2.128224679    1.060465168   -1.658017356
  36  H       1.00   -2.128224679    1.060465168    1.658017356
  37  H       1.00    2.128224679   -1.060465168    1.658017356
  38  H       1.00    2.128224679   -1.060465168   -1.658017356

 Bond lengths in Bohr (Angstrom)

  1- 3  2.893567661   1-13  2.069208813   1-15  2.071150357   1-16  2.071150357   2- 4  2.893567661
       ( 1.531210064)       ( 1.094978148)       ( 1.096005569)       ( 1.096005569)       ( 1.531210064)

  2-14  2.069208813   2-17  2.071150357   2-18  2.071150357   3- 5  2.898543952   3-19  2.076050051
       ( 1.094978148)       ( 1.096005569)       ( 1.096005569)       ( 1.533843404)       ( 1.098598376)

  3-20  2.076050051   4- 6  2.898543952   4-21  2.076050051   4-22  2.076050051   5- 7  2.896938360
       ( 1.098598376)       ( 1.533843404)       ( 1.098598376)       ( 1.098598376)       ( 1.532993762)

  5-23  2.078005954   5-24  2.078005954   6- 8  2.896938360   6-25  2.078005954   6-26  2.078005954
       ( 1.099633395)       ( 1.099633395)       ( 1.532993762)       ( 1.099633395)       ( 1.099633395)

  7- 9  2.897438512   7-27  2.077901271   7-28  2.077901271   8-10  2.897438512   8-29  2.077901271
       ( 1.533258431)       ( 1.099577999)       ( 1.099577999)       ( 1.533258431)       ( 1.099577999)

  8-30  2.077901271   9-11  2.898250972   9-31  2.077733792   9-32  2.077733792  10-12  2.898250972
       ( 1.099577999)       ( 1.533688366)       ( 1.099489373)       ( 1.099489373)       ( 1.533688366)

 10-33  2.077733792  10-34  2.077733792  11-12  2.896706446  11-35  2.077816972  11-36  2.077816972
       ( 1.099489373)       ( 1.099489373)       ( 1.532871038)       ( 1.099533390)       ( 1.099533390)

 12-37  2.077816972  12-38  2.077816972
       ( 1.099533390)       ( 1.099533390)

 Bond angles

  1- 3- 5  113.30156287   1- 3-19  109.48533123   1- 3-20  109.48533123   2- 4- 6  113.30156287

  2- 4-21  109.48533123   2- 4-22  109.48533123   3- 1-13  111.52434205   3- 1-15  111.21585740

  3- 1-16  111.21585740   3- 5- 7  113.66864410   3- 5-23  109.18501480   3- 5-24  109.18501480

  4- 2-14  111.52434205   4- 2-17  111.21585740   4- 2-18  111.21585740   4- 6- 8  113.66864410

  4- 6-25  109.18501480   4- 6-26  109.18501480   5- 3-19  109.18423158   5- 3-20  109.18423158

  5- 7- 9  113.65374164   5- 7-27  109.27005915   5- 7-28  109.27005915   6- 4-21  109.18423158

  6- 4-22  109.18423158   6- 8-10  113.65374164   6- 8-29  109.27005915   6- 8-30  109.27005915

  7- 5-23  109.31826415   7- 5-24  109.31826415   7- 9-11  113.62732540   7- 9-31  109.27184353

  7- 9-32  109.27184353   8- 6-25  109.31826415   8- 6-26  109.31826415   8-10-12  113.62732540

  8-10-33  109.27184353   8-10-34  109.27184353   9- 7-27  109.24619043   9- 7-28  109.24619043

  9-11-12  113.62553121   9-11-35  109.24070144   9-11-36  109.24070144  10- 8-29  109.24619043

 10- 8-30  109.24619043  10-12-11  113.62553121  10-12-37  109.24070144  10-12-38  109.24070144

 11- 9-31  109.24558369  11- 9-32  109.24558369  11-12-37  109.28577118  11-12-38  109.28577118

 12-10-33  109.24558369  12-10-34  109.24558369  12-11-35  109.28577118  12-11-36  109.28577118

 13- 1-15  107.61840313  13- 1-16  107.61840313  14- 2-17  107.61840313  14- 2-18  107.61840313

 15- 1-16  107.44913133  17- 2-18  107.44913133  19- 3-20  105.93525875  21- 4-22  105.93525875

 23- 5-24  105.87191031  25- 6-26  105.87191031  27- 7-28  105.86122581  29- 8-30  105.86122581

 31- 9-32  105.88919127  33-10-34  105.88919127  35-11-36  105.87170287  37-12-38  105.87170287

 NUCLEAR CHARGE:                   98
 NUMBER OF PRIMITIVE AOS:         518
 NUMBER OF SYMMETRY AOS:          506
 NUMBER OF CONTRACTIONS:          298   (   94Ag  +   55Au  +   94Bu  +   55Bg  )
 NUMBER OF CORE ORBITALS:          12   (    6Ag  +    0Au  +    6Bu  +    0Bg  )
 NUMBER OF VALENCE ORBITALS:       74   (   25Ag  +   12Au  +   25Bu  +   12Bg  )


 NUCLEAR REPULSION ENERGY  669.28120390


 Eigenvalues of metric

         1 0.258E-02 0.482E-02 0.982E-02 0.141E-01 0.148E-01 0.249E-01 0.300E-01 0.324E-01
         2 0.156E-01 0.334E-01 0.442E-01 0.512E-01 0.638E-01 0.756E-01 0.171E+00 0.174E+00
         3 0.260E-02 0.349E-02 0.701E-02 0.120E-01 0.127E-01 0.153E-01 0.253E-01 0.297E-01
         4 0.115E-01 0.232E-01 0.413E-01 0.468E-01 0.569E-01 0.706E-01 0.170E+00 0.174E+00


 Contracted 2-electron integrals neglected if value below      1.0D-11
 AO integral compression algorithm  1   Integral accuracy      1.0D-11

     582.746 MB (compressed) written to integral file ( 31.7%)

     Node minimum: 65.012 MB, node maximum: 80.740 MB


 NUMBER OF SORTED TWO-ELECTRON INTEGRALS:   31481724.     BUFFER LENGTH:  32768
 NUMBER OF SEGMENTS:   2  SEGMENT LENGTH:   15996654      RECORD LENGTH: 524288

 Memory used in sort:      16.55 MW

 SORT1 READ   229197608. AND WROTE    18604696. INTEGRALS IN     55 RECORDS. CPU TIME:     3.92 SEC, REAL TIME:     5.34 SEC
 SORT2 READ   149024213. AND WROTE   251937205. INTEGRALS IN   2320 RECORDS. CPU TIME:     0.38 SEC, REAL TIME:     0.47 SEC

 Node minimum:    31461714.  Node maximum:    31546048. integrals

 OPERATOR DM      FOR CENTER  0  COORDINATES:    0.000000    0.000000    0.000000


 **********************************************************************************************************************************
 DATASETS  * FILE   NREC   LENGTH (MB)   RECORD NAMES
              1      18       31.54       500      610      700      900      950      970     1000      129      960     1100   
                                          VAR    BASINP    GEOM    SYMINP    ZMAT    AOBASIS   BASIS     P2S    ABASIS      S 
                                         1400     1410     1200     1210     1080     1600     1650     1700   
                                           T        V       H0       H01     AOSYM     SMH    MOLCAS    OPER   

 PROGRAMS   *        TOTAL       INT
 CPU TIMES  *         6.44      6.37
 REAL TIME  *         8.12 SEC
 DISK USED  *        32.56 MB (local),        2.71 GB (total)
 GA USED    *         0.00 MB       (max)       0.00 MB       (current)
 **********************************************************************************************************************************


 PROGRAM * RHF-SCF (CLOSED SHELL)       Authors: W. Meyer, H.-J. Werner


 NUMBER OF ELECTRONS:      49+   49-
 CONVERGENCE THRESHOLDS:    1.00E-05 (Density)    1.00E-07 (Energy)
 MAX. NUMBER OF ITERATIONS:       60
 INTERPOLATION TYPE:            DIIS
 INTERPOLATION STEPS:              2 (START)      1 (STEP)
 LEVEL SHIFTS:                  0.00 (CLOSED)  0.00 (OPEN) 



 Orbital guess generated from atomic densities. Full valence occupancy:   31  12  31  12

 Molecular orbital dump at record        2100.2

 Initial occupancy:  19   6  18   6

 ITERATION    DDIFF          GRAD             ENERGY        2-EL.EN.            DIPOLE MOMENTS         DIIS   ORB.
    1      0.000D+00      0.000D+00      -469.43958891   1654.153204    0.00000    0.00000    0.00000    0    start
    2      0.000D+00      0.564D-02      -469.59376848   1639.555420    0.00000    0.00000    0.00000    1    diag
    3      0.612D-02      0.211D-02      -469.61115624   1644.573604    0.00000    0.00000    0.00000    2    diag
    4      0.190D-02      0.585D-03      -469.61340300   1643.378595    0.00000    0.00000    0.00000    3    diag
    5      0.933D-03      0.663D-04      -469.61342909   1643.380428    0.00000    0.00000    0.00000    4    diag
    6      0.124D-03      0.225D-04      -469.61343117   1643.379726    0.00000    0.00000    0.00000    5    diag
    7      0.255D-04      0.273D-05      -469.61343122   1643.379166    0.00000    0.00000    0.00000    6    diag
    8      0.575D-05      0.619D-06      -469.61343122   1643.379303    0.00000    0.00000    0.00000    0    orth

 Final occupancy:  19   6  18   6

 !RHF STATE  1.1 Energy              -469.613431221546
 Nuclear energy                       669.28120390
 One-electron energy                -1960.58428678
 Two-electron energy                  821.68965166
 Virial quotient                       -1.00071844
 !RHF STATE  1.1 Dipole moment          0.00000000     0.00000000     0.00000000
 Dipole moment /Debye                   0.00000000     0.00000000     0.00000000

 Orbital energies:

         1.1          2.1          3.1          4.1          5.1          6.1          7.1          8.1          9.1         10.1
    -11.216164   -11.214344   -11.214123   -11.213744   -11.213401   -11.211026    -1.092483    -1.054511    -0.981524    -0.883893

        11.1         12.1         13.1         14.1         15.1         16.1         17.1         18.1         19.1         20.1
     -0.796247    -0.779327    -0.589222    -0.565604    -0.512727    -0.505462    -0.466293    -0.452182    -0.416522     0.225798

        21.1
      0.240448

         1.2          2.2          3.2          4.2          5.2          6.2          7.2          8.2
     -0.656395    -0.623091    -0.565319    -0.503590    -0.463650    -0.453174     0.255197     0.298352

         1.3          2.3          3.3          4.3          5.3          6.3          7.3          8.3          9.3         10.3
    -11.216164   -11.214286   -11.213943   -11.213555   -11.213250   -11.211026    -1.078222    -1.021944    -0.934592    -0.834295

        11.3         12.3         13.3         14.3         15.3         16.3         17.3         18.3         19.3         20.3
     -0.784921    -0.778858    -0.587221    -0.560957    -0.536533    -0.483668    -0.458423    -0.454674     0.231761     0.252774

         1.4          2.4          3.4          4.4          5.4          6.4          7.4          8.4
     -0.643638    -0.596251    -0.533255    -0.479608    -0.455648    -0.453542     0.271979     0.328223


 HOMO     19.1    -0.416522 =     -11.3341eV
 LUMO     20.1     0.225798 =       6.1443eV
 LUMO-HOMO         0.642320 =      17.4784eV


 **********************************************************************************************************************************
 DATASETS  * FILE   NREC   LENGTH (MB)   RECORD NAMES
              1      18       31.56       500      610      700      900      950      970     1000      129      960     1100   
                                          VAR    BASINP    GEOM    SYMINP    ZMAT    AOBASIS   BASIS     P2S    ABASIS      S 
                                         1400     1410     1200     1210     1080     1600     1650     1700   
                                           T        V       H0       H01     AOSYM     SMH    MOLCAS    OPER   

              2       4        3.92       700     1000      520     2100   
                                         GEOM     BASIS   MCVARS     RHF  

 PROGRAMS   *        TOTAL    HF-SCF       INT
 CPU TIMES  *         7.54      1.10      6.37
 REAL TIME  *         9.31 SEC
 DISK USED  *        37.02 MB (local),        2.75 GB (total)
 SF USED    *         0.10 MB
 GA USED    *         0.00 MB       (max)       0.00 MB       (current)
 **********************************************************************************************************************************


 PROGRAM * MP2 (Closed-shell)     Authors: C. Hampel, H.-J. Werner, 1991, M. Deegan, P.J. Knowles, 1992


 Convergence thresholds:  THRVAR = 1.00D-08  THRDEN = 1.00D-06

 Number of core orbitals:          12 (   6   0   6   0 )
 Number of closed-shell orbitals:  37 (  13   6  12   6 )
 Number of external orbitals:     249 (  75  49  76  49 )

 Molecular orbitals read from record     2100.2  Type=RHF/CANONICAL (state 1.1)

 Number of N-1 electron functions:              37
 Number of N-2 electron functions:             703
 Number of singly external CSFs:              2475
 Number of doubly external CSFs:          10673868
 Total number of CSFs:                    10676344

 Length of J-op  integral file:               0.00 MB
 Length of K-op  integral file:               1.64 MB

 Integral transformation finished. Total CPU:   1.73 sec, npass=  1  Memory used:  16.15 MW

 Memory needed for MP2:                      0.12 MW

 SCS-MP2 correlation energy:           -1.745500464622   (PS=  1.200000  PT=  0.333333)
 SCS-MP2 total energy:               -471.358931686171


  Reference energy                   -469.613431221549
  MP2 singlet pair energy              -1.153443590411
  MP2 triplet pair energy              -0.580770250922
  MP2 correlation energy               -1.734213841333

 !MP2 total energy                   -471.347645062882


 **********************************************************************************************************************************
 DATASETS  * FILE   NREC   LENGTH (MB)   RECORD NAMES
              1      19      222.72       500      610      700      900      950      970     1000      129      960     1100   
                                          VAR    BASINP    GEOM    SYMINP    ZMAT    AOBASIS   BASIS     P2S    ABASIS      S 
                                         1400     1410     1200     1210     1080     1600     1650     1700     1380   
                                           T        V       H0       H01     AOSYM     SMH    MOLCAS    OPER     JKOP   

              2       4        3.92       700     1000      520     2100   
                                         GEOM     BASIS   MCVARS     RHF  

 PROGRAMS   *        TOTAL       MP2    HF-SCF       INT
 CPU TIMES  *         9.41      1.85      1.10      6.37
 REAL TIME  *        11.60 SEC
 DISK USED  *       226.73 MB (local),        4.26 GB (total)
 SF USED    *       415.22 MB
 GA USED    *         0.00 MB       (max)       0.00 MB       (current)
 **********************************************************************************************************************************
 Molecular orbitals read from record     2100.2  Type=RHF/CANONICAL (state 1.1)
 Occupation numbers read from record     2100.2  Type=RHF/RHF (state 1.1)
 Orbital energies read from record       2100.2  Type=RHF/CANONICAL (state 1.1)
 Redundancy group numbers read from rec  2100.2  Type=RHF/RHF (state 1.1)

 MP2/6-31G(D,P) energy=   -471.347645062882

             MP2          HF-SCF
   -471.34764506   -469.61343122
 **********************************************************************************************************************************
 Molpro calculation terminated
