
 Primary working directories    : /scratch/lcc09/molpro/molpro.LWhYMQeRnH
 Secondary working directories  : /scratch/lcc09/molpro/molpro.LWhYMQeRnH
 Wavefunction directory         : /home/lcc09/wfu/
 Main file repository           : /scratch/lcc09/molpro/molpro.LWhYMQeRnH/

 id        : scuxyl

 Nodes     nprocs
 server       8

 Using customized tuning parameters: mindgm=1; mindgv=20; mindgc=4; mindgr=1; noblas=0; minvec=7
 default implementation of scratch files=sf  


 Variables initialized (934), CPU time= 0.01 sec
 ***,CCCCCCCCCCCCc1ccccc1
 
 memory,900,m
 geometry={
 C        9.795375       -0.773248        0.049931
 C        8.584024        0.161871       -0.012758
 C        7.242325       -0.579193        0.038967
 C        6.023808        0.349642       -0.023419
 C        4.682387       -0.391869        0.028211
 C        3.463932        0.537291       -0.034746
 C        2.122621       -0.204446        0.016710
 C        0.904162        0.724662       -0.047132
 C       -0.436972       -0.017523        0.004149
 C       -1.655264        0.911846       -0.060922
 C       -2.994421        0.167353       -0.009656
 C       -4.215309        1.106397       -0.076998
 C       -5.536202        0.369043       -0.026716
 C       -6.150385       -0.087253       -1.200947
 C       -7.348443       -0.800788       -1.155330
 C       -7.956408       -1.071262        0.071611
 C       -7.357365       -0.621630        1.249340
 C       -6.159244        0.091457        1.197575
 H       10.736247       -0.214633        0.010965
 H        9.793903       -1.480351       -0.787457
 H        9.795537       -1.360094        0.975584
 H        8.630916        0.760438       -0.932741
 H        8.632465        0.879816        0.817335
 H        7.195692       -1.178727        0.959525
 H        7.194205       -1.298246       -0.791506
 H        6.071587        0.948948       -0.943948
 H        6.072976        1.068438        0.807080
 H        4.634395       -0.990913        0.948846
 H        4.633327       -1.110848       -0.802081
 H        3.511938        1.136328       -0.955403
 H        3.512843        1.256275        0.795566
 H        2.074298       -0.803078        0.937579
 H        2.073904       -0.923751       -0.813301
 H        0.952410        1.323238       -0.968062
 H        0.952614        1.443986        0.782896
 H       -0.485922       -0.615437        0.925325
 H       -0.485436       -0.737177       -0.825436
 H       -1.606992        1.509848       -0.982296
 H       -1.607654        1.631786        0.768698
 H       -3.051691       -0.428109        0.911316
 H       -3.050019       -0.551341       -0.838176
 H       -4.159136        1.698105       -0.999568
 H       -4.161206        1.821436        0.753748
 H       -5.685656        0.123958       -2.161348
 H       -7.809464       -1.141450       -2.078293
 H       -8.890948       -1.623415        0.109282
 H       -7.825362       -0.822012        2.209171
 H       -5.701497        0.442883        2.119479
 }
 
 basis=6-31g(d,p)
 {hf;wf,138,spin,0,charge,0,state,1}
 mp2
 Commands  initialized (763), CPU time= 0.01 sec, 617 directives.
 Default parameters read. Elapsed time= 0.04 sec

 Checking input...
 Passed
1


                                         ***  PROGRAM SYSTEM MOLPRO  ***
                                       Copyright, TTI GmbH Stuttgart, 2015
                                    Version 2019.2 linked Jun  8 2019 11:26:33


 **********************************************************************************************************************************
 LABEL *   CCCCCCCCCCCCc1ccccc1                                                          
  64 bit mpp version                                                                     DATE: 24-Feb-23          TIME: 01:35:40  
 **********************************************************************************************************************************

 SHA1:             8135a10abc80eafa5b3ae28ffc55be4890dc4c84
 **********************************************************************************************************************************

Geometry recognized as XYZ


 Variable memory set to  900000000 words,  buffer space 

 SETTING BASIS          =    6-31G(D,P)


 Recomputing integrals since basis changed


 Using spherical harmonics

 Library entry C      S 6-31G                selected for orbital group  1
 Library entry C      P 6-31G                selected for orbital group  1
 Library entry C      D 6-31G*               selected for orbital group  1
 Library entry H      S 6-31G                selected for orbital group  2
 Library entry H      P 6-31G**              selected for orbital group  2


 PROGRAM * SEWARD (Integral evaluation for generally contracted gaussian basis sets)     Author: Roland Lindh, 1990

 Geometry written to block  1 of record 700


 Point group  C1  



 ATOMIC COORDINATES

 NR  ATOM    CHARGE       X              Y              Z

   1  C       6.00   18.510576037   -1.461226946    0.094355915
   2  C       6.00   16.221454407    0.305891858   -0.024109126
   3  C       6.00   13.686010755   -1.094516143    0.073636958
   4  C       6.00   11.383347347    0.660727622   -0.044255496
   5  C       6.00    8.848429039   -0.740525087    0.053311064
   6  C       6.00    6.545882794    1.015332839   -0.065660424
   7  C       6.00    4.011172356   -0.386346947    0.031577324
   8  C       6.00    1.708618552    1.369412713   -0.089066572
   9  C       6.00   -0.825757404   -0.033113671    0.007840474
  10  C       6.00   -3.127995624    1.723139208   -0.115125895
  11  C       6.00   -5.658635592    0.316251336   -0.018247195
  12  C       6.00   -7.965779540    2.090787315   -0.145505132
  13  C       6.00  -10.461905550    0.697390198   -0.050485923
  14  C       6.00  -11.622543211   -0.164884274   -2.269460920
  15  C       6.00  -13.886544712   -1.513270004   -2.183257283
  16  C       6.00  -15.035432055   -2.024391788    0.135325178
  17  C       6.00  -13.903404848   -1.174710451    2.360910436
  18  C       6.00  -11.639284294    0.172828682    2.263088764
  19  H       1.00   20.288566436   -0.405597587    0.020720847
  20  H       1.00   18.507794361   -2.797457958   -1.488078065
  21  H       1.00   18.510882173   -2.570205164    1.843586572
  22  H       1.00   16.310067444    1.437019555   -1.762625035
  23  H       1.00   16.312994630    1.662611280    1.544539302
  24  H       1.00   13.597887157   -2.227471206    1.813239460
  25  H       1.00   13.595077134   -2.453329382   -1.495729566
  26  H       1.00   11.473636571    1.793251826   -1.783803196
  27  H       1.00   11.476261401    2.019055201    1.525160161
  28  H       1.00    8.757737303   -1.872554183    1.793059074
  29  H       1.00    8.755719076   -2.099198486   -1.515713420
  30  H       1.00    6.636600986    2.147348708   -1.805450009
  31  H       1.00    6.638311189    2.374015687    1.503401854
  32  H       1.00    3.919855121   -1.517597477    1.771767530
  33  H       1.00    3.919110569   -1.745636397   -1.536916147
  34  H       1.00    1.799794058    2.500557418   -1.829372052
  35  H       1.00    1.800179562    2.728738068    1.479459024
  36  H       1.00   -0.918259498   -1.163007377    1.748610826
  37  H       1.00   -0.917341091   -1.393062635   -1.559847973
  38  H       1.00   -3.036774764    2.853199210   -1.856270413
  39  H       1.00   -3.038025763    3.083628634    1.452628693
  40  H       1.00   -5.766860207   -0.809008761    1.722137653
  41  H       1.00   -5.763700585   -1.041883491   -1.583923084
  42  H       1.00   -7.859627955    3.208953381   -1.888909763
  43  H       1.00   -7.863539688    3.442015193    1.424377287
  44  H       1.00  -10.744332678    0.234246671   -4.084355780
  45  H       1.00  -14.757748140   -2.157027885   -3.927404577
  46  H       1.00  -16.801456708   -3.067809737    0.206513050
  47  H       1.00  -14.787791006   -1.553377551    4.174728152
  48  H       1.00  -10.774267830    0.836927575    4.005234837

 Bond lengths in Bohr (Angstrom)

  1- 2  2.894273773   1-19  2.069063876   1-20  2.071139386   1-21  2.071144773   2- 3  2.898132394
       ( 1.531583723)       ( 1.094901451)       ( 1.095999764)       ( 1.096002614)       ( 1.533625617)

  2-22  2.075991258   2-23  2.075987739   3- 4  2.897764324   3-24  2.077876273   3-25  2.077872380
       ( 1.098567264)       ( 1.098565402)       ( 1.533430843)       ( 1.099564771)       ( 1.099562711)

  4- 5  2.898075088   4-26  2.077688480   4-27  2.077679556   5- 6  2.898087383   5-28  2.077603910
       ( 1.533595292)       ( 1.099465395)       ( 1.099460673)       ( 1.533601799)       ( 1.099420643)

  5-29  2.077601110   6- 7  2.898088751   6-30  2.077632671   6-31  2.077623287   7- 8  2.898102992
       ( 1.099419161)       ( 1.533602522)       ( 1.099435862)       ( 1.099430896)       ( 1.533610058)

  7-32  2.077577568   7-33  2.077574294   8- 9  2.898194735   8-34  2.077610281   8-35  2.077599909
       ( 1.099406703)       ( 1.099404971)       ( 1.533658606)       ( 1.099424014)       ( 1.099418525)

  9-10  2.898248734   9-36  2.077377636   9-37  2.077377150  10-11  2.897042908  10-38  2.077724979
       ( 1.533687181)       ( 1.099300904)       ( 1.099300646)       ( 1.533049086)       ( 1.099484709)

 10-39  2.077710399  11-12  2.913431949  11-40  2.075298117  11-41  2.075309579  12-13  2.860284817
       ( 1.099476994)       ( 1.541721793)       ( 1.098200469)       ( 1.098206535)       ( 1.513597542)

 12-42  2.073890840  12-43  2.073837162  13-14  2.648480145  13-18  2.648398256  14-15  2.636527630
       ( 1.097455770)       ( 1.097427366)       ( 1.401515337)       ( 1.401472003)       ( 1.395190338)

 14-44  2.055335156  15-16  2.637614876  15-45  2.053160832  16-17  2.637550704  16-46  2.052469684
       ( 1.087636525)       ( 1.395765684)       ( 1.086485923)       ( 1.395731725)       ( 1.086120183)

 17-18  2.636602488  17-47  2.053159116  18-48  2.055323275
       ( 1.395229951)       ( 1.086485014)       ( 1.087630238)

 Bond angles

  1- 2- 3  113.29881706   1- 2-22  109.46227325   1- 2-23  109.46395951   2- 1-19  111.51152787

  2- 1-20  111.19702556   2- 1-21  111.19872574   2- 3- 4  113.64854627   2- 3-24  109.19646491

  2- 3-25  109.19629564   3- 2-22  109.20021579   3- 2-23  109.20105441   3- 4- 5  113.62914861

  3- 4-26  109.25078028   3- 4-27  109.25282236   4- 3-24  109.30693153   4- 3-25  109.30558923

  4- 5- 6  113.61695141   4- 5-28  109.25818115   4- 5-29  109.25696260   5- 4-26  109.25387782

  5- 4-27  109.25615249   5- 6- 7  113.60797805   5- 6-30  109.25646186   5- 6-31  109.26056571

  6- 5-28  109.25753725   6- 5-29  109.25412245   6- 7- 8  113.60780056   6- 7-32  109.26267222

  6- 7-33  109.26064560   7- 6-30  109.25725651   7- 6-31  109.26041210   7- 8- 9  113.59038371

  7- 8-34  109.25936600   7- 8-35  109.26503488   8- 7-32  109.25812441   8- 7-33  109.25306240

  8- 9-10  113.57634909   8- 9-36  109.27906782   8- 9-37  109.27622958   9- 8-34  109.26016560

  9- 8-35  109.26386758   9-10-11  113.46529384   9-10-38  109.28469320   9-10-39  109.29178078

 10- 9-36  109.25490026  10- 9-37  109.24805492  10-11-12  113.23432021  10-11-40  109.68891738

 10-11-41  109.68218378  11-10-38  109.29942655  11-10-39  109.30421376  11-12-13  113.13555060

 11-12-42  108.94036451  11-12-43  108.95049274  12-11-40  109.00139713  12-11-41  108.99940219

 12-13-14  120.87760582  12-13-18  120.89540107  13-12-42  109.58772426  13-12-43  109.58986741

 13-14-15  121.02562927  13-14-44  119.29760150  13-18-17  121.02410821  13-18-48  119.29891011

 14-13-18  118.20332216  14-15-16  120.12442164  14-15-45  119.79830384  15-14-44  119.67612382

 15-16-17  119.49647231  15-16-46  120.25108783  16-15-45  120.07665684  16-17-18  120.12592706

 16-17-47  120.07644477  17-16-46  120.25182810  17-18-48  119.67633707  18-17-47  119.79701338

 19- 1-20  107.64539938  19- 1-21  107.64454565  20- 1-21  107.44784336  22- 2-23  105.95108046

 24- 3-25  105.89655543  26- 4-27  105.91002268  28- 5-29  105.90986841  30- 6-31  105.91169504

 32- 7-33  105.91210639  34- 8-35  105.91715037  36- 9-37  105.92272377  38-10-39  105.91915566

 40-11-41  105.97390557  42-12-43  106.41200501

 NUCLEAR CHARGE:                  138
 NUMBER OF PRIMITIVE AOS:         714
 NUMBER OF SYMMETRY AOS:          696
 NUMBER OF CONTRACTIONS:          402   (  402A   )
 NUMBER OF CORE ORBITALS:          18   (   18A   )
 NUMBER OF VALENCE ORBITALS:      102   (  102A   )


 NUCLEAR REPULSION ENERGY 1138.81428489


 Eigenvalues of metric

         1 0.473E-03 0.241E-02 0.249E-02 0.252E-02 0.288E-02 0.350E-02 0.396E-02 0.492E-02


 Contracted 2-electron integrals neglected if value below      1.0D-11
 AO integral compression algorithm  1   Integral accuracy      1.0D-11

     1750.073 MB (compressed) written to integral file ( 25.3%)

     Node minimum: 201.589 MB, node maximum: 223.871 MB


 NUMBER OF SORTED TWO-ELECTRON INTEGRALS:  410103000.     BUFFER LENGTH:  32768
 NUMBER OF SEGMENTS:  13  SEGMENT LENGTH:   31996696      RECORD LENGTH: 524288

 Memory used in sort:      32.55 MW

 SORT1 READ   864504394. AND WROTE    57970149. INTEGRALS IN    173 RECORDS. CPU TIME:    11.94 SEC, REAL TIME:    12.55 SEC
 SORT2 READ   463674584. AND WROTE  3280783506. INTEGRALS IN   6808 RECORDS. CPU TIME:     6.99 SEC, REAL TIME:     7.69 SEC

 Node minimum:   410062500.  Node maximum:   410133378. integrals

 OPERATOR DM      FOR CENTER  0  COORDINATES:    0.000000    0.000000    0.000000


 **********************************************************************************************************************************
 DATASETS  * FILE   NREC   LENGTH (MB)   RECORD NAMES
              1      18       36.76       500      610      700      900      950      970     1000      129      960     1100   
                                          VAR    BASINP    GEOM    SYMINP    ZMAT    AOBASIS   BASIS     P2S    ABASIS      S 
                                         1400     1410     1200     1210     1080     1600     1650     1700   
                                           T        V       H0       H01     AOSYM     SMH    MOLCAS    OPER   

 PROGRAMS   *        TOTAL       INT
 CPU TIMES  *        25.00     24.93
 REAL TIME  *        27.65 SEC
 DISK USED  *        37.97 MB (local),        7.89 GB (total)
 GA USED    *         0.00 MB       (max)       0.00 MB       (current)
 **********************************************************************************************************************************


 PROGRAM * RHF-SCF (CLOSED SHELL)       Authors: W. Meyer, H.-J. Werner


 NUMBER OF ELECTRONS:      69+   69-    SPACE SYMMETRY=1    SPIN SYMMETRY: Singlet 
 CONVERGENCE THRESHOLDS:    1.00E-05 (Density)    1.00E-07 (Energy)
 MAX. NUMBER OF ITERATIONS:       60
 INTERPOLATION TYPE:            DIIS
 INTERPOLATION STEPS:              2 (START)      1 (STEP)
 LEVEL SHIFTS:                  0.00 (CLOSED)  0.00 (OPEN) 



 Orbital guess generated from atomic densities. Full valence occupancy:   69

 Molecular orbital dump at record        2100.2

 Initial occupancy:  69

 ITERATION    DDIFF          GRAD             ENERGY        2-EL.EN.            DIPOLE MOMENTS         DIIS   ORB.
    1      0.000D+00      0.000D+00      -698.93727781   2748.437366    0.19562    0.05104   -0.00376    0    start
    2      0.000D+00      0.248D-02      -699.14054815   2729.041296    0.21493    0.01853   -0.00106    1    diag
    3      0.281D-02      0.901D-03      -699.16251349   2735.869352    0.12576    0.04001   -0.00259    2    diag
    4      0.933D-03      0.261D-03      -699.16535929   2734.212834    0.14347    0.03819   -0.00254    3    diag
    5      0.422D-03      0.366D-04      -699.16540142   2734.237740    0.11903    0.02879   -0.00182    4    diag
    6      0.587D-04      0.179D-04      -699.16541034   2734.219961    0.12620    0.03379   -0.00221    5    diag
    7      0.203D-04      0.280D-05      -699.16541060   2734.222509    0.12442    0.03234   -0.00210    6    diag
    8      0.368D-05      0.874D-06      -699.16541064   2734.221894    0.12431    0.03254   -0.00212    7    diag
    9      0.140D-05      0.254D-06      -699.16541064   2734.221854    0.12422    0.03255   -0.00212    0    orth

 Final occupancy:  69

 !RHF STATE  1.1 Energy              -699.165410642095
 Nuclear energy                      1138.81428489
 One-electron energy                -3205.09062269
 Two-electron energy                 1367.11092717
 Virial quotient                       -1.00085293
 !RHF STATE  1.1 Dipole moment          0.12421968     0.03254852    -0.00211760
 Dipole moment /Debye                   0.31571424     0.08272466    -0.00538205

 Orbital energies:

         1.1          2.1          3.1          4.1          5.1          6.1          7.1          8.1          9.1         10.1
    -11.234248   -11.229947   -11.229757   -11.226611   -11.225827   -11.225737   -11.224210   -11.218636   -11.216832   -11.216428

        11.1         12.1         13.1         14.1         15.1         16.1         17.1         18.1         19.1         20.1
    -11.215726   -11.215142   -11.214827   -11.214615   -11.214348   -11.214071   -11.213808   -11.211242    -1.144934    -1.093899

        21.1         22.1         23.1         24.1         25.1         26.1         27.1         28.1         29.1         30.1
     -1.081493    -1.061868    -1.036997    -1.007202    -1.003802    -0.971862    -0.931237    -0.886585    -0.841825    -0.817371

        31.1         32.1         33.1         34.1         35.1         36.1         37.1         38.1         39.1         40.1
     -0.805107    -0.786610    -0.782955    -0.780799    -0.777151    -0.684362    -0.658202    -0.647703    -0.632366    -0.627468

        41.1         42.1         43.1         44.1         45.1         46.1         47.1         48.1         49.1         50.1
     -0.614480    -0.591193    -0.589088    -0.583038    -0.575432    -0.569936    -0.563741    -0.561865    -0.542590    -0.532222

        51.1         52.1         53.1         54.1         55.1         56.1         57.1         58.1         59.1         60.1
     -0.526669    -0.514399    -0.505067    -0.491749    -0.488662    -0.485818    -0.477188    -0.474894    -0.466702    -0.463841

        61.1         62.1         63.1         64.1         65.1         66.1         67.1         68.1         69.1         70.1
     -0.458482    -0.457426    -0.454715    -0.454052    -0.453770    -0.452928    -0.417950    -0.326710    -0.315968     0.147129

        71.1
      0.148492


 HOMO     69.1    -0.315968 =      -8.5979eV
 LUMO     70.1     0.147129 =       4.0036eV
 LUMO-HOMO         0.463097 =      12.6015eV


 **********************************************************************************************************************************
 DATASETS  * FILE   NREC   LENGTH (MB)   RECORD NAMES
              1      18       36.76       500      610      700      900      950      970     1000      129      960     1100   
                                          VAR    BASINP    GEOM    SYMINP    ZMAT    AOBASIS   BASIS     P2S    ABASIS      S 
                                         1400     1410     1200     1210     1080     1600     1650     1700   
                                           T        V       H0       H01     AOSYM     SMH    MOLCAS    OPER   

              2       4        6.86       700     1000      520     2100   
                                         GEOM     BASIS   MCVARS     RHF  

 PROGRAMS   *        TOTAL    HF-SCF       INT
 CPU TIMES  *        43.19     18.13     24.93
 REAL TIME  *        46.51 SEC
 DISK USED  *        54.10 MB (local),        8.02 GB (total)
 SF USED    *         0.65 MB
 GA USED    *         0.00 MB       (max)       0.00 MB       (current)
 **********************************************************************************************************************************


 PROGRAM * MP2 (Closed-shell)     Authors: C. Hampel, H.-J. Werner, 1991, M. Deegan, P.J. Knowles, 1992


 Convergence thresholds:  THRVAR = 1.00D-08  THRDEN = 1.00D-06

 Number of core orbitals:          18 (  18 )
 Number of closed-shell orbitals:  51 (  51 )
 Number of external orbitals:     333 ( 333 )

 Molecular orbitals read from record     2100.2  Type=RHF/CANONICAL (state 1.1)

 Number of N-1 electron functions:              51
 Number of N-2 electron functions:            1326
 Number of singly external CSFs:             16983
 Number of doubly external CSFs:         144219636
 Total number of CSFs:                   144236620

 Length of J-op  integral file:               0.00 MB
 Length of K-op  integral file:              11.12 MB

 Integral transformation finished. Total CPU: 819.72 sec, npass=  1  Memory used: 337.23 MW

 Memory needed for MP2:                      0.77 MW

 SCS-MP2 correlation energy:           -2.491665222408   (PS=  1.200000  PT=  0.333333)
 SCS-MP2 total energy:               -701.657075864524


  Reference energy                   -699.165410642116
  MP2 singlet pair energy              -1.613630164053
  MP2 triplet pair energy              -0.892460933909
  MP2 correlation energy               -2.506091097963

 !MP2 total energy                   -701.671501740079


 **********************************************************************************************************************************
 DATASETS  * FILE   NREC   LENGTH (MB)   RECORD NAMES
              1      19     2617.22       500      610      700      900      950      970     1000      129      960     1100   
                                          VAR    BASINP    GEOM    SYMINP    ZMAT    AOBASIS   BASIS     P2S    ABASIS      S 
                                         1400     1410     1200     1210     1080     1600     1650     1700     1380   
                                           T        V       H0       H01     AOSYM     SMH    MOLCAS    OPER     JKOP   

              2       4        6.86       700     1000      520     2100   
                                         GEOM     BASIS   MCVARS     RHF  

 PROGRAMS   *        TOTAL       MP2    HF-SCF       INT
 CPU TIMES  *       877.06    833.85     18.13     24.93
 REAL TIME  *       909.78 SEC
 DISK USED  *         2.62 GB (local),       28.58 GB (total)
 SF USED    *         5.56 GB
 GA USED    *         0.00 MB       (max)       0.00 MB       (current)
 **********************************************************************************************************************************
 Molecular orbitals read from record     2100.2  Type=RHF/CANONICAL (state 1.1)
 Occupation numbers read from record     2100.2  Type=RHF/RHF (state 1.1)
 Orbital energies read from record       2100.2  Type=RHF/CANONICAL (state 1.1)
 Redundancy group numbers read from rec  2100.2  Type=RHF/RHF (state 1.1)

 MP2/6-31G(D,P) energy=   -701.671501740079

             MP2          HF-SCF
   -701.67150174   -699.16541064
 **********************************************************************************************************************************
 Molpro calculation terminated
