 
       ==============================================
       |                                            |
       |                 C R E S T                  |
       |                                            |
       |  Conformer-Rotamer Ensemble Sampling Tool  |
       |          based on the GFN methods          |
       |             P.Pracht, S.Grimme             |
       |          Universitaet Bonn, MCTC           |
       ==============================================
       Version 2.11, Tue 9. Feb 11:37:45 CEST 2021
  Using the xTB program. Compatible with xTB version 6.4.0
 
   Cite work conducted with this code as

   P. Pracht, F. Bohle, S. Grimme, PCCP, 2020, 22, 7169-7192.

   and  S. Grimme, JCTC, 2019, 15, 2847-2862.
 
   with help from:
   F.Bohle, S.Ehlert, S.Grimme, P.Pracht
 
   This program is distributed in the hope that it will be useful,
   but WITHOUT ANY WARRANTY; without even the implied warranty of
   MERCHANTABILITY or FITNESS FOR A PARTICULAR PURPOSE.

 Command line input:
 > crest CCCCC.xyz -gfnff -v4 -quick -ewin 50 -T 8 -chrg 0 -uhf 0

  -v4 : iMTD-sMTD
  -gfnff : Use of GFN-FF requested.
  -ewin 50
  -T 8 (CPUs/Threads selected)
  -chrg 0
  -uhf 0
 
 -------------------------
 xTB Geometry Optimization
 -------------------------
 Geometry successfully optimized.
 
------------------------------------------------
Generating MTD length from a flexibility measure
------------------------------------------------
 Calculating WBOs... done.
 Calculating NCI flexibility... done.
     covalent flexibility measure :   0.707
 non-covalent flexibility measure :   0.860
 flexibility measure :   0.715
 t(MTD) / ps    :     3.0
 Σ(t(MTD)) / ps :    18.0 (6 MTDs)
 
-------------------------------------
Starting a trial MTD to test settings
-------------------------------------
 Estimated runtime for one MTD (3.0 ps) on a single thread: 4 sec
 Estimated runtime for a batch of 6 MTDs on 8 threads: 4 sec
 
 list of Vbias parameters applied:
$metadyn    0.00200   1.200
$metadyn    0.00100   1.200
$metadyn    0.00200   0.600
$metadyn    0.00100   0.600
$metadyn    0.00200   0.300
$metadyn    0.00100   0.300
 
*******************************************************************************************
**                        N E W    I T E R A T I O N    C Y C L E                        **
*******************************************************************************************
 
========================================
            MTD Iteration  1
========================================
 
     ========================================
     |         Meta-MD (MTD) Sampling       |
     ========================================
 
Starting Meta-MD   1 with the settings:
     MD time /ps        :     3.0
     dt /fs             :     1.5
     dumpstep(trj) /fs  :     100
     dumpstep(Vbias)/ps :     1.0
     Vbias factor k /Eh :  0.0340
     Vbias exp α /bohr⁻²:    1.20
Starting Meta-MD   2 with the settings:
     MD time /ps        :     3.0
     dt /fs             :     1.5
     dumpstep(trj) /fs  :     100
     dumpstep(Vbias)/ps :     1.0
     Vbias factor k /Eh :  0.0170
     Vbias exp α /bohr⁻²:    1.20
Starting Meta-MD   3 with the settings:
     MD time /ps        :     3.0
     dt /fs             :     1.5
     dumpstep(trj) /fs  :     100
     dumpstep(Vbias)/ps :     1.0
     Vbias factor k /Eh :  0.0340
     Vbias exp α /bohr⁻²:    0.60
Starting Meta-MD   4 with the settings:
     MD time /ps        :     3.0
     dt /fs             :     1.5
     dumpstep(trj) /fs  :     100
     dumpstep(Vbias)/ps :     1.0
     Vbias factor k /Eh :  0.0170
     Vbias exp α /bohr⁻²:    0.60
Starting Meta-MD   5 with the settings:
     MD time /ps        :     3.0
     dt /fs             :     1.5
     dumpstep(trj) /fs  :     100
     dumpstep(Vbias)/ps :     1.0
     Vbias factor k /Eh :  0.0340
     Vbias exp α /bohr⁻²:    0.30
Starting Meta-MD   6 with the settings:
     MD time /ps        :     3.0
     dt /fs             :     1.5
     dumpstep(trj) /fs  :     100
     dumpstep(Vbias)/ps :     1.0
     Vbias factor k /Eh :  0.0170
     Vbias exp α /bohr⁻²:    0.30
*Meta-MTD 4 finished*
*Meta-MTD 5 finished*
*Meta-MTD 1 finished*
*Meta-MTD 3 finished*
*Meta-MTD 2 finished*
*Meta-MTD 6 finished*
 
-----------------------
Multilevel Optimization
-----------------------
 
 -------------------------
 1. crude pre-optimization
 -------------------------
 Optimizing all 180 structures from file "crest_rotamers_0.xyz" ...
 1 2 3 4 5 6 7 8 9 10 11 12 13 14 15 16 17 18 19 20 21 22 23 24 25 26 27 28 29 30 31 32 33 34 35 36 37 38 39 40 41 42 43 44 45 46 47 48 49 50 51 52 53 54 55 56 57 58 59 60 61 62 63 64 65 66 67 68 69 70 71 72 73 74 75 76 77 78 79 80 81 82 83 84 85 86 87 88 89 90 91 92 93 94 95 96 97 98 99 100 101 102 103 104 105 106 107 108 109 110 111 112 113 114 115 116 117 118 119 120 121 122 123 124 125 126 127 128 129 130 131 132 133 134 135 136 137 138 139 140 141 142 143 144 145 146 147 148 149 150 151 152 153 154 155 156 157 158 159 160 161 162 163 164 165 166 167 168 169 170 171 172 173 174 175 176 177 178 179 180
 done.
 running RMSDs...
 done.
 E lowest :    -2.40304
 162 structures remain within   100.00 kcal/mol window
 
 -------------------------------------
 2. optimization with tight thresholds
 -------------------------------------
 Optimizing all 163 structures from file "crest_rotamers_1.xyz" ...
 1 2 3 4 5 6 7 8 9 10 11 12 13 14 15 16 17 18 19 20 21 22 23 24 25 26 27 28 29 30 31 32 33 34 35 36 37 38 39 40 41 42 43 44 45 46 47 48 49 50 51 52 53 54 55 56 57 58 59 60 61 62 63 64 65 66 67 68 69 70 71 72 73 74 75 76 77 78 79 80 81 82 83 84 85 86 87 88 89 90 91 92 93 94 95 96 97 98 99 100 101 102 103 104 105 106 107 108 109 110 111 112 113 114 115 116 117 118 119 120 121 122 123 124 125 126 127 128 129 130 131 132 133 134 135 136 137 138 139 140 141 142 143 144 145 146 147 148 149 150 151 152 153 154 155 156 157 158 159 160 161 162 163
 done.
 running RMSDs...
 done.
 E lowest :    -2.40317
 53 structures remain within    50.00 kcal/mol window
 
 
========================================
            MTD Iteration  2
========================================
 
     ========================================
     |         Meta-MD (MTD) Sampling       |
     ========================================
 
Starting Meta-MD   1 with the settings:
     MD time /ps        :     3.0
     dt /fs             :     1.5
     dumpstep(trj) /fs  :     100
     dumpstep(Vbias)/ps :     1.0
     Vbias factor k /Eh :  0.0340
     Vbias exp α /bohr⁻²:    1.20
Starting Meta-MD   2 with the settings:
     MD time /ps        :     3.0
     dt /fs             :     1.5
     dumpstep(trj) /fs  :     100
     dumpstep(Vbias)/ps :     1.0
     Vbias factor k /Eh :  0.0170
     Vbias exp α /bohr⁻²:    1.20
Starting Meta-MD   3 with the settings:
     MD time /ps        :     3.0
     dt /fs             :     1.5
     dumpstep(trj) /fs  :     100
     dumpstep(Vbias)/ps :     1.0
     Vbias factor k /Eh :  0.0340
     Vbias exp α /bohr⁻²:    0.60
Starting Meta-MD   4 with the settings:
     MD time /ps        :     3.0
     dt /fs             :     1.5
     dumpstep(trj) /fs  :     100
     dumpstep(Vbias)/ps :     1.0
     Vbias factor k /Eh :  0.0170
     Vbias exp α /bohr⁻²:    0.60
*Meta-MTD 3 finished*
*Meta-MTD 2 finished*
*Meta-MTD 1 finished*
*Meta-MTD 4 finished*
 
-----------------------
Multilevel Optimization
-----------------------
 
 -------------------------
 1. crude pre-optimization
 -------------------------
 Optimizing all 120 structures from file "crest_rotamers_0.xyz" ...
 1 2 3 4 5 6 7 8 9 10 11 12 13 14 15 16 17 18 19 20 21 22 23 24 25 26 27 28 29 30 31 32 33 34 35 36 37 38 39 40 41 42 43 44 45 46 47 48 49 50 51 52 53 54 55 56 57 58 59 60 61 62 63 64 65 66 67 68 69 70 71 72 73 74 75 76 77 78 79 80 81 82 83 84 85 86 87 88 89 90 91 92 93 94 95 96 97 98 99 100 101 102 103 104 105 106 107 108 109 110 111 112 113 114 115 116 117 118 119 120
 done.
 running RMSDs...
 done.
 E lowest :    -2.40296
 114 structures remain within   100.00 kcal/mol window
 
 -------------------------------------
 2. optimization with tight thresholds
 -------------------------------------
 Optimizing all 115 structures from file "crest_rotamers_1.xyz" ...
 1 2 3 4 5 6 7 8 9 10 11 12 13 14 15 16 17 18 19 20 21 22 23 24 25 26 27 28 29 30 31 32 33 34 35 36 37 38 39 40 41 42 43 44 45 46 47 48 49 50 51 52 53 54 55 56 57 58 59 60 61 62 63 64 65 66 67 68 69 70 71 72 73 74 75 76 77 78 79 80 81 82 83 84 85 86 87 88 89 90 91 92 93 94 95 96 97 98 99 100 101 102 103 104 105 106 107 108 109 110 111 112 113 114 115
 done.
 running RMSDs...
 done.
 E lowest :    -2.40317
 51 structures remain within    50.00 kcal/mol window
 
========================================
            MTD Iterations done         
========================================
 Collecting ensmbles.
 running RMSDs...
 done.
 E lowest :    -2.40317
 71 structures remain within    50.00 kcal/mol window
 
     H(298.15K)-H(0) (conf)      0.380532
                   Cp(conf)      0.608161
                    S(conf)      7.938323
 
******************************************************************************************
**                          I T E R A T I O N    C Y C L E      1                       **
******************************************************************************************
 ---------------------------
 determining bias structures
 ---------------------------
 There are not enough descriptors for a PCA!
 Taking all structures as representative and writing crest_clustered.xyz
 4 structures were selected
 done.

 -------------------------------
 determining MTD seed structures
 -------------------------------
 There are not enough descriptors for a PCA!
 Taking all structures as representative and writing crest_clustered.xyz
 4 structures were selected
 done.

-----------------------------------------------
Additional static MTDs on lowest 4 conformer(s)
-----------------------------------------------
Starting MTD   1 with the settings:
     MD time /ps        :     1.5
     MD Temperature /K  :   600.0
     dt /fs             :     1.5
     dumpstep(trj) /fs  :     100
     Vbias factor k /Eh :  0.0005
     Vbias exp α /bohr⁻²:    1.00
Starting MTD   2 with the settings:
     MD time /ps        :     1.5
     MD Temperature /K  :   600.0
     dt /fs             :     1.5
     dumpstep(trj) /fs  :     100
     Vbias factor k /Eh :  0.0013
     Vbias exp α /bohr⁻²:    1.00
Starting MTD   3 with the settings:
     MD time /ps        :     1.5
     MD Temperature /K  :   600.0
     dt /fs             :     1.5
     dumpstep(trj) /fs  :     100
     Vbias factor k /Eh :  0.0005
     Vbias exp α /bohr⁻²:    1.00
Starting MTD   8 with the settings:
     MD time /ps        :     1.5
     MD Temperature /K  :   600.0
     dt /fs             :     1.5
     dumpstep(trj) /fs  :     100
     Vbias factor k /Eh :  0.0013
     Vbias exp α /bohr⁻²:    1.00
*static MTD 2 finished*
Starting MTD   4 with the settings:
     MD time /ps        :     1.5
     MD Temperature /K  :   600.0
     dt /fs             :     1.5
     dumpstep(trj) /fs  :     100
     Vbias factor k /Eh :  0.0013
     Vbias exp α /bohr⁻²:    1.00
*static MTD 3 finished*
Starting MTD   5 with the settings:
     MD time /ps        :     1.5
     MD Temperature /K  :   600.0
     dt /fs             :     1.5
     dumpstep(trj) /fs  :     100
     Vbias factor k /Eh :  0.0005
     Vbias exp α /bohr⁻²:    1.00
*static MTD 1 finished*
*static MTD 8 finished*
Starting MTD   6 with the settings:
     MD time /ps        :     1.5
     MD Temperature /K  :   600.0
     dt /fs             :     1.5
     dumpstep(trj) /fs  :     100
     Vbias factor k /Eh :  0.0013
     Vbias exp α /bohr⁻²:    1.00
Starting MTD   7 with the settings:
     MD time /ps        :     1.5
     MD Temperature /K  :   600.0
     dt /fs             :     1.5
     dumpstep(trj) /fs  :     100
     Vbias factor k /Eh :  0.0005
     Vbias exp α /bohr⁻²:    1.00
*static MTD 4 finished*
*static MTD 5 finished*
*static MTD 7 finished*
*static MTD 6 finished*
 Appending file crest_rotamers_0.xyz with new structures
 
 -------------------------------------------
 Ensemble optimization with loose thresholds
 -------------------------------------------
 Optimizing all 120 structures from file "crest_rotamers_0.xyz" ...
 1 2 3 4 5 6 7 8 9 10 11 12 13 14 15 16 17 18 19 20 21 22 23 24 25 26 27 28 29 30 31 32 33 34 35 36 37 38 39 40 41 42 43 44 45 46 47 48 49 50 51 52 53 54 55 56 57 58 59 60 61 62 63 64 65 66 67 68 69 70 71 72 73 74 75 76 77 78 79 80 81 82 83 84 85 86 87 88 89 90 91 92 93 94 95 96 97 98 99 100 101 102 103 104 105 106 107 108 109 110 111 112 113 114 115 116 117 118 119 120
 done.
 running RMSDs...
 done.
 E lowest :    -2.40316
 38 structures remain within    83.00 kcal/mol window
 
 -------------------------------------------
 Ensemble optimization with tight thresholds
 -------------------------------------------
 Optimizing all 38 structures from file "crest_rotamers_2.xyz" ...
 1 2 3 4 5 6 7 8 9 10 11 12 13 14 15 16 17 18 19 20 21 22 23 24 25 26 27 28 29 30 31 32 33 34 35 36 37 38
 done.
 running RMSDs...
 done.
 E lowest :    -2.40317
 23 structures remain within    50.00 kcal/mol window
 
 running RMSDs...
 done.
 E lowest :    -2.40317
 
 Static MTD simulation iteration 1 finished
 A total of 4 conformers (+ 0.00%) in crest_conformers.xyz
 S(approx.) =    1.977338 cal/molK (dS = 0.00%)
 Convergence w.r.t. conformers:  T
 Convergence w.r.t. entropy   :  T
 
 input  file name : crest_rotamers_4.xyz
 output file name : crest_rotamers_5.xyz
 number of atoms                :   17
 number of points on xyz files  :   94
 RMSD threshold                 :   0.1250
 Bconst threshold               :   0.0100
 population threshold           :   0.0500
 conformer energy window  /kcal :  50.0000
 # fragment in coord            :     1
 # bonds in reference structure :    16
 number of reliable points      :    94
 reference state Etot :  -2.40316995000000
 number of doubles removed by rot/RMSD         :          22
 total number unique points considered further :          72
       Erel/kcal        Etot weight/tot  conformer     set   degen     origin
       1   0.000    -2.40317    0.03496    0.31452       1       9     input
       2   0.000    -2.40317    0.03495                                mtd4
       3   0.000    -2.40317    0.03495                                mtd3
       4   0.000    -2.40317    0.03495                                smtd5
       5   0.000    -2.40317    0.03495                                mtd4
       6   0.000    -2.40317    0.03495                                mtd1
       7   0.000    -2.40317    0.03494                                mtd1
       8   0.000    -2.40317    0.03494                                mtd4
       9   0.000    -2.40317    0.03494                                mtd4
      10   0.468    -2.40242    0.01588    0.55549       2      35     mtd5
      11   0.468    -2.40242    0.01588                                mtd1
      12   0.468    -2.40242    0.01588                                mtd1
      13   0.468    -2.40242    0.01588                                mtd1
      14   0.468    -2.40242    0.01588                                mtd4
      15   0.468    -2.40242    0.01588                                mtd4
      16   0.468    -2.40242    0.01588                                mtd1
      17   0.468    -2.40242    0.01588                                mtd4
      18   0.468    -2.40242    0.01588                                mtd4
      19   0.468    -2.40242    0.01588                                mtd4
      20   0.468    -2.40242    0.01588                                mtd2
      21   0.468    -2.40242    0.01588                                mtd3
      22   0.468    -2.40242    0.01588                                mtd1
      23   0.468    -2.40242    0.01588                                mtd1
      24   0.468    -2.40242    0.01588                                mtd2
      25   0.468    -2.40242    0.01587                                mtd2
      26   0.468    -2.40242    0.01587                                mtd4
      27   0.468    -2.40242    0.01587                                mtd4
      28   0.468    -2.40242    0.01587                                mtd2
      29   0.468    -2.40242    0.01587                                mtd1
      30   0.468    -2.40242    0.01587                                mtd2
      31   0.468    -2.40242    0.01587                                mtd2
      32   0.468    -2.40242    0.01587                                mtd3
      33   0.468    -2.40242    0.01587                                mtd4
      34   0.468    -2.40242    0.01587                                mtd5
      35   0.468    -2.40242    0.01587                                mtd3
      36   0.468    -2.40242    0.01587                                mtd5
      37   0.468    -2.40242    0.01587                                mtd4
      38   0.468    -2.40242    0.01587                                mtd3
      39   0.468    -2.40242    0.01586                                mtd4
      40   0.468    -2.40242    0.01586                                smtd3
      41   0.469    -2.40242    0.01586                                mtd1
      42   0.469    -2.40242    0.01586                                mtd1
      43   0.469    -2.40242    0.01585                                mtd1
      44   0.470    -2.40242    0.01583                                mtd4
      45   0.829    -2.40185    0.00864    0.12081       3      14     mtd2
      46   0.829    -2.40185    0.00864                                mtd3
      47   0.829    -2.40185    0.00864                                mtd3
      48   0.829    -2.40185    0.00864                                smtd5
      49   0.829    -2.40185    0.00864                                mtd1
      50   0.829    -2.40185    0.00864                                mtd5
      51   0.829    -2.40185    0.00864                                mtd2
      52   0.829    -2.40185    0.00863                                mtd1
      53   0.829    -2.40185    0.00863                                mtd6
      54   0.830    -2.40185    0.00863                                smtd6
      55   0.830    -2.40185    0.00862                                mtd2
      56   0.831    -2.40185    0.00861                                mtd3
      57   0.831    -2.40185    0.00860                                mtd3
      58   0.832    -2.40184    0.00860                                mtd3
      59   2.358    -2.39941    0.00066    0.00917       4      14     mtd2
      60   2.358    -2.39941    0.00066                                mtd2
      61   2.358    -2.39941    0.00066                                mtd2
      62   2.358    -2.39941    0.00066                                mtd2
      63   2.358    -2.39941    0.00066                                mtd1
      64   2.358    -2.39941    0.00066                                mtd2
      65   2.358    -2.39941    0.00065                                smtd8
      66   2.359    -2.39941    0.00065                                mtd3
      67   2.359    -2.39941    0.00065                                mtd5
      68   2.359    -2.39941    0.00065                                mtd5
      69   2.359    -2.39941    0.00065                                mtd3
      70   2.359    -2.39941    0.00065                                mtd3
      71   2.359    -2.39941    0.00065                                smtd8
      72   2.359    -2.39941    0.00065                                mtd2
T /K                                  :   298.15
E lowest                              :    -2.40317
ensemble average energy (kcal)        :    0.382
ensemble entropy (J/mol K, cal/mol K) :   33.240    7.945
ensemble free energy (kcal/mol)       :   -2.369
population of lowest in %             :   31.452
 number of unique conformers for further calc            4
 list of relative energies saved as "crest.energies"
 compare nuclear equivalencies ...
::::::::::: conformer group all :::::::::::
 chemical equivalencies (mag.active nuclei):
reference atom   6 # : 6
reference atom   9 # : 4
reference atom  11 # : 2
 magnetic equivalencies:
reference atom   6 # : 3
reference atom  15 # : 3
 
 -----------------
 Wall Time Summary
 -----------------
             test MD wall time :         0h : 0m : 0s
                 MTD wall time :         0h : 0m : 1s
      multilevel OPT wall time :         0h : 0m :16s
          static MTD wall time :         0h : 0m : 0s
--------------------
Overall wall time  : 0h : 0m :18s
 
 CREST terminated normally.
