 
       ==============================================
       |                                            |
       |                 C R E S T                  |
       |                                            |
       |  Conformer-Rotamer Ensemble Sampling Tool  |
       |          based on the GFN methods          |
       |             P.Pracht, S.Grimme             |
       |          Universitaet Bonn, MCTC           |
       ==============================================
       Version 2.11, Tue 9. Feb 11:37:45 CEST 2021
  Using the xTB program. Compatible with xTB version 6.4.0
 
   Cite work conducted with this code as

   P. Pracht, F. Bohle, S. Grimme, PCCP, 2020, 22, 7169-7192.

   and  S. Grimme, JCTC, 2019, 15, 2847-2862.
 
   with help from:
   F.Bohle, S.Ehlert, S.Grimme, P.Pracht
 
   This program is distributed in the hope that it will be useful,
   but WITHOUT ANY WARRANTY; without even the implied warranty of
   MERCHANTABILITY or FITNESS FOR A PARTICULAR PURPOSE.

 Command line input:
 > crest C=C(C)C.xyz -gfnff -v4 -quick -ewin 50 -T 16 -chrg 0 -uhf 0

  -v4 : iMTD-sMTD
  -gfnff : Use of GFN-FF requested.
  -ewin 50
  -T 16 (CPUs/Threads selected)
  -chrg 0
  -uhf 0
 
 -------------------------
 xTB Geometry Optimization
 -------------------------
 Geometry successfully optimized.
 
------------------------------------------------
Generating MTD length from a flexibility measure
------------------------------------------------
 Calculating WBOs... done.
 Calculating NCI flexibility... done.
     covalent flexibility measure :   0.000
 non-covalent flexibility measure :   0.877
 flexibility measure :   0.000
 t(MTD) / ps    :     2.5
 Σ(t(MTD)) / ps :    15.0 (6 MTDs)
 
-------------------------------------
Starting a trial MTD to test settings
-------------------------------------
 Estimated runtime for one MTD (2.5 ps) on a single thread: 3 sec
 Estimated runtime for a batch of 6 MTDs on 16 threads: 1 sec
 
 list of Vbias parameters applied:
$metadyn    0.00200   1.200
$metadyn    0.00100   1.200
$metadyn    0.00200   0.600
$metadyn    0.00100   0.600
$metadyn    0.00200   0.300
$metadyn    0.00100   0.300
 
*******************************************************************************************
**                        N E W    I T E R A T I O N    C Y C L E                        **
*******************************************************************************************
 
========================================
            MTD Iteration  1
========================================
 
     ========================================
     |         Meta-MD (MTD) Sampling       |
     ========================================
 
Starting Meta-MD   1 with the settings:
     MD time /ps        :     2.5
     dt /fs             :     1.5
     dumpstep(trj) /fs  :     100
     dumpstep(Vbias)/ps :     1.0
     Vbias factor k /Eh :  0.0240
     Vbias exp α /bohr⁻²:    1.20
Starting Meta-MD   2 with the settings:
     MD time /ps        :     2.5
     dt /fs             :     1.5
     dumpstep(trj) /fs  :     100
     dumpstep(Vbias)/ps :     1.0
     Vbias factor k /Eh :  0.0120
     Vbias exp α /bohr⁻²:    1.20
Starting Meta-MD   3 with the settings:
     MD time /ps        :     2.5
     dt /fs             :     1.5
     dumpstep(trj) /fs  :     100
     dumpstep(Vbias)/ps :     1.0
     Vbias factor k /Eh :  0.0240
     Vbias exp α /bohr⁻²:    0.60
Starting Meta-MD   5 with the settings:
     MD time /ps        :     2.5
     dt /fs             :     1.5
     dumpstep(trj) /fs  :     100
     dumpstep(Vbias)/ps :     1.0
     Vbias factor k /Eh :  0.0240
     Vbias exp α /bohr⁻²:    0.30
Starting Meta-MD   4 with the settings:
     MD time /ps        :     2.5
     dt /fs             :     1.5
     dumpstep(trj) /fs  :     100
     dumpstep(Vbias)/ps :     1.0
     Vbias factor k /Eh :  0.0120
     Vbias exp α /bohr⁻²:    0.60
Starting Meta-MD   6 with the settings:
     MD time /ps        :     2.5
     dt /fs             :     1.5
     dumpstep(trj) /fs  :     100
     dumpstep(Vbias)/ps :     1.0
     Vbias factor k /Eh :  0.0120
     Vbias exp α /bohr⁻²:    0.30
*Meta-MTD 3 finished*
*Meta-MTD 2 finished*
*Meta-MTD 1 finished*
*Meta-MTD 6 finished*
*Meta-MTD 5 finished*
*Meta-MTD 4 finished*
 
-----------------------
Multilevel Optimization
-----------------------
 
 -------------------------
 1. crude pre-optimization
 -------------------------
 Optimizing all 150 structures from file "crest_rotamers_0.xyz" ...
 1 2 3 4 5 6 7 8 9 10 11 12 13 14 15 16 17 18 19 20 21 22 23 24 25 26 27 28 29 30 31 32 33 34 35 36 37 38 39 40 41 42 43 44 45 46 47 48 49 50 51 52 53 54 55 56 57 58 59 60 61 62 63 64 65 66 67 68 69 70 71 72 73 74 75 76 77 78 79 80 81 82 83 84 85 86 87 88 89 90 91 92 93 94 95 96 97 98 99 100 101 102 103 104 105 106 107 108 109 110 111 112 113 114 115 116 117 118 119 120 121 122 123 124 125 126 127 128 129 130 131 132 133 134 135 136 137 138 139 140 141 142 143 144 145 146 147 148 149 150
 done.
 running RMSDs...
 done.
 E lowest :    -1.85063
 30 structures remain within   100.00 kcal/mol window
 
 -------------------------------------
 2. optimization with tight thresholds
 -------------------------------------
 Optimizing all 31 structures from file "crest_rotamers_1.xyz" ...
 1 2 3 4 5 6 7 8 9 10 11 12 13 14 15 16 17 18 19 20 21 22 23 24 25 26 27 28 29 30 31
 done.
 running RMSDs...
 done.
 E lowest :    -1.85067
 22 structures remain within    50.00 kcal/mol window
 
 
========================================
            MTD Iteration  2
========================================
 
     ========================================
     |         Meta-MD (MTD) Sampling       |
     ========================================
 
Starting Meta-MD   1 with the settings:
     MD time /ps        :     2.5
     dt /fs             :     1.5
     dumpstep(trj) /fs  :     100
     dumpstep(Vbias)/ps :     1.0
     Vbias factor k /Eh :  0.0240
     Vbias exp α /bohr⁻²:    1.20
Starting Meta-MD   2 with the settings:
     MD time /ps        :     2.5
     dt /fs             :     1.5
     dumpstep(trj) /fs  :     100
     dumpstep(Vbias)/ps :     1.0
     Vbias factor k /Eh :  0.0120
     Vbias exp α /bohr⁻²:    1.20
Starting Meta-MD   3 with the settings:
     MD time /ps        :     2.5
     dt /fs             :     1.5
     dumpstep(trj) /fs  :     100
     dumpstep(Vbias)/ps :     1.0
     Vbias factor k /Eh :  0.0240
     Vbias exp α /bohr⁻²:    0.60
Starting Meta-MD   4 with the settings:
     MD time /ps        :     2.5
     dt /fs             :     1.5
     dumpstep(trj) /fs  :     100
     dumpstep(Vbias)/ps :     1.0
     Vbias factor k /Eh :  0.0120
     Vbias exp α /bohr⁻²:    0.60
*Meta-MTD 1 finished*
*Meta-MTD 3 finished*
*Meta-MTD 4 finished*
*Meta-MTD 2 finished*
 
-----------------------
Multilevel Optimization
-----------------------
 
 -------------------------
 1. crude pre-optimization
 -------------------------
 Optimizing all 100 structures from file "crest_rotamers_0.xyz" ...
 1 2 3 4 5 6 7 8 9 10 11 12 13 14 15 16 17 18 19 20 21 22 23 24 25 26 27 28 29 30 31 32 33 34 35 36 37 38 39 40 41 42 43 44 45 46 47 48 49 50 51 52 53 54 55 56 57 58 59 60 61 62 63 64 65 66 67 68 69 70 71 72 73 74 75 76 77 78 79 80 81 82 83 84 85 86 87 88 89 90 91 92 93 94 95 96 97 98 99 100
 done.
 running RMSDs...
 done.
 E lowest :    -1.85064
 38 structures remain within   100.00 kcal/mol window
 
 -------------------------------------
 2. optimization with tight thresholds
 -------------------------------------
 Optimizing all 39 structures from file "crest_rotamers_1.xyz" ...
 1 2 3 4 5 6 7 8 9 10 11 12 13 14 15 16 17 18 19 20 21 22 23 24 25 26 27 28 29 30 31 32 33 34 35 36 37 38 39
 done.
 running RMSDs...
 done.
 E lowest :    -1.85067
 24 structures remain within    50.00 kcal/mol window
 
========================================
            MTD Iterations done         
========================================
 Collecting ensmbles.
 running RMSDs...
 done.
 E lowest :    -1.85067
 29 structures remain within    50.00 kcal/mol window
 
     H(298.15K)-H(0) (conf)      0.027801
                   Cp(conf)      0.020670
                    S(conf)      6.679863
 
******************************************************************************************
**                          I T E R A T I O N    C Y C L E      1                       **
******************************************************************************************
 ---------------------------
 determining bias structures
 ---------------------------
 There are not enough descriptors for a PCA!
 Taking all structures as representative and writing crest_clustered.xyz
 3 structures were selected
 done.

 -------------------------------
 determining MTD seed structures
 -------------------------------
 There are not enough descriptors for a PCA!
 Taking all structures as representative and writing crest_clustered.xyz
 3 structures were selected
 done.

-----------------------------------------------
Additional static MTDs on lowest 3 conformer(s)
-----------------------------------------------
Starting MTD   1 with the settings:
     MD time /ps        :     1.2
     MD Temperature /K  :   600.0
     dt /fs             :     1.5
     dumpstep(trj) /fs  :     100
     Vbias factor k /Eh :  0.0004
     Vbias exp α /bohr⁻²:    1.00
Starting MTD   2 with the settings:
     MD time /ps        :     1.2
     MD Temperature /K  :   600.0
     dt /fs             :     1.5
     dumpstep(trj) /fs  :     100
     Vbias factor k /Eh :  0.0010
     Vbias exp α /bohr⁻²:    1.00
Starting MTD   6 with the settings:
     MD time /ps        :     1.2
     MD Temperature /K  :   600.0
     dt /fs             :     1.5
     dumpstep(trj) /fs  :     100
     Vbias factor k /Eh :  0.0010
     Vbias exp α /bohr⁻²:    1.00
*static MTD 2 finished*
Starting MTD   3 with the settings:
     MD time /ps        :     1.2
     MD Temperature /K  :   600.0
     dt /fs             :     1.5
     dumpstep(trj) /fs  :     100
     Vbias factor k /Eh :  0.0004
     Vbias exp α /bohr⁻²:    1.00
*static MTD 1 finished*
Starting MTD   4 with the settings:
     MD time /ps        :     1.2
     MD Temperature /K  :   600.0
     dt /fs             :     1.5
     dumpstep(trj) /fs  :     100
     Vbias factor k /Eh :  0.0010
     Vbias exp α /bohr⁻²:    1.00
*static MTD 6 finished*
Starting MTD   5 with the settings:
     MD time /ps        :     1.2
     MD Temperature /K  :   600.0
     dt /fs             :     1.5
     dumpstep(trj) /fs  :     100
     Vbias factor k /Eh :  0.0004
     Vbias exp α /bohr⁻²:    1.00
*static MTD 5 finished*
*static MTD 3 finished*
*static MTD 4 finished*
 Appending file crest_rotamers_0.xyz with new structures
 
 -------------------------------------------
 Ensemble optimization with loose thresholds
 -------------------------------------------
 Optimizing all 72 structures from file "crest_rotamers_0.xyz" ...
 1 2 3 4 5 6 7 8 9 10 11 12 13 14 15 16 17 18 19 20 21 22 23 24 25 26 27 28 29 30 31 32 33 34 35 36 37 38 39 40 41 42 43 44 45 46 47 48 49 50 51 52 53 54 55 56 57 58 59 60 61 62 63 64 65 66 67 68 69 70 71 72
 done.
 running RMSDs...
 done.
 E lowest :    -1.85067
 57 structures remain within    83.00 kcal/mol window
 
 -------------------------------------------
 Ensemble optimization with tight thresholds
 -------------------------------------------
 Optimizing all 57 structures from file "crest_rotamers_2.xyz" ...
 1 2 3 4 5 6 7 8 9 10 11 12 13 14 15 16 17 18 19 20 21 22 23 24 25 26 27 28 29 30 31 32 33 34 35 36 37 38 39 40 41 42 43 44 45 46 47 48 49 50 51 52 53 54 55 56 57
 done.
 running RMSDs...
 done.
 E lowest :    -1.85067
 24 structures remain within    50.00 kcal/mol window
 
 running RMSDs...
 done.
 E lowest :    -1.85067
 
 Static MTD simulation iteration 1 finished
 A total of 3 conformers (+ 0.00%) in crest_conformers.xyz
 S(approx.) =    2.145140 cal/molK (dS = 0.00%)
 Convergence w.r.t. conformers:  T
 Convergence w.r.t. entropy   :  T
 
 input  file name : crest_rotamers_4.xyz
 output file name : crest_rotamers_5.xyz
 number of atoms                :   12
 number of points on xyz files  :   53
 RMSD threshold                 :   0.1250
 Bconst threshold               :   0.0100
 population threshold           :   0.0500
 conformer energy window  /kcal :  50.0000
 # fragment in coord            :     1
 # bonds in reference structure :    11
   => # of C=C bonds :     1
 number of reliable points      :    53
 reference state Etot :  -1.85067457000000
 number of doubles removed by rot/RMSD         :          23
 total number unique points considered further :          30
       Erel/kcal        Etot weight/tot  conformer     set   degen     origin
       1   0.000    -1.85067    0.03526    0.76727       1      22     mtd1
       2   0.000    -1.85067    0.03525                                smtd6
       3   0.000    -1.85067    0.03525                                mtd4
       4   0.000    -1.85067    0.03525                                smtd3
       5   0.000    -1.85067    0.03525                                smtd4
       6   0.000    -1.85067    0.03524                                mtd3
       7   0.000    -1.85067    0.03523                                input
       8   0.001    -1.85067    0.03523                                smtd2
       9   0.001    -1.85067    0.03521                                mtd3
      10   0.001    -1.85067    0.03520                                mtd2
      11   0.001    -1.85067    0.03520                                mtd4
      12   0.001    -1.85067    0.03520                                mtd1
      13   0.001    -1.85067    0.03519                                smtd6
      14   0.001    -1.85067    0.03518                                mtd5
      15   0.001    -1.85067    0.03518                                mtd1
      16   0.002    -1.85067    0.03512                                mtd4
      17   0.003    -1.85067    0.03511                                smtd5
      18   0.011    -1.85066    0.03461                                smtd1
      19   0.012    -1.85065    0.03453                                mtd3
      20   0.016    -1.85065    0.03433                                mtd5
      21   0.043    -1.85061    0.03277                                smtd5
      22   0.049    -1.85060    0.03248                                mtd1
      23   0.056    -1.85058    0.03206    0.18902       2       6     smtd3
      24   0.060    -1.85058    0.03185                                mtd2
      25   0.068    -1.85057    0.03145                                mtd4
      26   0.068    -1.85057    0.03141                                smtd4
      27   0.070    -1.85056    0.03135                                smtd1
      28   0.078    -1.85055    0.03091                                mtd2
      29   0.282    -1.85022    0.02191    0.04371       3       2     mtd5
      30   0.285    -1.85022    0.02180                                input
T /K                                  :   298.15
E lowest                              :    -1.85067
ensemble average energy (kcal)        :    0.030
ensemble entropy (J/mol K, cal/mol K) :   28.231    6.747
ensemble free energy (kcal/mol)       :   -2.012
population of lowest in %             :   76.727
 number of unique conformers for further calc            3
 list of relative energies saved as "crest.energies"
 compare nuclear equivalencies ...
::::::::::: conformer group all :::::::::::
 chemical equivalencies (mag.active nuclei):
reference atom   5 # : 2
reference atom   7 # : 6
 magnetic equivalencies:
reference atom   7 # : 6
 
 -----------------
 Wall Time Summary
 -----------------
             test MD wall time :         0h : 0m : 0s
                 MTD wall time :         0h : 0m : 2s
      multilevel OPT wall time :         0h : 0m :12s
          static MTD wall time :         0h : 0m : 0s
--------------------
Overall wall time  : 0h : 0m :16s
 
 CREST terminated normally.
