 
       ==============================================
       |                                            |
       |                 C R E S T                  |
       |                                            |
       |  Conformer-Rotamer Ensemble Sampling Tool  |
       |          based on the GFN methods          |
       |             P.Pracht, S.Grimme             |
       |          Universitaet Bonn, MCTC           |
       ==============================================
       Version 2.11, Tue 9. Feb 11:37:45 CEST 2021
  Using the xTB program. Compatible with xTB version 6.4.0
 
   Cite work conducted with this code as

   P. Pracht, F. Bohle, S. Grimme, PCCP, 2020, 22, 7169-7192.

   and  S. Grimme, JCTC, 2019, 15, 2847-2862.
 
   with help from:
   F.Bohle, S.Ehlert, S.Grimme, P.Pracht
 
   This program is distributed in the hope that it will be useful,
   but WITHOUT ANY WARRANTY; without even the implied warranty of
   MERCHANTABILITY or FITNESS FOR A PARTICULAR PURPOSE.

 Command line input:
 > crest CCCCC.xyz -gfnff -v4 -quick -ewin 50 -T 16 -chrg 0 -uhf 0

  -v4 : iMTD-sMTD
  -gfnff : Use of GFN-FF requested.
  -ewin 50
  -T 16 (CPUs/Threads selected)
  -chrg 0
  -uhf 0
 
 -------------------------
 xTB Geometry Optimization
 -------------------------
 Geometry successfully optimized.
 
------------------------------------------------
Generating MTD length from a flexibility measure
------------------------------------------------
 Calculating WBOs... done.
 Calculating NCI flexibility... done.
     covalent flexibility measure :   0.707
 non-covalent flexibility measure :   0.860
 flexibility measure :   0.715
 t(MTD) / ps    :     3.0
 Σ(t(MTD)) / ps :    18.0 (6 MTDs)
 
-------------------------------------
Starting a trial MTD to test settings
-------------------------------------
 Estimated runtime for one MTD (3.0 ps) on a single thread: 6 sec
 Estimated runtime for a batch of 6 MTDs on 16 threads: 3 sec
 
 list of Vbias parameters applied:
$metadyn    0.00200   1.200
$metadyn    0.00100   1.200
$metadyn    0.00200   0.600
$metadyn    0.00100   0.600
$metadyn    0.00200   0.300
$metadyn    0.00100   0.300
 
*******************************************************************************************
**                        N E W    I T E R A T I O N    C Y C L E                        **
*******************************************************************************************
 
========================================
            MTD Iteration  1
========================================
 
     ========================================
     |         Meta-MD (MTD) Sampling       |
     ========================================
 
Starting Meta-MD   1 with the settings:
     MD time /ps        :     3.0
     dt /fs             :     1.5
     dumpstep(trj) /fs  :     100
     dumpstep(Vbias)/ps :     1.0
     Vbias factor k /Eh :  0.0340
     Vbias exp α /bohr⁻²:    1.20
Starting Meta-MD   2 with the settings:
     MD time /ps        :     3.0
     dt /fs             :     1.5
     dumpstep(trj) /fs  :     100
     dumpstep(Vbias)/ps :     1.0
     Vbias factor k /Eh :  0.0170
     Vbias exp α /bohr⁻²:    1.20
Starting Meta-MD   3 with the settings:
     MD time /ps        :     3.0
     dt /fs             :     1.5
     dumpstep(trj) /fs  :     100
     dumpstep(Vbias)/ps :     1.0
     Vbias factor k /Eh :  0.0340
     Vbias exp α /bohr⁻²:    0.60
Starting Meta-MD   4 with the settings:
     MD time /ps        :     3.0
     dt /fs             :     1.5
     dumpstep(trj) /fs  :     100
     dumpstep(Vbias)/ps :     1.0
     Vbias factor k /Eh :  0.0170
     Vbias exp α /bohr⁻²:    0.60
Starting Meta-MD   5 with the settings:
     MD time /ps        :     3.0
     dt /fs             :     1.5
     dumpstep(trj) /fs  :     100
     dumpstep(Vbias)/ps :     1.0
     Vbias factor k /Eh :  0.0340
     Vbias exp α /bohr⁻²:    0.30
Starting Meta-MD   6 with the settings:
     MD time /ps        :     3.0
     dt /fs             :     1.5
     dumpstep(trj) /fs  :     100
     dumpstep(Vbias)/ps :     1.0
     Vbias factor k /Eh :  0.0170
     Vbias exp α /bohr⁻²:    0.30
*Meta-MTD 3 finished*
*Meta-MTD 6 finished*
*Meta-MTD 2 finished*
*Meta-MTD 1 finished*
*Meta-MTD 5 finished*
*Meta-MTD 4 finished*
 
-----------------------
Multilevel Optimization
-----------------------
 
 -------------------------
 1. crude pre-optimization
 -------------------------
 Optimizing all 180 structures from file "crest_rotamers_0.xyz" ...
 1 2 3 4 5 6 7 8 9 10 11 12 13 14 15 16 17 18 19 20 21 22 23 24 25 26 27 28 29 30 31 32 33 34 35 36 37 38 39 40 41 42 43 44 45 46 47 48 49 50 51 52 53 54 55 56 57 58 59 60 61 62 63 64 65 66 67 68 69 70 71 72 73 74 75 76 77 78 79 80 81 82 83 84 85 86 87 88 89 90 91 92 93 94 95 96 97 98 99 100 101 102 103 104 105 106 107 108 109 110 111 112 113 114 115 116 117 118 119 120 121 122 123 124 125 126 127 128 129 130 131 132 133 134 135 136 137 138 139 140 141 142 143 144 145 146 147 148 149 150 151 152 153 154 155 156 157 158 159 160 161 162 163 164 165 166 167 168 169 170 171 172 173 174 175 176 177 178 179 180
 done.
 running RMSDs...
 done.
 E lowest :    -2.40299
 162 structures remain within   100.00 kcal/mol window
 
 -------------------------------------
 2. optimization with tight thresholds
 -------------------------------------
 Optimizing all 163 structures from file "crest_rotamers_1.xyz" ...
 1 2 3 4 5 6 7 8 9 10 11 12 13 14 15 16 17 18 19 20 21 22 23 24 25 26 27 28 29 30 31 32 33 34 35 36 37 38 39 40 41 42 43 44 45 46 47 48 49 50 51 52 53 54 55 56 57 58 59 60 61 62 63 64 65 66 67 68 69 70 71 72 73 74 75 76 77 78 79 80 81 82 83 84 85 86 87 88 89 90 91 92 93 94 95 96 97 98 99 100 101 102 103 104 105 106 107 108 109 110 111 112 113 114 115 116 117 118 119 120 121 122 123 124 125 126 127 128 129 130 131 132 133 134 135 136 137 138 139 140 141 142 143 144 145 146 147 148 149 150 151 152 153 154 155 156 157 158 159 160 161 162 163
 done.
 running RMSDs...
 done.
 E lowest :    -2.40317
 58 structures remain within    50.00 kcal/mol window
 
 
========================================
            MTD Iteration  2
========================================
 
     ========================================
     |         Meta-MD (MTD) Sampling       |
     ========================================
 
Starting Meta-MD   1 with the settings:
     MD time /ps        :     3.0
     dt /fs             :     1.5
     dumpstep(trj) /fs  :     100
     dumpstep(Vbias)/ps :     1.0
     Vbias factor k /Eh :  0.0340
     Vbias exp α /bohr⁻²:    1.20
Starting Meta-MD   3 with the settings:
     MD time /ps        :     3.0
     dt /fs             :     1.5
     dumpstep(trj) /fs  :     100
     dumpstep(Vbias)/ps :     1.0
     Vbias factor k /Eh :  0.0340
     Vbias exp α /bohr⁻²:    0.60
Starting Meta-MD   2 with the settings:
     MD time /ps        :     3.0
     dt /fs             :     1.5
     dumpstep(trj) /fs  :     100
     dumpstep(Vbias)/ps :     1.0
     Vbias factor k /Eh :  0.0170
     Vbias exp α /bohr⁻²:    1.20
Starting Meta-MD   4 with the settings:
     MD time /ps        :     3.0
     dt /fs             :     1.5
     dumpstep(trj) /fs  :     100
     dumpstep(Vbias)/ps :     1.0
     Vbias factor k /Eh :  0.0170
     Vbias exp α /bohr⁻²:    0.60
*Meta-MTD 3 finished*
*Meta-MTD 2 finished*
*Meta-MTD 4 finished*
*Meta-MTD 1 finished*
 
-----------------------
Multilevel Optimization
-----------------------
 
 -------------------------
 1. crude pre-optimization
 -------------------------
 Optimizing all 120 structures from file "crest_rotamers_0.xyz" ...
 1 2 3 4 5 6 7 8 9 10 11 12 13 14 15 16 17 18 19 20 21 22 23 24 25 26 27 28 29 30 31 32 33 34 35 36 37 38 39 40 41 42 43 44 45 46 47 48 49 50 51 52 53 54 55 56 57 58 59 60 61 62 63 64 65 66 67 68 69 70 71 72 73 74 75 76 77 78 79 80 81 82 83 84 85 86 87 88 89 90 91 92 93 94 95 96 97 98 99 100 101 102 103 104 105 106 107 108 109 110 111 112 113 114 115 116 117 118 119 120
 done.
 running RMSDs...
 done.
 E lowest :    -2.40287
 108 structures remain within   100.00 kcal/mol window
 
 -------------------------------------
 2. optimization with tight thresholds
 -------------------------------------
 Optimizing all 109 structures from file "crest_rotamers_1.xyz" ...
 1 2 3 4 5 6 7 8 9 10 11 12 13 14 15 16 17 18 19 20 21 22 23 24 25 26 27 28 29 30 31 32 33 34 35 36 37 38 39 40 41 42 43 44 45 46 47 48 49 50 51 52 53 54 55 56 57 58 59 60 61 62 63 64 65 66 67 68 69 70 71 72 73 74 75 76 77 78 79 80 81 82 83 84 85 86 87 88 89 90 91 92 93 94 95 96 97 98 99 100 101 102 103 104 105 106 107 108 109
 done.
 running RMSDs...
 done.
 E lowest :    -2.40317
 41 structures remain within    50.00 kcal/mol window
 
========================================
            MTD Iterations done         
========================================
 Collecting ensmbles.
 running RMSDs...
 done.
 E lowest :    -2.40317
 73 structures remain within    50.00 kcal/mol window
 
     H(298.15K)-H(0) (conf)      0.401388
                   Cp(conf)      0.732124
                    S(conf)      7.829331
 
******************************************************************************************
**                          I T E R A T I O N    C Y C L E      1                       **
******************************************************************************************
 ---------------------------
 determining bias structures
 ---------------------------
 There are not enough descriptors for a PCA!
 Taking all structures as representative and writing crest_clustered.xyz
 6 structures were selected
 done.

 -------------------------------
 determining MTD seed structures
 -------------------------------
 There are not enough descriptors for a PCA!
 Taking all structures as representative and writing crest_clustered.xyz
 6 structures were selected
 done.

-----------------------------------------------
Additional static MTDs on lowest 6 conformer(s)
-----------------------------------------------
Starting MTD   1 with the settings:
     MD time /ps        :     1.5
     MD Temperature /K  :   600.0
     dt /fs             :     1.5
     dumpstep(trj) /fs  :     100
     Vbias factor k /Eh :  0.0005
     Vbias exp α /bohr⁻²:    1.00
Starting MTD   2 with the settings:
     MD time /ps        :     1.5
     MD Temperature /K  :   600.0
     dt /fs             :     1.5
     dumpstep(trj) /fs  :     100
     Vbias factor k /Eh :  0.0013
     Vbias exp α /bohr⁻²:    1.00
Starting MTD   3 with the settings:
     MD time /ps        :     1.5
     MD Temperature /K  :   600.0
     dt /fs             :     1.5
     dumpstep(trj) /fs  :     100
     Vbias factor k /Eh :  0.0005
     Vbias exp α /bohr⁻²:    1.00
Starting MTD   4 with the settings:
     MD time /ps        :     1.5
     MD Temperature /K  :   600.0
     dt /fs             :     1.5
     dumpstep(trj) /fs  :     100
     Vbias factor k /Eh :  0.0013
     Vbias exp α /bohr⁻²:    1.00
Starting MTD   5 with the settings:
     MD time /ps        :     1.5
     MD Temperature /K  :   600.0
     dt /fs             :     1.5
     dumpstep(trj) /fs  :     100
     Vbias factor k /Eh :  0.0005
     Vbias exp α /bohr⁻²:    1.00
Starting MTD  12 with the settings:
     MD time /ps        :     1.5
     MD Temperature /K  :   600.0
     dt /fs             :     1.5
     dumpstep(trj) /fs  :     100
     Vbias factor k /Eh :  0.0013
     Vbias exp α /bohr⁻²:    1.00
*static MTD 3 finished*
Starting MTD   6 with the settings:
     MD time /ps        :     1.5
     MD Temperature /K  :   600.0
     dt /fs             :     1.5
     dumpstep(trj) /fs  :     100
     Vbias factor k /Eh :  0.0013
     Vbias exp α /bohr⁻²:    1.00
*static MTD 2 finished*
Starting MTD   7 with the settings:
     MD time /ps        :     1.5
     MD Temperature /K  :   600.0
     dt /fs             :     1.5
     dumpstep(trj) /fs  :     100
     Vbias factor k /Eh :  0.0005
     Vbias exp α /bohr⁻²:    1.00
*static MTD 4 finished*
Starting MTD   8 with the settings:
     MD time /ps        :     1.5
     MD Temperature /K  :   600.0
     dt /fs             :     1.5
     dumpstep(trj) /fs  :     100
     Vbias factor k /Eh :  0.0013
     Vbias exp α /bohr⁻²:    1.00
*static MTD 1 finished*
Starting MTD   9 with the settings:
     MD time /ps        :     1.5
     MD Temperature /K  :   600.0
     dt /fs             :     1.5
     dumpstep(trj) /fs  :     100
     Vbias factor k /Eh :  0.0005
     Vbias exp α /bohr⁻²:    1.00
*static MTD 12 finished*
Starting MTD  11 with the settings:
     MD time /ps        :     1.5
     MD Temperature /K  :   600.0
     dt /fs             :     1.5
     dumpstep(trj) /fs  :     100
     Vbias factor k /Eh :  0.0005
     Vbias exp α /bohr⁻²:    1.00
*static MTD 5 finished*
Starting MTD  10 with the settings:
     MD time /ps        :     1.5
     MD Temperature /K  :   600.0
     dt /fs             :     1.5
     dumpstep(trj) /fs  :     100
     Vbias factor k /Eh :  0.0013
     Vbias exp α /bohr⁻²:    1.00
*static MTD 6 finished*
*static MTD 7 finished*
*static MTD 10 finished*
*static MTD 11 finished*
*static MTD 9 finished*
*static MTD 8 finished*
 Appending file crest_rotamers_0.xyz with new structures
 
 -------------------------------------------
 Ensemble optimization with loose thresholds
 -------------------------------------------
 Optimizing all 180 structures from file "crest_rotamers_0.xyz" ...
 1 2 3 4 5 6 7 8 9 10 11 12 13 14 15 16 17 18 19 20 21 22 23 24 25 26 27 28 29 30 31 32 33 34 35 36 37 38 39 40 41 42 43 44 45 46 47 48 49 50 51 52 53 54 55 56 57 58 59 60 61 62 63 64 65 66 67 68 69 70 71 72 73 74 75 76 77 78 79 80 81 82 83 84 85 86 87 88 89 90 91 92 93 94 95 96 97 98 99 100 101 102 103 104 105 106 107 108 109 110 111 112 113 114 115 116 117 118 119 120 121 122 123 124 125 126 127 128 129 130 131 132 133 134 135 136 137 138 139 140 141 142 143 144 145 146 147 148 149 150 151 152 153 154 155 156 157 158 159 160 161 162 163 164 165 166 167 168 169 170 171 172 173 174 175 176 177 178 179 180
 done.
 running RMSDs...
 done.
 E lowest :    -2.40315
 53 structures remain within    83.00 kcal/mol window
 
 -------------------------------------------
 Ensemble optimization with tight thresholds
 -------------------------------------------
 Optimizing all 53 structures from file "crest_rotamers_2.xyz" ...
 1 2 3 4 5 6 7 8 9 10 11 12 13 14 15 16 17 18 19 20 21 22 23 24 25 26 27 28 29 30 31 32 33 34 35 36 37 38 39 40 41 42 43 44 45 46 47 48 49 50 51 52 53
 done.
 running RMSDs...
 done.
 E lowest :    -2.40317
 42 structures remain within    50.00 kcal/mol window
 
 running RMSDs...
 done.
 E lowest :    -2.40317
 
 Static MTD simulation iteration 1 finished
 A total of 6 conformers (+ 0.00%) in crest_conformers.xyz
 S(approx.) =    2.087171 cal/molK (dS =21.79%)
 Convergence w.r.t. conformers:  T
 Convergence w.r.t. entropy   :  F
 
 
******************************************************************************************
**                          I T E R A T I O N    C Y C L E      2                       **
******************************************************************************************
 ---------------------------
 determining bias structures
 ---------------------------
 There are not enough descriptors for a PCA!
 Taking all structures as representative and writing crest_clustered.xyz
 6 structures were selected
 done.

 -------------------------------
 determining MTD seed structures
 -------------------------------
 There are not enough descriptors for a PCA!
 Taking all structures as representative and writing crest_clustered.xyz
 6 structures were selected
 done.

-----------------------------------------------
Additional static MTDs on lowest 6 conformer(s)
-----------------------------------------------
Starting MTD   1 with the settings:
     MD time /ps        :     1.5
     MD Temperature /K  :   600.0
     dt /fs             :     1.5
     dumpstep(trj) /fs  :     100
     Vbias factor k /Eh :  0.0005
     Vbias exp α /bohr⁻²:    1.00
Starting MTD   2 with the settings:
     MD time /ps        :     1.5
     MD Temperature /K  :   600.0
     dt /fs             :     1.5
     dumpstep(trj) /fs  :     100
     Vbias factor k /Eh :  0.0013
     Vbias exp α /bohr⁻²:    1.00
Starting MTD   3 with the settings:
     MD time /ps        :     1.5
     MD Temperature /K  :   600.0
     dt /fs             :     1.5
     dumpstep(trj) /fs  :     100
     Vbias factor k /Eh :  0.0005
     Vbias exp α /bohr⁻²:    1.00
Starting MTD   4 with the settings:
     MD time /ps        :     1.5
     MD Temperature /K  :   600.0
     dt /fs             :     1.5
     dumpstep(trj) /fs  :     100
     Vbias factor k /Eh :  0.0013
     Vbias exp α /bohr⁻²:    1.00
Starting MTD   5 with the settings:
     MD time /ps        :     1.5
     MD Temperature /K  :   600.0
     dt /fs             :     1.5
     dumpstep(trj) /fs  :     100
     Vbias factor k /Eh :  0.0005
     Vbias exp α /bohr⁻²:    1.00
Starting MTD  12 with the settings:
     MD time /ps        :     1.5
     MD Temperature /K  :   600.0
     dt /fs             :     1.5
     dumpstep(trj) /fs  :     100
     Vbias factor k /Eh :  0.0013
     Vbias exp α /bohr⁻²:    1.00
*static MTD 5 finished*
*static MTD 1 finished*
Starting MTD   6 with the settings:
     MD time /ps        :     1.5
     MD Temperature /K  :   600.0
     dt /fs             :     1.5
     dumpstep(trj) /fs  :     100
     Vbias factor k /Eh :  0.0013
     Vbias exp α /bohr⁻²:    1.00
Starting MTD   7 with the settings:
     MD time /ps        :     1.5
     MD Temperature /K  :   600.0
     dt /fs             :     1.5
     dumpstep(trj) /fs  :     100
     Vbias factor k /Eh :  0.0005
     Vbias exp α /bohr⁻²:    1.00
*static MTD 4 finished*
Starting MTD   8 with the settings:
     MD time /ps        :     1.5
     MD Temperature /K  :   600.0
     dt /fs             :     1.5
     dumpstep(trj) /fs  :     100
     Vbias factor k /Eh :  0.0013
     Vbias exp α /bohr⁻²:    1.00
*static MTD 2 finished*
Starting MTD   9 with the settings:
     MD time /ps        :     1.5
     MD Temperature /K  :   600.0
     dt /fs             :     1.5
     dumpstep(trj) /fs  :     100
     Vbias factor k /Eh :  0.0005
     Vbias exp α /bohr⁻²:    1.00
*static MTD 12 finished*
Starting MTD  11 with the settings:
     MD time /ps        :     1.5
     MD Temperature /K  :   600.0
     dt /fs             :     1.5
     dumpstep(trj) /fs  :     100
     Vbias factor k /Eh :  0.0005
     Vbias exp α /bohr⁻²:    1.00
*static MTD 3 finished*
Starting MTD  10 with the settings:
     MD time /ps        :     1.5
     MD Temperature /K  :   600.0
     dt /fs             :     1.5
     dumpstep(trj) /fs  :     100
     Vbias factor k /Eh :  0.0013
     Vbias exp α /bohr⁻²:    1.00
*static MTD 6 finished*
*static MTD 7 finished*
*static MTD 8 finished*
*static MTD 10 finished*
*static MTD 9 finished*
*static MTD 11 finished*
 Appending file crest_rotamers_0.xyz with new structures
 
 -------------------------------------------
 Ensemble optimization with loose thresholds
 -------------------------------------------
 Optimizing all 180 structures from file "crest_rotamers_0.xyz" ...
 1 2 3 4 5 6 7 8 9 10 11 12 13 14 15 16 17 18 19 20 21 22 23 24 25 26 27 28 29 30 31 32 33 34 35 36 37 38 39 40 41 42 43 44 45 46 47 48 49 50 51 52 53 54 55 56 57 58 59 60 61 62 63 64 65 66 67 68 69 70 71 72 73 74 75 76 77 78 79 80 81 82 83 84 85 86 87 88 89 90 91 92 93 94 95 96 97 98 99 100 101 102 103 104 105 106 107 108 109 110 111 112 113 114 115 116 117 118 119 120 121 122 123 124 125 126 127 128 129 130 131 132 133 134 135 136 137 138 139 140 141 142 143 144 145 146 147 148 149 150 151 152 153 154 155 156 157 158 159 160 161 162 163 164 165 166 167 168 169 170 171 172 173 174 175 176 177 178 179 180
 done.
 running RMSDs...
 done.
 E lowest :    -2.40314
 89 structures remain within    83.00 kcal/mol window
 
 -------------------------------------------
 Ensemble optimization with tight thresholds
 -------------------------------------------
 Optimizing all 89 structures from file "crest_rotamers_2.xyz" ...
 1 2 3 4 5 6 7 8 9 10 11 12 13 14 15 16 17 18 19 20 21 22 23 24 25 26 27 28 29 30 31 32 33 34 35 36 37 38 39 40 41 42 43 44 45 46 47 48 49 50 51 52 53 54 55 56 57 58 59 60 61 62 63 64 65 66 67 68 69 70 71 72 73 74 75 76 77 78 79 80 81 82 83 84 85 86 87 88 89
 done.
 running RMSDs...
 done.
 E lowest :    -2.40317
 59 structures remain within    50.00 kcal/mol window
 
 running RMSDs...
 done.
 E lowest :    -2.40317
 
 Static MTD simulation iteration 2 finished
 A total of 7 conformers (+14.29%) in crest_conformers.xyz
 S(approx.) =    2.137566 cal/molK (dS = 2.36%)
 Convergence w.r.t. conformers:  F
 Convergence w.r.t. entropy   :  F
 
 
******************************************************************************************
**                          I T E R A T I O N    C Y C L E      3                       **
******************************************************************************************
 ---------------------------
 determining bias structures
 ---------------------------
 There are not enough descriptors for a PCA!
 Taking all structures as representative and writing crest_clustered.xyz
 7 structures were selected
 done.

 -------------------------------
 determining MTD seed structures
 -------------------------------
 There are not enough descriptors for a PCA!
 Taking all structures as representative and writing crest_clustered.xyz
 7 structures were selected
 done.

-----------------------------------------------
Additional static MTDs on lowest 7 conformer(s)
-----------------------------------------------
Starting MTD   1 with the settings:
     MD time /ps        :     1.5
     MD Temperature /K  :   600.0
     dt /fs             :     1.5
     dumpstep(trj) /fs  :     100
     Vbias factor k /Eh :  0.0005
     Vbias exp α /bohr⁻²:    1.00
Starting MTD   2 with the settings:
     MD time /ps        :     1.5
     MD Temperature /K  :   600.0
     dt /fs             :     1.5
     dumpstep(trj) /fs  :     100
     Vbias factor k /Eh :  0.0013
     Vbias exp α /bohr⁻²:    1.00
Starting MTD   3 with the settings:
     MD time /ps        :     1.5
     MD Temperature /K  :   600.0
     dt /fs             :     1.5
     dumpstep(trj) /fs  :     100
     Vbias factor k /Eh :  0.0005
     Vbias exp α /bohr⁻²:    1.00
Starting MTD   4 with the settings:
     MD time /ps        :     1.5
     MD Temperature /K  :   600.0
     dt /fs             :     1.5
     dumpstep(trj) /fs  :     100
     Vbias factor k /Eh :  0.0013
     Vbias exp α /bohr⁻²:    1.00
Starting MTD   5 with the settings:
     MD time /ps        :     1.5
     MD Temperature /K  :   600.0
     dt /fs             :     1.5
     dumpstep(trj) /fs  :     100
     Vbias factor k /Eh :  0.0005
     Vbias exp α /bohr⁻²:    1.00
Starting MTD   6 with the settings:
     MD time /ps        :     1.5
     MD Temperature /K  :   600.0
     dt /fs             :     1.5
     dumpstep(trj) /fs  :     100
     Vbias factor k /Eh :  0.0013
     Vbias exp α /bohr⁻²:    1.00
Starting MTD  14 with the settings:
     MD time /ps        :     1.5
     MD Temperature /K  :   600.0
     dt /fs             :     1.5
     dumpstep(trj) /fs  :     100
     Vbias factor k /Eh :  0.0013
     Vbias exp α /bohr⁻²:    1.00
*static MTD 1 finished*
Starting MTD   7 with the settings:
     MD time /ps        :     1.5
     MD Temperature /K  :   600.0
     dt /fs             :     1.5
     dumpstep(trj) /fs  :     100
     Vbias factor k /Eh :  0.0005
     Vbias exp α /bohr⁻²:    1.00
*static MTD 14 finished*
Starting MTD  13 with the settings:
     MD time /ps        :     1.5
     MD Temperature /K  :   600.0
     dt /fs             :     1.5
     dumpstep(trj) /fs  :     100
     Vbias factor k /Eh :  0.0005
     Vbias exp α /bohr⁻²:    1.00
*static MTD 2 finished*
*static MTD 4 finished*
Starting MTD   8 with the settings:
     MD time /ps        :     1.5
     MD Temperature /K  :   600.0
     dt /fs             :     1.5
     dumpstep(trj) /fs  :     100
     Vbias factor k /Eh :  0.0013
     Vbias exp α /bohr⁻²:    1.00
Starting MTD   9 with the settings:
     MD time /ps        :     1.5
     MD Temperature /K  :   600.0
     dt /fs             :     1.5
     dumpstep(trj) /fs  :     100
     Vbias factor k /Eh :  0.0005
     Vbias exp α /bohr⁻²:    1.00
*static MTD 6 finished*
Starting MTD  10 with the settings:
     MD time /ps        :     1.5
     MD Temperature /K  :   600.0
     dt /fs             :     1.5
     dumpstep(trj) /fs  :     100
     Vbias factor k /Eh :  0.0013
     Vbias exp α /bohr⁻²:    1.00
*static MTD 3 finished*
Starting MTD  11 with the settings:
     MD time /ps        :     1.5
     MD Temperature /K  :   600.0
     dt /fs             :     1.5
     dumpstep(trj) /fs  :     100
     Vbias factor k /Eh :  0.0005
     Vbias exp α /bohr⁻²:    1.00
*static MTD 13 finished*
Starting MTD  12 with the settings:
     MD time /ps        :     1.5
     MD Temperature /K  :   600.0
     dt /fs             :     1.5
     dumpstep(trj) /fs  :     100
     Vbias factor k /Eh :  0.0013
     Vbias exp α /bohr⁻²:    1.00
*static MTD 7 finished*
*static MTD 8 finished*
*static MTD 9 finished*
*static MTD 10 finished*
*static MTD 5 finished*
*static MTD 11 finished*
*static MTD 12 finished*
 Appending file crest_rotamers_0.xyz with new structures
 
 -------------------------------------------
 Ensemble optimization with loose thresholds
 -------------------------------------------
 Optimizing all 210 structures from file "crest_rotamers_0.xyz" ...
 1 2 3 4 5 6 7 8 9 10 11 12 13 14 15 16 17 18 19 20 21 22 23 24 25 26 27 28 29 30 31 32 33 34 35 36 37 38 39 40 41 42 43 44 45 46 47 48 49 50 51 52 53 54 55 56 57 58 59 60 61 62 63 64 65 66 67 68 69 70 71 72 73 74 75 76 77 78 79 80 81 82 83 84 85 86 87 88 89 90 91 92 93 94 95 96 97 98 99 100 101 102 103 104 105 106 107 108 109 110 111 112 113 114 115 116 117 118 119 120 121 122 123 124 125 126 127 128 129 130 131 132 133 134 135 136 137 138 139 140 141 142 143 144 145 146 147 148 149 150 151 152 153 154 155 156 157 158 159 160 161 162 163 164 165 166 167 168 169 170 171 172 173 174 175 176 177 178 179 180 181 182 183 184 185 186 187 188 189 190 191 192 193 194 195 196 197 198 199 200 201 202 203 204 205 206 207 208 209 210
 done.
 running RMSDs...
 done.
 E lowest :    -2.40316
 71 structures remain within    83.00 kcal/mol window
 
 -------------------------------------------
 Ensemble optimization with tight thresholds
 -------------------------------------------
 Optimizing all 71 structures from file "crest_rotamers_2.xyz" ...
 1 2 3 4 5 6 7 8 9 10 11 12 13 14 15 16 17 18 19 20 21 22 23 24 25 26 27 28 29 30 31 32 33 34 35 36 37 38 39 40 41 42 43 44 45 46 47 48 49 50 51 52 53 54 55 56 57 58 59 60 61 62 63 64 65 66 67 68 69 70 71
 done.
 running RMSDs...
 done.
 E lowest :    -2.40317
 43 structures remain within    50.00 kcal/mol window
 
 running RMSDs...
 done.
 E lowest :    -2.40317
 
 Static MTD simulation iteration 3 finished
 A total of 7 conformers (+ 0.00%) in crest_conformers.xyz
 S(approx.) =    2.137574 cal/molK (dS = 0.00%)
 Convergence w.r.t. conformers:  T
 Convergence w.r.t. entropy   :  T
 
 input  file name : crest_rotamers_4.xyz
 output file name : crest_rotamers_5.xyz
 number of atoms                :   17
 number of points on xyz files  :   137
 RMSD threshold                 :   0.1250
 Bconst threshold               :   0.0100
 population threshold           :   0.0500
 conformer energy window  /kcal :  50.0000
 # fragment in coord            :     1
 # bonds in reference structure :    16
 number of reliable points      :   137
 reference state Etot :  -2.40316994000000
 number of doubles removed by rot/RMSD         :          40
 total number unique points considered further :          97
       Erel/kcal        Etot weight/tot  conformer     set   degen     origin
       1   0.000    -2.40317    0.03367    0.30292       1       9     input
       2   0.000    -2.40317    0.03366                                mtd1
       3   0.000    -2.40317    0.03366                                mtd1
       4   0.000    -2.40317    0.03366                                mtd1
       5   0.000    -2.40317    0.03366                                mtd1
       6   0.000    -2.40317    0.03366                                mtd4
       7   0.000    -2.40317    0.03366                                mtd3
       8   0.000    -2.40317    0.03366                                mtd4
       9   0.000    -2.40317    0.03364                                smtd7
      10   0.468    -2.40242    0.01529    0.53493       2      35     mtd4
      11   0.468    -2.40242    0.01529                                mtd2
      12   0.468    -2.40242    0.01529                                mtd6
      13   0.468    -2.40242    0.01529                                mtd1
      14   0.468    -2.40242    0.01529                                mtd5
      15   0.468    -2.40242    0.01529                                mtd3
      16   0.468    -2.40242    0.01529                                mtd4
      17   0.468    -2.40242    0.01529                                mtd3
      18   0.468    -2.40242    0.01529                                mtd2
      19   0.468    -2.40242    0.01529                                mtd3
      20   0.468    -2.40242    0.01529                                mtd1
      21   0.468    -2.40242    0.01529                                mtd1
      22   0.468    -2.40242    0.01529                                mtd3
      23   0.468    -2.40242    0.01529                                mtd1
      24   0.468    -2.40242    0.01529                                mtd4
      25   0.468    -2.40242    0.01529                                mtd4
      26   0.468    -2.40242    0.01529                                mtd6
      27   0.468    -2.40242    0.01529                                mtd2
      28   0.468    -2.40242    0.01529                                mtd2
      29   0.468    -2.40242    0.01529                                mtd6
      30   0.468    -2.40242    0.01529                                mtd5
      31   0.468    -2.40242    0.01529                                mtd2
      32   0.468    -2.40242    0.01529                                mtd5
      33   0.468    -2.40242    0.01529                                mtd3
      34   0.468    -2.40242    0.01529                                smtd6
      35   0.468    -2.40242    0.01529                                mtd4
      36   0.468    -2.40242    0.01529                                mtd4
      37   0.468    -2.40242    0.01528                                mtd3
      38   0.468    -2.40242    0.01528                                mtd3
      39   0.469    -2.40242    0.01528                                mtd3
      40   0.469    -2.40242    0.01528                                mtd3
      41   0.469    -2.40242    0.01525                                smtd6
      42   0.470    -2.40242    0.01525                                smtd13
      43   0.470    -2.40242    0.01525                                smtd12
      44   0.470    -2.40242    0.01523                                smtd1
      45   0.829    -2.40185    0.00833    0.14133       3      17     smtd8
      46   0.829    -2.40185    0.00833                                mtd4
      47   0.829    -2.40185    0.00832                                mtd3
      48   0.829    -2.40185    0.00832                                mtd5
      49   0.829    -2.40185    0.00832                                mtd3
      50   0.829    -2.40185    0.00832                                smtd6
      51   0.829    -2.40185    0.00832                                mtd4
      52   0.829    -2.40185    0.00832                                mtd5
      53   0.829    -2.40185    0.00832                                smtd6
      54   0.829    -2.40185    0.00832                                smtd7
      55   0.829    -2.40185    0.00832                                mtd2
      56   0.829    -2.40185    0.00831                                mtd1
      57   0.830    -2.40185    0.00831                                mtd1
      58   0.830    -2.40185    0.00831                                smtd6
      59   0.831    -2.40185    0.00830                                mtd4
      60   0.831    -2.40185    0.00829                                mtd2
      61   0.833    -2.40184    0.00827                                smtd3
      62   2.358    -2.39941    0.00063    0.01829       4      29     mtd5
      63   2.358    -2.39941    0.00063                                mtd4
      64   2.358    -2.39941    0.00063                                mtd6
      65   2.358    -2.39941    0.00063                                mtd4
      66   2.358    -2.39941    0.00063                                smtd8
      67   2.358    -2.39941    0.00063                                smtd11
      68   2.358    -2.39941    0.00063                                smtd12
      69   2.358    -2.39941    0.00063                                smtd10
      70   2.358    -2.39941    0.00063                                mtd4
      71   2.358    -2.39941    0.00063                                mtd3
      72   2.358    -2.39941    0.00063                                mtd4
      73   2.358    -2.39941    0.00063                                smtd4
      74   2.358    -2.39941    0.00063                                smtd6
      75   2.359    -2.39941    0.00063                                smtd9
      76   2.359    -2.39941    0.00063                                mtd5
      77   2.359    -2.39941    0.00063                                smtd6
      78   2.359    -2.39941    0.00063                                smtd6
      79   2.359    -2.39941    0.00063                                smtd7
      80   2.359    -2.39941    0.00063                                mtd1
      81   2.359    -2.39941    0.00063                                smtd10
      82   2.359    -2.39941    0.00063                                mtd3
      83   2.359    -2.39941    0.00063                                smtd11
      84   2.359    -2.39941    0.00063                                smtd5
      85   2.359    -2.39941    0.00063                                smtd9
      86   2.359    -2.39941    0.00063                                smtd7
      87   2.359    -2.39941    0.00063                                smtd11
      88   2.359    -2.39941    0.00063                                smtd10
      89   2.359    -2.39941    0.00063                                smtd7
      90   2.360    -2.39941    0.00063                                smtd6
      91   2.562    -2.39909    0.00045    0.00178       5       4     smtd12
      92   2.564    -2.39908    0.00045                                smtd11
      93   2.564    -2.39908    0.00045                                smtd10
      94   2.566    -2.39908    0.00044                                mtd5
      95   2.839    -2.39865    0.00028    0.00056       6       2     smtd1
      96   2.840    -2.39864    0.00028                                smtd10
      97   3.088    -2.39825    0.00018    0.00018       7       1     smtd3
T /K                                  :   298.15
E lowest                              :    -2.40317
ensemble average energy (kcal)        :    0.418
ensemble entropy (J/mol K, cal/mol K) :   34.052    8.139
ensemble free energy (kcal/mol)       :   -2.427
population of lowest in %             :   30.292
 number of unique conformers for further calc            7
 list of relative energies saved as "crest.energies"
 compare nuclear equivalencies ...
::::::::::: conformer group all :::::::::::
 chemical equivalencies (mag.active nuclei):
reference atom   6 # : 6
reference atom   9 # : 4
reference atom  11 # : 2
 magnetic equivalencies:
reference atom   6 # : 3
reference atom  15 # : 3
 
 -----------------
 Wall Time Summary
 -----------------
             test MD wall time :         0h : 0m : 0s
                 MTD wall time :         0h : 0m : 1s
      multilevel OPT wall time :         0h : 0m :35s
          static MTD wall time :         0h : 0m : 3s
--------------------
Overall wall time  : 0h : 0m :41s
 
 CREST terminated normally.
