 
       ==============================================
       |                                            |
       |                 C R E S T                  |
       |                                            |
       |  Conformer-Rotamer Ensemble Sampling Tool  |
       |          based on the GFN methods          |
       |             P.Pracht, S.Grimme             |
       |          Universitaet Bonn, MCTC           |
       ==============================================
       Version 2.11, Tue 9. Feb 11:37:45 CEST 2021
  Using the xTB program. Compatible with xTB version 6.4.0
 
   Cite work conducted with this code as

   P. Pracht, F. Bohle, S. Grimme, PCCP, 2020, 22, 7169-7192.

   and  S. Grimme, JCTC, 2019, 15, 2847-2862.
 
   with help from:
   F.Bohle, S.Ehlert, S.Grimme, P.Pracht
 
   This program is distributed in the hope that it will be useful,
   but WITHOUT ANY WARRANTY; without even the implied warranty of
   MERCHANTABILITY or FITNESS FOR A PARTICULAR PURPOSE.

 Command line input:
 > crest cis-CC=CC.xyz -gfnff -v4 -quick -ewin 50 -T 8 -chrg 0 -uhf 0

  -v4 : iMTD-sMTD
  -gfnff : Use of GFN-FF requested.
  -ewin 50
  -T 8 (CPUs/Threads selected)
  -chrg 0
  -uhf 0
 
 -------------------------
 xTB Geometry Optimization
 -------------------------
 Geometry successfully optimized.
 
------------------------------------------------
Generating MTD length from a flexibility measure
------------------------------------------------
 Calculating WBOs... done.
 Calculating NCI flexibility... done.
     covalent flexibility measure :   0.144
 non-covalent flexibility measure :   0.880
 flexibility measure :   0.239
 t(MTD) / ps    :     2.5
 Σ(t(MTD)) / ps :    15.0 (6 MTDs)
 
-------------------------------------
Starting a trial MTD to test settings
-------------------------------------
 Estimated runtime for one MTD (2.5 ps) on a single thread: 1 sec
 Estimated runtime for a batch of 6 MTDs on 8 threads: 1 sec
 
 list of Vbias parameters applied:
$metadyn    0.00200   1.200
$metadyn    0.00100   1.200
$metadyn    0.00200   0.600
$metadyn    0.00100   0.600
$metadyn    0.00200   0.300
$metadyn    0.00100   0.300
 
*******************************************************************************************
**                        N E W    I T E R A T I O N    C Y C L E                        **
*******************************************************************************************
 
========================================
            MTD Iteration  1
========================================
 
     ========================================
     |         Meta-MD (MTD) Sampling       |
     ========================================
 
Starting Meta-MD   1 with the settings:
     MD time /ps        :     2.5
     dt /fs             :     1.5
     dumpstep(trj) /fs  :     100
     dumpstep(Vbias)/ps :     1.0
     Vbias factor k /Eh :  0.0240
     Vbias exp α /bohr⁻²:    1.20
Starting Meta-MD   2 with the settings:
     MD time /ps        :     2.5
     dt /fs             :     1.5
     dumpstep(trj) /fs  :     100
     dumpstep(Vbias)/ps :     1.0
     Vbias factor k /Eh :  0.0120
     Vbias exp α /bohr⁻²:    1.20
Starting Meta-MD   3 with the settings:
     MD time /ps        :     2.5
     dt /fs             :     1.5
     dumpstep(trj) /fs  :     100
     dumpstep(Vbias)/ps :     1.0
     Vbias factor k /Eh :  0.0240
     Vbias exp α /bohr⁻²:    0.60
Starting Meta-MD   4 with the settings:
     MD time /ps        :     2.5
     dt /fs             :     1.5
     dumpstep(trj) /fs  :     100
     dumpstep(Vbias)/ps :     1.0
     Vbias factor k /Eh :  0.0120
     Vbias exp α /bohr⁻²:    0.60
Starting Meta-MD   5 with the settings:
     MD time /ps        :     2.5
     dt /fs             :     1.5
     dumpstep(trj) /fs  :     100
     dumpstep(Vbias)/ps :     1.0
     Vbias factor k /Eh :  0.0240
     Vbias exp α /bohr⁻²:    0.30
Starting Meta-MD   6 with the settings:
     MD time /ps        :     2.5
     dt /fs             :     1.5
     dumpstep(trj) /fs  :     100
     dumpstep(Vbias)/ps :     1.0
     Vbias factor k /Eh :  0.0120
     Vbias exp α /bohr⁻²:    0.30
*Meta-MTD 2 finished*
*Meta-MTD 4 finished*
*Meta-MTD 1 finished*
*Meta-MTD 3 finished*
*Meta-MTD 5 finished*
*Meta-MTD 6 finished*
 
-----------------------
Multilevel Optimization
-----------------------
 
 -------------------------
 1. crude pre-optimization
 -------------------------
 Optimizing all 150 structures from file "crest_rotamers_0.xyz" ...
 1 2 3 4 5 6 7 8 9 10 11 12 13 14 15 16 17 18 19 20 21 22 23 24 25 26 27 28 29 30 31 32 33 34 35 36 37 38 39 40 41 42 43 44 45 46 47 48 49 50 51 52 53 54 55 56 57 58 59 60 61 62 63 64 65 66 67 68 69 70 71 72 73 74 75 76 77 78 79 80 81 82 83 84 85 86 87 88 89 90 91 92 93 94 95 96 97 98 99 100 101 102 103 104 105 106 107 108 109 110 111 112 113 114 115 116 117 118 119 120 121 122 123 124 125 126 127 128 129 130 131 132 133 134 135 136 137 138 139 140 141 142 143 144 145 146 147 148 149 150
 done.
 running RMSDs...
 done.
 E lowest :    -1.84506
 99 structures remain within   100.00 kcal/mol window
 
 -------------------------------------
 2. optimization with tight thresholds
 -------------------------------------
 Optimizing all 100 structures from file "crest_rotamers_1.xyz" ...
 1 2 3 4 5 6 7 8 9 10 11 12 13 14 15 16 17 18 19 20 21 22 23 24 25 26 27 28 29 30 31 32 33 34 35 36 37 38 39 40 41 42 43 44 45 46 47 48 49 50 51 52 53 54 55 56 57 58 59 60 61 62 63 64 65 66 67 68 69 70 71 72 73 74 75 76 77 78 79 80 81 82 83 84 85 86 87 88 89 90 91 92 93 94 95 96 97 98 99 100
 done.
 running RMSDs...
 done.
 E lowest :    -1.84511
 10 structures remain within    50.00 kcal/mol window
 
 
========================================
            MTD Iteration  2
========================================
 
     ========================================
     |         Meta-MD (MTD) Sampling       |
     ========================================
 
Starting Meta-MD   1 with the settings:
     MD time /ps        :     2.5
     dt /fs             :     1.5
     dumpstep(trj) /fs  :     100
     dumpstep(Vbias)/ps :     1.0
     Vbias factor k /Eh :  0.0240
     Vbias exp α /bohr⁻²:    1.20
Starting Meta-MD   2 with the settings:
     MD time /ps        :     2.5
     dt /fs             :     1.5
     dumpstep(trj) /fs  :     100
     dumpstep(Vbias)/ps :     1.0
     Vbias factor k /Eh :  0.0120
     Vbias exp α /bohr⁻²:    1.20
Starting Meta-MD   3 with the settings:
     MD time /ps        :     2.5
     dt /fs             :     1.5
     dumpstep(trj) /fs  :     100
     dumpstep(Vbias)/ps :     1.0
     Vbias factor k /Eh :  0.0240
     Vbias exp α /bohr⁻²:    0.60
Starting Meta-MD   4 with the settings:
     MD time /ps        :     2.5
     dt /fs             :     1.5
     dumpstep(trj) /fs  :     100
     dumpstep(Vbias)/ps :     1.0
     Vbias factor k /Eh :  0.0120
     Vbias exp α /bohr⁻²:    0.60
*Meta-MTD 2 finished*
*Meta-MTD 3 finished*
*Meta-MTD 1 finished*
*Meta-MTD 4 finished*
 
-----------------------
Multilevel Optimization
-----------------------
 
 -------------------------
 1. crude pre-optimization
 -------------------------
 Optimizing all 100 structures from file "crest_rotamers_0.xyz" ...
 1 2 3 4 5 6 7 8 9 10 11 12 13 14 15 16 17 18 19 20 21 22 23 24 25 26 27 28 29 30 31 32 33 34 35 36 37 38 39 40 41 42 43 44 45 46 47 48 49 50 51 52 53 54 55 56 57 58 59 60 61 62 63 64 65 66 67 68 69 70 71 72 73 74 75 76 77 78 79 80 81 82 83 84 85 86 87 88 89 90 91 92 93 94 95 96 97 98 99 100
 done.
 running RMSDs...
 done.
 E lowest :    -1.84498
 69 structures remain within   100.00 kcal/mol window
 
 -------------------------------------
 2. optimization with tight thresholds
 -------------------------------------
 Optimizing all 70 structures from file "crest_rotamers_1.xyz" ...
 1 2 3 4 5 6 7 8 9 10 11 12 13 14 15 16 17 18 19 20 21 22 23 24 25 26 27 28 29 30 31 32 33 34 35 36 37 38 39 40 41 42 43 44 45 46 47 48 49 50 51 52 53 54 55 56 57 58 59 60 61 62 63 64 65 66 67 68 69 70
 done.
 running RMSDs...
 done.
 E lowest :    -1.84511
 13 structures remain within    50.00 kcal/mol window
 
========================================
            MTD Iterations done         
========================================
 Collecting ensmbles.
 running RMSDs...
 done.
 E lowest :    -1.84511
 14 structures remain within    50.00 kcal/mol window
 
WARNING: These symmetry elements match no point group I know of. Sorry.
Trying fallback mode to highest recognized Axis...
     H(298.15K)-H(0) (conf)      0.088548
                   Cp(conf)      0.253685
                    S(conf)      5.040448
 
******************************************************************************************
**                          I T E R A T I O N    C Y C L E      1                       **
******************************************************************************************
 ---------------------------
 determining bias structures
 ---------------------------
 There are not enough descriptors for a PCA!
 Taking all structures as representative and writing crest_clustered.xyz
 3 structures were selected
 done.

 -------------------------------
 determining MTD seed structures
 -------------------------------
 There are not enough descriptors for a PCA!
 Taking all structures as representative and writing crest_clustered.xyz
 3 structures were selected
 done.

-----------------------------------------------
Additional static MTDs on lowest 3 conformer(s)
-----------------------------------------------
Starting MTD   1 with the settings:
     MD time /ps        :     1.2
     MD Temperature /K  :   600.0
     dt /fs             :     1.5
     dumpstep(trj) /fs  :     100
     Vbias factor k /Eh :  0.0004
     Vbias exp α /bohr⁻²:    1.00
Starting MTD   2 with the settings:
     MD time /ps        :     1.2
     MD Temperature /K  :   600.0
     dt /fs             :     1.5
     dumpstep(trj) /fs  :     100
     Vbias factor k /Eh :  0.0010
     Vbias exp α /bohr⁻²:    1.00
Starting MTD   6 with the settings:
     MD time /ps        :     1.2
     MD Temperature /K  :   600.0
     dt /fs             :     1.5
     dumpstep(trj) /fs  :     100
     Vbias factor k /Eh :  0.0010
     Vbias exp α /bohr⁻²:    1.00
*static MTD 6 finished*
Starting MTD   5 with the settings:
     MD time /ps        :     1.2
     MD Temperature /K  :   600.0
     dt /fs             :     1.5
     dumpstep(trj) /fs  :     100
     Vbias factor k /Eh :  0.0004
     Vbias exp α /bohr⁻²:    1.00
*static MTD 2 finished*
Starting MTD   3 with the settings:
     MD time /ps        :     1.2
     MD Temperature /K  :   600.0
     dt /fs             :     1.5
     dumpstep(trj) /fs  :     100
     Vbias factor k /Eh :  0.0004
     Vbias exp α /bohr⁻²:    1.00
*static MTD 1 finished*
Starting MTD   4 with the settings:
     MD time /ps        :     1.2
     MD Temperature /K  :   600.0
     dt /fs             :     1.5
     dumpstep(trj) /fs  :     100
     Vbias factor k /Eh :  0.0010
     Vbias exp α /bohr⁻²:    1.00
*static MTD 5 finished*
*static MTD 3 finished*
*static MTD 4 finished*
 Appending file crest_rotamers_0.xyz with new structures
 
 -------------------------------------------
 Ensemble optimization with loose thresholds
 -------------------------------------------
 Optimizing all 72 structures from file "crest_rotamers_0.xyz" ...
 1 2 3 4 5 6 7 8 9 10 11 12 13 14 15 16 17 18 19 20 21 22 23 24 25 26 27 28 29 30 31 32 33 34 35 36 37 38 39 40 41 42 43 44 45 46 47 48 49 50 51 52 53 54 55 56 57 58 59 60 61 62 63 64 65 66 67 68 69 70 71 72
 done.
 running RMSDs...
 done.
 E lowest :    -1.84509
 45 structures remain within    83.00 kcal/mol window
 
 -------------------------------------------
 Ensemble optimization with tight thresholds
 -------------------------------------------
 Optimizing all 45 structures from file "crest_rotamers_2.xyz" ...
 1 2 3 4 5 6 7 8 9 10 11 12 13 14 15 16 17 18 19 20 21 22 23 24 25 26 27 28 29 30 31 32 33 34 35 36 37 38 39 40 41 42 43 44 45
 done.
 running RMSDs...
 done.
 E lowest :    -1.84510
 9 structures remain within    50.00 kcal/mol window
 
 running RMSDs...
 done.
 E lowest :    -1.84511
 
 Static MTD simulation iteration 1 finished
 A total of 3 conformers (+ 0.00%) in crest_conformers.xyz
 S(approx.) =    1.552374 cal/molK (dS = 0.00%)
 Convergence w.r.t. conformers:  T
 Convergence w.r.t. entropy   :  T
 
 input  file name : crest_rotamers_4.xyz
 output file name : crest_rotamers_5.xyz
 number of atoms                :   12
 number of points on xyz files  :   23
 RMSD threshold                 :   0.1250
 Bconst threshold               :   0.0100
 population threshold           :   0.0500
 conformer energy window  /kcal :  50.0000
 # fragment in coord            :     1
 # bonds in reference structure :    11
   => # of C=C bonds :     1
 number of reliable points      :    23
 reference state Etot :  -1.84510504000000
 number of doubles removed by rot/RMSD         :           9
 total number unique points considered further :          14
       Erel/kcal        Etot weight/tot  conformer     set   degen     origin
       1   0.000    -1.84511    0.09189    0.82672       1       9     input
       2   0.000    -1.84511    0.09189                                mtd6
       3   0.000    -1.84510    0.09187                                smtd5
       4   0.000    -1.84510    0.09186                                mtd2
       5   0.000    -1.84510    0.09186                                mtd4
       6   0.000    -1.84510    0.09185                                mtd5
       7   0.000    -1.84510    0.09183                                mtd2
       8   0.000    -1.84510    0.09183                                smtd4
       9   0.000    -1.84510    0.09183                                mtd4
      10   0.466    -1.84436    0.04188    0.16673       2       4     mtd3
      11   0.467    -1.84436    0.04179                                mtd1
      12   0.471    -1.84435    0.04153                                mtd2
      13   0.471    -1.84435    0.04152                                mtd3
      14   1.566    -1.84261    0.00655    0.00655       3       1     input
T /K                                  :   298.15
E lowest                              :    -1.84511
ensemble average energy (kcal)        :    0.089
ensemble entropy (J/mol K, cal/mol K) :   21.090    5.041
ensemble free energy (kcal/mol)       :   -1.503
population of lowest in %             :   82.672
 number of unique conformers for further calc            3
 list of relative energies saved as "crest.energies"
 compare nuclear equivalencies ...
::::::::::: conformer group all :::::::::::
 chemical equivalencies (mag.active nuclei):
reference atom   5 # : 6
reference atom   8 # : 2
 magnetic equivalencies:
reference atom   5 # : 3
reference atom  10 # : 3
 
 -----------------
 Wall Time Summary
 -----------------
             test MD wall time :         0h : 0m : 0s
                 MTD wall time :         0h : 0m : 0s
      multilevel OPT wall time :         0h : 0m : 5s
          static MTD wall time :         0h : 0m : 0s
--------------------
Overall wall time  : 0h : 0m : 6s
 
 CREST terminated normally.
